[2025-06-16T08:23:06.176+0000] {local_task_job_runner.py:120} INFO - ::group::Pre task execution logs
[2025-06-16T08:23:06.232+0000] {taskinstance.py:2076} INFO - Dependencies all met for dep_context=non-requeueable deps ti=<TaskInstance: dag_04_processamento_spark_seguro_v1.submeter_job_spark_seguro manual__2025-06-16T08:23:00.556486+00:00 [queued]>
[2025-06-16T08:23:06.244+0000] {taskinstance.py:2076} INFO - Dependencies all met for dep_context=requeueable deps ti=<TaskInstance: dag_04_processamento_spark_seguro_v1.submeter_job_spark_seguro manual__2025-06-16T08:23:00.556486+00:00 [queued]>
[2025-06-16T08:23:06.246+0000] {taskinstance.py:2306} INFO - Starting attempt 1 of 1
[2025-06-16T08:23:06.263+0000] {taskinstance.py:2330} INFO - Executing <Task(BashOperator): submeter_job_spark_seguro> on 2025-06-16 08:23:00.556486+00:00
[2025-06-16T08:23:06.272+0000] {standard_task_runner.py:63} INFO - Started process 301 to run task
[2025-06-16T08:23:06.279+0000] {standard_task_runner.py:90} INFO - Running: ['airflow', 'tasks', 'run', 'dag_04_processamento_spark_seguro_v1', 'submeter_job_spark_seguro', 'manual__2025-06-16T08:23:00.556486+00:00', '--job-id', '3', '--raw', '--subdir', 'DAGS_FOLDER/dag_04_processamento_spark_seguro_v1.py', '--cfg-path', '/tmp/tmpq2mzl433']
[2025-06-16T08:23:06.284+0000] {standard_task_runner.py:91} INFO - Job 3: Subtask submeter_job_spark_seguro
[2025-06-16T08:23:06.401+0000] {task_command.py:426} INFO - Running <TaskInstance: dag_04_processamento_spark_seguro_v1.submeter_job_spark_seguro manual__2025-06-16T08:23:00.556486+00:00 [running]> on host dd31bc91f18b
[2025-06-16T08:23:06.563+0000] {taskinstance.py:2648} INFO - Exporting env vars: AIRFLOW_CTX_DAG_OWNER='airflow' AIRFLOW_CTX_DAG_ID='dag_04_processamento_spark_seguro_v1' AIRFLOW_CTX_TASK_ID='submeter_job_spark_seguro' AIRFLOW_CTX_EXECUTION_DATE='2025-06-16T08:23:00.556486+00:00' AIRFLOW_CTX_TRY_NUMBER='1' AIRFLOW_CTX_DAG_RUN_ID='manual__2025-06-16T08:23:00.556486+00:00'
[2025-06-16T08:23:06.564+0000] {taskinstance.py:430} INFO - ::endgroup::
[2025-06-16T08:23:06.587+0000] {subprocess.py:63} INFO - Tmp dir root location: /tmp
[2025-06-16T08:23:06.589+0000] {subprocess.py:75} INFO - Running command: ['/usr/bin/bash', '-c', 'python /opt/airflow/scripts/examples/12-processa_vendas.py']
[2025-06-16T08:23:06.605+0000] {subprocess.py:86} INFO - Output:
[2025-06-16T08:23:08.116+0000] {subprocess.py:93} INFO - 2025-06-16 08:23:08,116 - INFO - === Iniciando Pipeline de Processamento de Vendas ===
[2025-06-16T08:23:08.118+0000] {subprocess.py:93} INFO - 2025-06-16 08:23:08,116 - INFO - Iniciando a sessão Spark...
[2025-06-16T08:23:08.167+0000] {subprocess.py:93} INFO - JAVA_HOME is not set
[2025-06-16T08:23:08.247+0000] {subprocess.py:93} INFO - Traceback (most recent call last):
[2025-06-16T08:23:08.248+0000] {subprocess.py:93} INFO -   File "/opt/airflow/scripts/examples/12-processa_vendas.py", line 130, in <module>
[2025-06-16T08:23:08.255+0000] {subprocess.py:93} INFO -     main()
[2025-06-16T08:23:08.256+0000] {subprocess.py:93} INFO -   File "/opt/airflow/scripts/examples/12-processa_vendas.py", line 60, in main
[2025-06-16T08:23:08.262+0000] {subprocess.py:93} INFO -     .getOrCreate()
[2025-06-16T08:23:08.263+0000] {subprocess.py:93} INFO -      ^^^^^^^^^^^^^
[2025-06-16T08:23:08.264+0000] {subprocess.py:93} INFO -   File "/home/airflow/.local/lib/python3.11/site-packages/pyspark/sql/session.py", line 556, in getOrCreate
[2025-06-16T08:23:08.265+0000] {subprocess.py:93} INFO -     sc = SparkContext.getOrCreate(sparkConf)
[2025-06-16T08:23:08.266+0000] {subprocess.py:93} INFO -          ^^^^^^^^^^^^^^^^^^^^^^^^^^^^^^^^^^^
[2025-06-16T08:23:08.266+0000] {subprocess.py:93} INFO -   File "/home/airflow/.local/lib/python3.11/site-packages/pyspark/core/context.py", line 523, in getOrCreate
[2025-06-16T08:23:08.267+0000] {subprocess.py:93} INFO -     SparkContext(conf=conf or SparkConf())
[2025-06-16T08:23:08.269+0000] {subprocess.py:93} INFO -   File "/home/airflow/.local/lib/python3.11/site-packages/pyspark/core/context.py", line 205, in __init__
[2025-06-16T08:23:08.271+0000] {subprocess.py:93} INFO -     SparkContext._ensure_initialized(self, gateway=gateway, conf=conf)
[2025-06-16T08:23:08.271+0000] {subprocess.py:93} INFO -   File "/home/airflow/.local/lib/python3.11/site-packages/pyspark/core/context.py", line 444, in _ensure_initialized
[2025-06-16T08:23:08.272+0000] {subprocess.py:93} INFO -     SparkContext._gateway = gateway or launch_gateway(conf)
[2025-06-16T08:23:08.273+0000] {subprocess.py:93} INFO -                                        ^^^^^^^^^^^^^^^^^^^^
[2025-06-16T08:23:08.274+0000] {subprocess.py:93} INFO -   File "/home/airflow/.local/lib/python3.11/site-packages/pyspark/java_gateway.py", line 111, in launch_gateway
[2025-06-16T08:23:08.275+0000] {subprocess.py:93} INFO -     raise PySparkRuntimeError(
[2025-06-16T08:23:08.276+0000] {subprocess.py:93} INFO - pyspark.errors.exceptions.base.PySparkRuntimeError: [JAVA_GATEWAY_EXITED] Java gateway process exited before sending its port number.
[2025-06-16T08:23:08.410+0000] {subprocess.py:97} INFO - Command exited with return code 1
[2025-06-16T08:23:08.411+0000] {taskinstance.py:441} INFO - ::group::Post task execution logs
[2025-06-16T08:23:08.436+0000] {taskinstance.py:2905} ERROR - Task failed with exception
Traceback (most recent call last):
  File "/home/airflow/.local/lib/python3.11/site-packages/airflow/models/taskinstance.py", line 465, in _execute_task
    result = _execute_callable(context=context, **execute_callable_kwargs)
             ^^^^^^^^^^^^^^^^^^^^^^^^^^^^^^^^^^^^^^^^^^^^^^^^^^^^^^^^^^^^^
  File "/home/airflow/.local/lib/python3.11/site-packages/airflow/models/taskinstance.py", line 432, in _execute_callable
    return execute_callable(context=context, **execute_callable_kwargs)
           ^^^^^^^^^^^^^^^^^^^^^^^^^^^^^^^^^^^^^^^^^^^^^^^^^^^^^^^^^^^^
  File "/home/airflow/.local/lib/python3.11/site-packages/airflow/models/baseoperator.py", line 401, in wrapper
    return func(self, *args, **kwargs)
           ^^^^^^^^^^^^^^^^^^^^^^^^^^^
  File "/home/airflow/.local/lib/python3.11/site-packages/airflow/operators/bash.py", line 243, in execute
    raise AirflowException(
airflow.exceptions.AirflowException: Bash command failed. The command returned a non-zero exit code 1.
[2025-06-16T08:23:08.443+0000] {taskinstance.py:1206} INFO - Marking task as FAILED. dag_id=dag_04_processamento_spark_seguro_v1, task_id=submeter_job_spark_seguro, run_id=manual__2025-06-16T08:23:00.556486+00:00, execution_date=20250616T082300, start_date=20250616T082306, end_date=20250616T082308
[2025-06-16T08:23:08.467+0000] {standard_task_runner.py:110} ERROR - Failed to execute job 3 for task submeter_job_spark_seguro (Bash command failed. The command returned a non-zero exit code 1.; 301)
[2025-06-16T08:23:08.506+0000] {local_task_job_runner.py:240} INFO - Task exited with return code 1
[2025-06-16T08:23:08.544+0000] {taskinstance.py:3503} INFO - 0 downstream tasks scheduled from follow-on schedule check
[2025-06-16T08:23:08.546+0000] {local_task_job_runner.py:222} INFO - ::endgroup::
