[2025-06-16T09:14:43.738+0000] {local_task_job_runner.py:120} INFO - ::group::Pre task execution logs
[2025-06-16T09:14:43.794+0000] {taskinstance.py:2076} INFO - Dependencies all met for dep_context=non-requeueable deps ti=<TaskInstance: dag_04_processamento_spark_seguro_v1.submeter_job_spark_seguro manual__2025-06-16T09:14:37.729603+00:00 [queued]>
[2025-06-16T09:14:43.810+0000] {taskinstance.py:2076} INFO - Dependencies all met for dep_context=requeueable deps ti=<TaskInstance: dag_04_processamento_spark_seguro_v1.submeter_job_spark_seguro manual__2025-06-16T09:14:37.729603+00:00 [queued]>
[2025-06-16T09:14:43.812+0000] {taskinstance.py:2306} INFO - Starting attempt 1 of 1
[2025-06-16T09:14:43.845+0000] {taskinstance.py:2330} INFO - Executing <Task(BashOperator): submeter_job_spark_seguro> on 2025-06-16 09:14:37.729603+00:00
[2025-06-16T09:14:43.860+0000] {standard_task_runner.py:63} INFO - Started process 331 to run task
[2025-06-16T09:14:43.868+0000] {standard_task_runner.py:90} INFO - Running: ['airflow', 'tasks', 'run', 'dag_04_processamento_spark_seguro_v1', 'submeter_job_spark_seguro', 'manual__2025-06-16T09:14:37.729603+00:00', '--job-id', '3', '--raw', '--subdir', 'DAGS_FOLDER/dag_04_processamento_spark_seguro_v1.py', '--cfg-path', '/tmp/tmphx09wg5t']
[2025-06-16T09:14:43.872+0000] {standard_task_runner.py:91} INFO - Job 3: Subtask submeter_job_spark_seguro
[2025-06-16T09:14:44.023+0000] {task_command.py:426} INFO - Running <TaskInstance: dag_04_processamento_spark_seguro_v1.submeter_job_spark_seguro manual__2025-06-16T09:14:37.729603+00:00 [running]> on host adaf4980ec61
[2025-06-16T09:14:44.184+0000] {taskinstance.py:2648} INFO - Exporting env vars: AIRFLOW_CTX_DAG_OWNER='airflow' AIRFLOW_CTX_DAG_ID='dag_04_processamento_spark_seguro_v1' AIRFLOW_CTX_TASK_ID='submeter_job_spark_seguro' AIRFLOW_CTX_EXECUTION_DATE='2025-06-16T09:14:37.729603+00:00' AIRFLOW_CTX_TRY_NUMBER='1' AIRFLOW_CTX_DAG_RUN_ID='manual__2025-06-16T09:14:37.729603+00:00'
[2025-06-16T09:14:44.185+0000] {taskinstance.py:430} INFO - ::endgroup::
[2025-06-16T09:14:44.207+0000] {subprocess.py:63} INFO - Tmp dir root location: /tmp
[2025-06-16T09:14:44.209+0000] {subprocess.py:75} INFO - Running command: ['/usr/bin/bash', '-c', 'python /opt/airflow/scripts/examples/12-processa_vendas.py']
[2025-06-16T09:14:44.223+0000] {subprocess.py:86} INFO - Output:
[2025-06-16T09:14:45.596+0000] {subprocess.py:93} INFO - 2025-06-16 09:14:45,596 - INFO - === Iniciando Pipeline de Processamento de Vendas ===
[2025-06-16T09:14:45.597+0000] {subprocess.py:93} INFO - 2025-06-16 09:14:45,596 - INFO - Iniciando a sessão Spark...
[2025-06-16T09:14:46.201+0000] {subprocess.py:93} INFO - WARNING: Using incubator modules: jdk.incubator.vector
[2025-06-16T09:14:48.669+0000] {subprocess.py:93} INFO - :: loading settings :: url = jar:file:/home/airflow/.local/lib/python3.11/site-packages/pyspark/jars/ivy-2.5.3.jar!/org/apache/ivy/core/settings/ivysettings.xml
[2025-06-16T09:14:48.795+0000] {subprocess.py:93} INFO - Ivy Default Cache set to: /home/airflow/.ivy2.5.2/cache
[2025-06-16T09:14:48.796+0000] {subprocess.py:93} INFO - The jars for the packages stored in: /home/airflow/.ivy2.5.2/jars
[2025-06-16T09:14:48.803+0000] {subprocess.py:93} INFO - org.apache.hadoop#hadoop-aws added as a dependency
[2025-06-16T09:14:48.804+0000] {subprocess.py:93} INFO - com.amazonaws#aws-java-sdk-bundle added as a dependency
[2025-06-16T09:14:48.805+0000] {subprocess.py:93} INFO - :: resolving dependencies :: org.apache.spark#spark-submit-parent-afd712dd-840e-4bc7-ba8a-686e91c80a47;1.0
[2025-06-16T09:14:48.806+0000] {subprocess.py:93} INFO - 	confs: [default]
[2025-06-16T09:14:53.652+0000] {subprocess.py:93} INFO - 	found org.apache.hadoop#hadoop-aws;3.3.4 in central
[2025-06-16T09:14:55.043+0000] {subprocess.py:93} INFO - 	found com.amazonaws#aws-java-sdk-bundle;1.12.262 in central
[2025-06-16T09:14:57.520+0000] {subprocess.py:93} INFO - 	found org.wildfly.openssl#wildfly-openssl;1.0.7.Final in central
[2025-06-16T09:14:57.684+0000] {subprocess.py:93} INFO - downloading https://repo1.maven.org/maven2/org/apache/hadoop/hadoop-aws/3.3.4/hadoop-aws-3.3.4.jar ...
[2025-06-16T09:14:58.335+0000] {subprocess.py:93} INFO - 	[SUCCESSFUL ] org.apache.hadoop#hadoop-aws;3.3.4!hadoop-aws.jar (794ms)
[2025-06-16T09:14:58.494+0000] {subprocess.py:93} INFO - downloading https://repo1.maven.org/maven2/com/amazonaws/aws-java-sdk-bundle/1.12.262/aws-java-sdk-bundle-1.12.262.jar ...
[2025-06-16T09:15:40.232+0000] {subprocess.py:93} INFO - 	[SUCCESSFUL ] com.amazonaws#aws-java-sdk-bundle;1.12.262!aws-java-sdk-bundle.jar (41893ms)
[2025-06-16T09:15:40.377+0000] {subprocess.py:93} INFO - downloading https://repo1.maven.org/maven2/org/wildfly/openssl/wildfly-openssl/1.0.7.Final/wildfly-openssl-1.0.7.Final.jar ...
[2025-06-16T09:15:40.583+0000] {subprocess.py:93} INFO - 	[SUCCESSFUL ] org.wildfly.openssl#wildfly-openssl;1.0.7.Final!wildfly-openssl.jar (347ms)
[2025-06-16T09:15:40.592+0000] {subprocess.py:93} INFO - :: resolution report :: resolve 8730ms :: artifacts dl 43049ms
[2025-06-16T09:15:40.596+0000] {subprocess.py:93} INFO - 	:: modules in use:
[2025-06-16T09:15:40.597+0000] {subprocess.py:93} INFO - 	com.amazonaws#aws-java-sdk-bundle;1.12.262 from central in [default]
[2025-06-16T09:15:40.598+0000] {subprocess.py:93} INFO - 	org.apache.hadoop#hadoop-aws;3.3.4 from central in [default]
[2025-06-16T09:15:40.599+0000] {subprocess.py:93} INFO - 	org.wildfly.openssl#wildfly-openssl;1.0.7.Final from central in [default]
[2025-06-16T09:15:40.600+0000] {subprocess.py:93} INFO - 	---------------------------------------------------------------------
[2025-06-16T09:15:40.600+0000] {subprocess.py:93} INFO - 	|                  |            modules            ||   artifacts   |
[2025-06-16T09:15:40.601+0000] {subprocess.py:93} INFO - 	|       conf       | number| search|dwnlded|evicted|| number|dwnlded|
[2025-06-16T09:15:40.602+0000] {subprocess.py:93} INFO - 	---------------------------------------------------------------------
[2025-06-16T09:15:40.603+0000] {subprocess.py:93} INFO - 	|      default     |   3   |   3   |   3   |   0   ||   3   |   3   |
[2025-06-16T09:15:40.604+0000] {subprocess.py:93} INFO - 	---------------------------------------------------------------------
[2025-06-16T09:15:40.607+0000] {subprocess.py:93} INFO - :: retrieving :: org.apache.spark#spark-submit-parent-afd712dd-840e-4bc7-ba8a-686e91c80a47
[2025-06-16T09:15:40.608+0000] {subprocess.py:93} INFO - 	confs: [default]
[2025-06-16T09:15:41.191+0000] {subprocess.py:93} INFO - 	3 artifacts copied, 0 already retrieved (275421kB/598ms)
[2025-06-16T09:15:41.636+0000] {subprocess.py:93} INFO - 25/06/16 09:15:41 WARN NativeCodeLoader: Unable to load native-hadoop library for your platform... using builtin-java classes where applicable
[2025-06-16T09:15:42.051+0000] {subprocess.py:93} INFO - Using Spark's default log4j profile: org/apache/spark/log4j2-defaults.properties
[2025-06-16T09:15:42.052+0000] {subprocess.py:93} INFO - Setting default log level to "WARN".
[2025-06-16T09:15:42.052+0000] {subprocess.py:93} INFO - To adjust logging level use sc.setLogLevel(newLevel). For SparkR, use setLogLevel(newLevel).
[2025-06-16T09:15:55.626+0000] {subprocess.py:93} INFO - 2025-06-16 09:15:55,626 - INFO - Sessão Spark criada com sucesso.
[2025-06-16T09:15:55.627+0000] {subprocess.py:93} INFO - 2025-06-16 09:15:55,626 - INFO - AVISO: Criando um DataFrame de exemplo para demonstração.
[2025-06-16T09:15:57.745+0000] {subprocess.py:93} INFO - 2025-06-16 09:15:57,744 - INFO - DataFrame de exemplo criado com sucesso.
[2025-06-16T09:15:57.746+0000] {subprocess.py:93} INFO - 2025-06-16 09:15:57,745 - INFO - Processando para a camada Trusted (Silver)...
[2025-06-16T09:15:58.401+0000] {subprocess.py:93} INFO - 25/06/16 09:15:58 WARN MetricsConfig: Cannot locate configuration: tried hadoop-metrics2-s3a-file-system.properties,hadoop-metrics2.properties
[2025-06-16T09:15:58.451+0000] {subprocess.py:93} INFO - 25/06/16 09:15:58 WARN FileSystem: Failed to initialize filesystem s3a://silver/vendas_olist: java.lang.NumberFormatException: For input string: "60s"
[2025-06-16T09:15:58.513+0000] {subprocess.py:93} INFO - 2025-06-16 09:15:58,513 - ERROR - Erro durante o processamento: For input string: "60s"
[2025-06-16T09:15:58.514+0000] {subprocess.py:93} INFO - 2025-06-16 09:15:58,513 - INFO - Sessão Spark encerrada.
[2025-06-16T09:15:59.200+0000] {subprocess.py:93} INFO - Traceback (most recent call last):
[2025-06-16T09:15:59.201+0000] {subprocess.py:93} INFO -   File "/opt/airflow/scripts/examples/12-processa_vendas.py", line 95, in <module>
[2025-06-16T09:15:59.209+0000] {subprocess.py:93} INFO -     main()
[2025-06-16T09:15:59.210+0000] {subprocess.py:93} INFO -   File "/opt/airflow/scripts/examples/12-processa_vendas.py", line 87, in main
[2025-06-16T09:15:59.215+0000] {subprocess.py:93} INFO -     process_sales_data(spark, caminho_trusted, caminho_refined)
[2025-06-16T09:15:59.216+0000] {subprocess.py:93} INFO -   File "/opt/airflow/scripts/examples/12-processa_vendas.py", line 53, in process_sales_data
[2025-06-16T09:15:59.222+0000] {subprocess.py:93} INFO -     df_trusted.write.mode("overwrite").parquet(output_path_trusted)
[2025-06-16T09:15:59.223+0000] {subprocess.py:93} INFO -   File "/home/airflow/.local/lib/python3.11/site-packages/pyspark/sql/readwriter.py", line 2003, in parquet
[2025-06-16T09:15:59.224+0000] {subprocess.py:93} INFO -     self._jwrite.parquet(path)
[2025-06-16T09:15:59.225+0000] {subprocess.py:93} INFO -   File "/home/airflow/.local/lib/python3.11/site-packages/py4j/java_gateway.py", line 1362, in __call__
[2025-06-16T09:15:59.226+0000] {subprocess.py:93} INFO -     return_value = get_return_value(
[2025-06-16T09:15:59.228+0000] {subprocess.py:93} INFO -                    ^^^^^^^^^^^^^^^^^
[2025-06-16T09:15:59.229+0000] {subprocess.py:93} INFO -   File "/home/airflow/.local/lib/python3.11/site-packages/pyspark/errors/exceptions/captured.py", line 288, in deco
[2025-06-16T09:15:59.229+0000] {subprocess.py:93} INFO -     raise converted from None
[2025-06-16T09:15:59.230+0000] {subprocess.py:93} INFO - pyspark.errors.exceptions.captured.NumberFormatException: For input string: "60s"
[2025-06-16T09:15:59.231+0000] {subprocess.py:93} INFO - 2025-06-16 09:15:59,226 - INFO - Closing down clientserver connection
[2025-06-16T09:15:59.927+0000] {subprocess.py:97} INFO - Command exited with return code 1
[2025-06-16T09:15:59.929+0000] {taskinstance.py:441} INFO - ::group::Post task execution logs
[2025-06-16T09:15:59.956+0000] {taskinstance.py:2905} ERROR - Task failed with exception
Traceback (most recent call last):
  File "/home/airflow/.local/lib/python3.11/site-packages/airflow/models/taskinstance.py", line 465, in _execute_task
    result = _execute_callable(context=context, **execute_callable_kwargs)
             ^^^^^^^^^^^^^^^^^^^^^^^^^^^^^^^^^^^^^^^^^^^^^^^^^^^^^^^^^^^^^
  File "/home/airflow/.local/lib/python3.11/site-packages/airflow/models/taskinstance.py", line 432, in _execute_callable
    return execute_callable(context=context, **execute_callable_kwargs)
           ^^^^^^^^^^^^^^^^^^^^^^^^^^^^^^^^^^^^^^^^^^^^^^^^^^^^^^^^^^^^
  File "/home/airflow/.local/lib/python3.11/site-packages/airflow/models/baseoperator.py", line 401, in wrapper
    return func(self, *args, **kwargs)
           ^^^^^^^^^^^^^^^^^^^^^^^^^^^
  File "/home/airflow/.local/lib/python3.11/site-packages/airflow/operators/bash.py", line 243, in execute
    raise AirflowException(
airflow.exceptions.AirflowException: Bash command failed. The command returned a non-zero exit code 1.
[2025-06-16T09:15:59.962+0000] {taskinstance.py:1206} INFO - Marking task as FAILED. dag_id=dag_04_processamento_spark_seguro_v1, task_id=submeter_job_spark_seguro, run_id=manual__2025-06-16T09:14:37.729603+00:00, execution_date=20250616T091437, start_date=20250616T091443, end_date=20250616T091559
[2025-06-16T09:15:59.986+0000] {standard_task_runner.py:110} ERROR - Failed to execute job 3 for task submeter_job_spark_seguro (Bash command failed. The command returned a non-zero exit code 1.; 331)
[2025-06-16T09:16:00.029+0000] {local_task_job_runner.py:240} INFO - Task exited with return code 1
[2025-06-16T09:16:00.059+0000] {taskinstance.py:3503} INFO - 0 downstream tasks scheduled from follow-on schedule check
[2025-06-16T09:16:00.063+0000] {local_task_job_runner.py:222} INFO - ::endgroup::
