[2025-06-16T08:51:20.471+0000] {local_task_job_runner.py:120} INFO - ::group::Pre task execution logs
[2025-06-16T08:51:20.554+0000] {taskinstance.py:2076} INFO - Dependencies all met for dep_context=non-requeueable deps ti=<TaskInstance: dag_04_processamento_spark_seguro_v1.submeter_job_spark_seguro manual__2025-06-16T08:32:54.821652+00:00 [None]>
[2025-06-16T08:51:20.568+0000] {taskinstance.py:2076} INFO - Dependencies all met for dep_context=requeueable deps ti=<TaskInstance: dag_04_processamento_spark_seguro_v1.submeter_job_spark_seguro manual__2025-06-16T08:32:54.821652+00:00 [None]>
[2025-06-16T08:51:20.570+0000] {taskinstance.py:2306} INFO - Starting attempt 2 of 2
[2025-06-16T08:51:20.598+0000] {taskinstance.py:2330} INFO - Executing <Task(BashOperator): submeter_job_spark_seguro> on 2025-06-16 08:32:54.821652+00:00
[2025-06-16T08:51:20.614+0000] {standard_task_runner.py:63} INFO - Started process 1064 to run task
[2025-06-16T08:51:20.624+0000] {standard_task_runner.py:90} INFO - Running: ['airflow', 'tasks', 'run', 'dag_04_processamento_spark_seguro_v1', 'submeter_job_spark_seguro', 'manual__2025-06-16T08:32:54.821652+00:00', '--job-id', '12', '--raw', '--subdir', 'DAGS_FOLDER/dag_04_processamento_spark_seguro_v1.py', '--cfg-path', '/tmp/tmpa15b8jj2']
[2025-06-16T08:51:20.629+0000] {standard_task_runner.py:91} INFO - Job 12: Subtask submeter_job_spark_seguro
[2025-06-16T08:51:20.789+0000] {task_command.py:426} INFO - Running <TaskInstance: dag_04_processamento_spark_seguro_v1.submeter_job_spark_seguro manual__2025-06-16T08:32:54.821652+00:00 [running]> on host 0f40c05f786f
[2025-06-16T08:51:20.956+0000] {taskinstance.py:2648} INFO - Exporting env vars: AIRFLOW_CTX_DAG_OWNER='airflow' AIRFLOW_CTX_DAG_ID='dag_04_processamento_spark_seguro_v1' AIRFLOW_CTX_TASK_ID='submeter_job_spark_seguro' AIRFLOW_CTX_EXECUTION_DATE='2025-06-16T08:32:54.821652+00:00' AIRFLOW_CTX_TRY_NUMBER='2' AIRFLOW_CTX_DAG_RUN_ID='manual__2025-06-16T08:32:54.821652+00:00'
[2025-06-16T08:51:20.958+0000] {taskinstance.py:430} INFO - ::endgroup::
[2025-06-16T08:51:20.984+0000] {subprocess.py:63} INFO - Tmp dir root location: /tmp
[2025-06-16T08:51:20.987+0000] {subprocess.py:75} INFO - Running command: ['/usr/bin/bash', '-c', 'python /opt/airflow/scripts/examples/12-processa_vendas.py']
[2025-06-16T08:51:21.004+0000] {subprocess.py:86} INFO - Output:
[2025-06-16T08:51:22.833+0000] {subprocess.py:93} INFO - 2025-06-16 08:51:22,833 - INFO - === Iniciando Pipeline de Processamento de Vendas ===
[2025-06-16T08:51:22.834+0000] {subprocess.py:93} INFO - 2025-06-16 08:51:22,833 - INFO - Iniciando a sessão Spark...
[2025-06-16T08:51:23.841+0000] {subprocess.py:93} INFO - WARNING: Using incubator modules: jdk.incubator.vector
[2025-06-16T08:51:27.128+0000] {subprocess.py:93} INFO - Using Spark's default log4j profile: org/apache/spark/log4j2-defaults.properties
[2025-06-16T08:51:27.129+0000] {subprocess.py:93} INFO - Setting default log level to "WARN".
[2025-06-16T08:51:27.130+0000] {subprocess.py:93} INFO - To adjust logging level use sc.setLogLevel(newLevel). For SparkR, use setLogLevel(newLevel).
[2025-06-16T08:51:28.181+0000] {subprocess.py:93} INFO - 25/06/16 08:51:28 WARN NativeCodeLoader: Unable to load native-hadoop library for your platform... using builtin-java classes where applicable
[2025-06-16T08:51:38.681+0000] {subprocess.py:93} INFO - 2025-06-16 08:51:38,681 - INFO - Sessão Spark criada com sucesso.
[2025-06-16T08:51:38.702+0000] {subprocess.py:93} INFO - 2025-06-16 08:51:38,681 - INFO - AVISO: Criando um DataFrame de exemplo para demonstração.
[2025-06-16T08:51:41.028+0000] {subprocess.py:93} INFO - 2025-06-16 08:51:41,028 - INFO - DataFrame de exemplo criado com sucesso.
[2025-06-16T08:51:41.029+0000] {subprocess.py:93} INFO - 2025-06-16 08:51:41,028 - INFO - Processando para a camada Trusted (Silver)...
[2025-06-16T08:51:41.462+0000] {subprocess.py:93} INFO - 2025-06-16 08:51:41,462 - ERROR - Erro durante o processamento: An error occurred while calling o62.parquet.
[2025-06-16T08:51:41.463+0000] {subprocess.py:93} INFO - : java.lang.RuntimeException: java.lang.ClassNotFoundException: Class org.apache.hadoop.fs.s3a.S3AFileSystem not found
[2025-06-16T08:51:41.466+0000] {subprocess.py:93} INFO - 	at org.apache.hadoop.conf.Configuration.getClass(Configuration.java:2737)
[2025-06-16T08:51:41.467+0000] {subprocess.py:93} INFO - 	at org.apache.hadoop.fs.FileSystem.getFileSystemClass(FileSystem.java:3569)
[2025-06-16T08:51:41.468+0000] {subprocess.py:93} INFO - 	at org.apache.hadoop.fs.FileSystem.createFileSystem(FileSystem.java:3612)
[2025-06-16T08:51:41.473+0000] {subprocess.py:93} INFO - 	at org.apache.hadoop.fs.FileSystem.access$300(FileSystem.java:172)
[2025-06-16T08:51:41.474+0000] {subprocess.py:93} INFO - 	at org.apache.hadoop.fs.FileSystem$Cache.getInternal(FileSystem.java:3716)
[2025-06-16T08:51:41.475+0000] {subprocess.py:93} INFO - 	at org.apache.hadoop.fs.FileSystem$Cache.get(FileSystem.java:3667)
[2025-06-16T08:51:41.476+0000] {subprocess.py:93} INFO - 	at org.apache.hadoop.fs.FileSystem.get(FileSystem.java:557)
[2025-06-16T08:51:41.476+0000] {subprocess.py:93} INFO - 	at org.apache.hadoop.fs.Path.getFileSystem(Path.java:366)
[2025-06-16T08:51:41.479+0000] {subprocess.py:93} INFO - 	at org.apache.spark.sql.execution.datasources.DataSource.makeQualified(DataSource.scala:125)
[2025-06-16T08:51:41.479+0000] {subprocess.py:93} INFO - 	at org.apache.spark.sql.execution.datasources.DataSource.planForWritingFileFormat(DataSource.scala:468)
[2025-06-16T08:51:41.480+0000] {subprocess.py:93} INFO - 	at org.apache.spark.sql.execution.datasources.DataSource.planForWriting(DataSource.scala:554)
[2025-06-16T08:51:41.481+0000] {subprocess.py:93} INFO - 	at org.apache.spark.sql.classic.DataFrameWriter.saveToV1Source(DataFrameWriter.scala:273)
[2025-06-16T08:51:41.484+0000] {subprocess.py:93} INFO - 	at org.apache.spark.sql.classic.DataFrameWriter.saveInternal(DataFrameWriter.scala:241)
[2025-06-16T08:51:41.484+0000] {subprocess.py:93} INFO - 	at org.apache.spark.sql.classic.DataFrameWriter.save(DataFrameWriter.scala:118)
[2025-06-16T08:51:41.485+0000] {subprocess.py:93} INFO - 	at org.apache.spark.sql.DataFrameWriter.parquet(DataFrameWriter.scala:369)
[2025-06-16T08:51:41.486+0000] {subprocess.py:93} INFO - 	at java.base/jdk.internal.reflect.NativeMethodAccessorImpl.invoke0(Native Method)
[2025-06-16T08:51:41.487+0000] {subprocess.py:93} INFO - 	at java.base/jdk.internal.reflect.NativeMethodAccessorImpl.invoke(NativeMethodAccessorImpl.java:77)
[2025-06-16T08:51:41.488+0000] {subprocess.py:93} INFO - 	at java.base/jdk.internal.reflect.DelegatingMethodAccessorImpl.invoke(DelegatingMethodAccessorImpl.java:43)
[2025-06-16T08:51:41.493+0000] {subprocess.py:93} INFO - 	at java.base/java.lang.reflect.Method.invoke(Method.java:569)
[2025-06-16T08:51:41.494+0000] {subprocess.py:93} INFO - 	at py4j.reflection.MethodInvoker.invoke(MethodInvoker.java:244)
[2025-06-16T08:51:41.496+0000] {subprocess.py:93} INFO - 	at py4j.reflection.ReflectionEngine.invoke(ReflectionEngine.java:374)
[2025-06-16T08:51:41.497+0000] {subprocess.py:93} INFO - 	at py4j.Gateway.invoke(Gateway.java:282)
[2025-06-16T08:51:41.498+0000] {subprocess.py:93} INFO - 	at py4j.commands.AbstractCommand.invokeMethod(AbstractCommand.java:132)
[2025-06-16T08:51:41.499+0000] {subprocess.py:93} INFO - 	at py4j.commands.CallCommand.execute(CallCommand.java:79)
[2025-06-16T08:51:41.500+0000] {subprocess.py:93} INFO - 	at py4j.ClientServerConnection.waitForCommands(ClientServerConnection.java:184)
[2025-06-16T08:51:41.500+0000] {subprocess.py:93} INFO - 	at py4j.ClientServerConnection.run(ClientServerConnection.java:108)
[2025-06-16T08:51:41.501+0000] {subprocess.py:93} INFO - 	at java.base/java.lang.Thread.run(Thread.java:840)
[2025-06-16T08:51:41.502+0000] {subprocess.py:93} INFO - Caused by: java.lang.ClassNotFoundException: Class org.apache.hadoop.fs.s3a.S3AFileSystem not found
[2025-06-16T08:51:41.503+0000] {subprocess.py:93} INFO - 	at org.apache.hadoop.conf.Configuration.getClassByName(Configuration.java:2641)
[2025-06-16T08:51:41.503+0000] {subprocess.py:93} INFO - 	at org.apache.hadoop.conf.Configuration.getClass(Configuration.java:2735)
[2025-06-16T08:51:41.504+0000] {subprocess.py:93} INFO - 	... 26 more
[2025-06-16T08:51:41.508+0000] {subprocess.py:93} INFO - 
[2025-06-16T08:51:41.509+0000] {subprocess.py:93} INFO - 2025-06-16 08:51:41,462 - INFO - Sessão Spark encerrada.
[2025-06-16T08:51:41.974+0000] {subprocess.py:93} INFO - Traceback (most recent call last):
[2025-06-16T08:51:41.975+0000] {subprocess.py:93} INFO -   File "/opt/airflow/scripts/examples/12-processa_vendas.py", line 100, in <module>
[2025-06-16T08:51:41.982+0000] {subprocess.py:93} INFO -     main()
[2025-06-16T08:51:41.983+0000] {subprocess.py:93} INFO -   File "/opt/airflow/scripts/examples/12-processa_vendas.py", line 92, in main
[2025-06-16T08:51:41.988+0000] {subprocess.py:93} INFO -     process_sales_data(spark, caminho_trusted, caminho_refined)
[2025-06-16T08:51:41.991+0000] {subprocess.py:93} INFO -   File "/opt/airflow/scripts/examples/12-processa_vendas.py", line 55, in process_sales_data
[2025-06-16T08:51:41.995+0000] {subprocess.py:93} INFO -     df_trusted.write.mode("overwrite").parquet(output_path_trusted)
[2025-06-16T08:51:41.996+0000] {subprocess.py:93} INFO -   File "/home/airflow/.local/lib/python3.11/site-packages/pyspark/sql/readwriter.py", line 2003, in parquet
[2025-06-16T08:51:41.997+0000] {subprocess.py:93} INFO -     self._jwrite.parquet(path)
[2025-06-16T08:51:41.998+0000] {subprocess.py:93} INFO -   File "/home/airflow/.local/lib/python3.11/site-packages/py4j/java_gateway.py", line 1362, in __call__
[2025-06-16T08:51:41.999+0000] {subprocess.py:93} INFO -     return_value = get_return_value(
[2025-06-16T08:51:41.999+0000] {subprocess.py:93} INFO -                    ^^^^^^^^^^^^^^^^^
[2025-06-16T08:51:42.002+0000] {subprocess.py:93} INFO -   File "/home/airflow/.local/lib/python3.11/site-packages/pyspark/errors/exceptions/captured.py", line 282, in deco
[2025-06-16T08:51:42.003+0000] {subprocess.py:93} INFO -     return f(*a, **kw)
[2025-06-16T08:51:42.003+0000] {subprocess.py:93} INFO -            ^^^^^^^^^^^
[2025-06-16T08:51:42.004+0000] {subprocess.py:93} INFO -   File "/home/airflow/.local/lib/python3.11/site-packages/py4j/protocol.py", line 327, in get_return_value
[2025-06-16T08:51:42.006+0000] {subprocess.py:93} INFO -     raise Py4JJavaError(
[2025-06-16T08:51:42.012+0000] {subprocess.py:93} INFO - py4j.protocol.Py4JJavaError: An error occurred while calling o62.parquet.
[2025-06-16T08:51:42.013+0000] {subprocess.py:93} INFO - : java.lang.RuntimeException: java.lang.ClassNotFoundException: Class org.apache.hadoop.fs.s3a.S3AFileSystem not found
[2025-06-16T08:51:42.016+0000] {subprocess.py:93} INFO - 	at org.apache.hadoop.conf.Configuration.getClass(Configuration.java:2737)
[2025-06-16T08:51:42.017+0000] {subprocess.py:93} INFO - 	at org.apache.hadoop.fs.FileSystem.getFileSystemClass(FileSystem.java:3569)
[2025-06-16T08:51:42.018+0000] {subprocess.py:93} INFO - 	at org.apache.hadoop.fs.FileSystem.createFileSystem(FileSystem.java:3612)
[2025-06-16T08:51:42.019+0000] {subprocess.py:93} INFO - 	at org.apache.hadoop.fs.FileSystem.access$300(FileSystem.java:172)
[2025-06-16T08:51:42.024+0000] {subprocess.py:93} INFO - 	at org.apache.hadoop.fs.FileSystem$Cache.getInternal(FileSystem.java:3716)
[2025-06-16T08:51:42.025+0000] {subprocess.py:93} INFO - 	at org.apache.hadoop.fs.FileSystem$Cache.get(FileSystem.java:3667)
[2025-06-16T08:51:42.029+0000] {subprocess.py:93} INFO - 	at org.apache.hadoop.fs.FileSystem.get(FileSystem.java:557)
[2025-06-16T08:51:42.031+0000] {subprocess.py:93} INFO - 	at org.apache.hadoop.fs.Path.getFileSystem(Path.java:366)
[2025-06-16T08:51:42.032+0000] {subprocess.py:93} INFO - 	at org.apache.spark.sql.execution.datasources.DataSource.makeQualified(DataSource.scala:125)
[2025-06-16T08:51:42.033+0000] {subprocess.py:93} INFO - 	at org.apache.spark.sql.execution.datasources.DataSource.planForWritingFileFormat(DataSource.scala:468)
[2025-06-16T08:51:42.034+0000] {subprocess.py:93} INFO - 	at org.apache.spark.sql.execution.datasources.DataSource.planForWriting(DataSource.scala:554)
[2025-06-16T08:51:42.038+0000] {subprocess.py:93} INFO - 	at org.apache.spark.sql.classic.DataFrameWriter.saveToV1Source(DataFrameWriter.scala:273)
[2025-06-16T08:51:42.045+0000] {subprocess.py:93} INFO - 	at org.apache.spark.sql.classic.DataFrameWriter.saveInternal(DataFrameWriter.scala:241)
[2025-06-16T08:51:42.047+0000] {subprocess.py:93} INFO - 	at org.apache.spark.sql.classic.DataFrameWriter.save(DataFrameWriter.scala:118)
[2025-06-16T08:51:42.048+0000] {subprocess.py:93} INFO - 	at org.apache.spark.sql.DataFrameWriter.parquet(DataFrameWriter.scala:369)
[2025-06-16T08:51:42.049+0000] {subprocess.py:93} INFO - 	at java.base/jdk.internal.reflect.NativeMethodAccessorImpl.invoke0(Native Method)
[2025-06-16T08:51:42.050+0000] {subprocess.py:93} INFO - 	at java.base/jdk.internal.reflect.NativeMethodAccessorImpl.invoke(NativeMethodAccessorImpl.java:77)
[2025-06-16T08:51:42.051+0000] {subprocess.py:93} INFO - 	at java.base/jdk.internal.reflect.DelegatingMethodAccessorImpl.invoke(DelegatingMethodAccessorImpl.java:43)
[2025-06-16T08:51:42.052+0000] {subprocess.py:93} INFO - 	at java.base/java.lang.reflect.Method.invoke(Method.java:569)
[2025-06-16T08:51:42.053+0000] {subprocess.py:93} INFO - 	at py4j.reflection.MethodInvoker.invoke(MethodInvoker.java:244)
[2025-06-16T08:51:42.054+0000] {subprocess.py:93} INFO - 	at py4j.reflection.ReflectionEngine.invoke(ReflectionEngine.java:374)
[2025-06-16T08:51:42.057+0000] {subprocess.py:93} INFO - 	at py4j.Gateway.invoke(Gateway.java:282)
[2025-06-16T08:51:42.057+0000] {subprocess.py:93} INFO - 	at py4j.commands.AbstractCommand.invokeMethod(AbstractCommand.java:132)
[2025-06-16T08:51:42.058+0000] {subprocess.py:93} INFO - 	at py4j.commands.CallCommand.execute(CallCommand.java:79)
[2025-06-16T08:51:42.059+0000] {subprocess.py:93} INFO - 	at py4j.ClientServerConnection.waitForCommands(ClientServerConnection.java:184)
[2025-06-16T08:51:42.061+0000] {subprocess.py:93} INFO - 	at py4j.ClientServerConnection.run(ClientServerConnection.java:108)
[2025-06-16T08:51:42.062+0000] {subprocess.py:93} INFO - 	at java.base/java.lang.Thread.run(Thread.java:840)
[2025-06-16T08:51:42.063+0000] {subprocess.py:93} INFO - Caused by: java.lang.ClassNotFoundException: Class org.apache.hadoop.fs.s3a.S3AFileSystem not found
[2025-06-16T08:51:42.064+0000] {subprocess.py:93} INFO - 	at org.apache.hadoop.conf.Configuration.getClassByName(Configuration.java:2641)
[2025-06-16T08:51:42.064+0000] {subprocess.py:93} INFO - 	at org.apache.hadoop.conf.Configuration.getClass(Configuration.java:2735)
[2025-06-16T08:51:42.065+0000] {subprocess.py:93} INFO - 	... 26 more
[2025-06-16T08:51:42.066+0000] {subprocess.py:93} INFO - 
[2025-06-16T08:51:42.067+0000] {subprocess.py:93} INFO - 2025-06-16 08:51:42,000 - INFO - Closing down clientserver connection
[2025-06-16T08:51:42.666+0000] {subprocess.py:97} INFO - Command exited with return code 1
[2025-06-16T08:51:42.671+0000] {taskinstance.py:441} INFO - ::group::Post task execution logs
[2025-06-16T08:51:42.699+0000] {taskinstance.py:2905} ERROR - Task failed with exception
Traceback (most recent call last):
  File "/home/airflow/.local/lib/python3.11/site-packages/airflow/models/taskinstance.py", line 465, in _execute_task
    result = _execute_callable(context=context, **execute_callable_kwargs)
             ^^^^^^^^^^^^^^^^^^^^^^^^^^^^^^^^^^^^^^^^^^^^^^^^^^^^^^^^^^^^^
  File "/home/airflow/.local/lib/python3.11/site-packages/airflow/models/taskinstance.py", line 432, in _execute_callable
    return execute_callable(context=context, **execute_callable_kwargs)
           ^^^^^^^^^^^^^^^^^^^^^^^^^^^^^^^^^^^^^^^^^^^^^^^^^^^^^^^^^^^^
  File "/home/airflow/.local/lib/python3.11/site-packages/airflow/models/baseoperator.py", line 401, in wrapper
    return func(self, *args, **kwargs)
           ^^^^^^^^^^^^^^^^^^^^^^^^^^^
  File "/home/airflow/.local/lib/python3.11/site-packages/airflow/operators/bash.py", line 243, in execute
    raise AirflowException(
airflow.exceptions.AirflowException: Bash command failed. The command returned a non-zero exit code 1.
[2025-06-16T08:51:42.704+0000] {taskinstance.py:1206} INFO - Marking task as FAILED. dag_id=dag_04_processamento_spark_seguro_v1, task_id=submeter_job_spark_seguro, run_id=manual__2025-06-16T08:32:54.821652+00:00, execution_date=20250616T083254, start_date=20250616T085120, end_date=20250616T085142
[2025-06-16T08:51:42.727+0000] {standard_task_runner.py:110} ERROR - Failed to execute job 12 for task submeter_job_spark_seguro (Bash command failed. The command returned a non-zero exit code 1.; 1064)
[2025-06-16T08:51:42.767+0000] {local_task_job_runner.py:240} INFO - Task exited with return code 1
[2025-06-16T08:51:42.801+0000] {taskinstance.py:3503} INFO - 0 downstream tasks scheduled from follow-on schedule check
[2025-06-16T08:51:42.804+0000] {local_task_job_runner.py:222} INFO - ::endgroup::
