[2025-06-16T09:28:50.113+0000] {local_task_job_runner.py:120} INFO - ::group::Pre task execution logs
[2025-06-16T09:28:50.177+0000] {taskinstance.py:2076} INFO - Dependencies all met for dep_context=non-requeueable deps ti=<TaskInstance: dag_04_processamento_spark_seguro_v1.submeter_job_spark_seguro manual__2025-06-16T09:28:43.492241+00:00 [queued]>
[2025-06-16T09:28:50.189+0000] {taskinstance.py:2076} INFO - Dependencies all met for dep_context=requeueable deps ti=<TaskInstance: dag_04_processamento_spark_seguro_v1.submeter_job_spark_seguro manual__2025-06-16T09:28:43.492241+00:00 [queued]>
[2025-06-16T09:28:50.192+0000] {taskinstance.py:2306} INFO - Starting attempt 1 of 1
[2025-06-16T09:28:50.210+0000] {taskinstance.py:2330} INFO - Executing <Task(BashOperator): submeter_job_spark_seguro> on 2025-06-16 09:28:43.492241+00:00
[2025-06-16T09:28:50.218+0000] {standard_task_runner.py:63} INFO - Started process 1561 to run task
[2025-06-16T09:28:50.226+0000] {standard_task_runner.py:90} INFO - Running: ['airflow', 'tasks', 'run', 'dag_04_processamento_spark_seguro_v1', 'submeter_job_spark_seguro', 'manual__2025-06-16T09:28:43.492241+00:00', '--job-id', '8', '--raw', '--subdir', 'DAGS_FOLDER/dag_04_processamento_spark_seguro_v1.py', '--cfg-path', '/tmp/tmplvqbuem8']
[2025-06-16T09:28:50.231+0000] {standard_task_runner.py:91} INFO - Job 8: Subtask submeter_job_spark_seguro
[2025-06-16T09:28:50.398+0000] {task_command.py:426} INFO - Running <TaskInstance: dag_04_processamento_spark_seguro_v1.submeter_job_spark_seguro manual__2025-06-16T09:28:43.492241+00:00 [running]> on host adaf4980ec61
[2025-06-16T09:28:50.567+0000] {taskinstance.py:2648} INFO - Exporting env vars: AIRFLOW_CTX_DAG_OWNER='airflow' AIRFLOW_CTX_DAG_ID='dag_04_processamento_spark_seguro_v1' AIRFLOW_CTX_TASK_ID='submeter_job_spark_seguro' AIRFLOW_CTX_EXECUTION_DATE='2025-06-16T09:28:43.492241+00:00' AIRFLOW_CTX_TRY_NUMBER='1' AIRFLOW_CTX_DAG_RUN_ID='manual__2025-06-16T09:28:43.492241+00:00'
[2025-06-16T09:28:50.571+0000] {taskinstance.py:430} INFO - ::endgroup::
[2025-06-16T09:28:50.592+0000] {subprocess.py:63} INFO - Tmp dir root location: /tmp
[2025-06-16T09:28:50.594+0000] {subprocess.py:75} INFO - Running command: ['/usr/bin/bash', '-c', 'python /opt/airflow/scripts/examples/12-processa_vendas.py']
[2025-06-16T09:28:50.609+0000] {subprocess.py:86} INFO - Output:
[2025-06-16T09:28:51.711+0000] {subprocess.py:93} INFO - 2025-06-16 09:28:51,711 - INFO - === Iniciando Pipeline de Processamento de Vendas ===
[2025-06-16T09:28:51.712+0000] {subprocess.py:93} INFO - 2025-06-16 09:28:51,711 - INFO - Iniciando a sessão Spark...
[2025-06-16T09:28:52.252+0000] {subprocess.py:93} INFO - WARNING: Using incubator modules: jdk.incubator.vector
[2025-06-16T09:28:54.418+0000] {subprocess.py:93} INFO - :: loading settings :: url = jar:file:/home/airflow/.local/lib/python3.11/site-packages/pyspark/jars/ivy-2.5.3.jar!/org/apache/ivy/core/settings/ivysettings.xml
[2025-06-16T09:28:54.542+0000] {subprocess.py:93} INFO - Ivy Default Cache set to: /home/airflow/.ivy2.5.2/cache
[2025-06-16T09:28:54.550+0000] {subprocess.py:93} INFO - The jars for the packages stored in: /home/airflow/.ivy2.5.2/jars
[2025-06-16T09:28:54.554+0000] {subprocess.py:93} INFO - org.apache.hadoop#hadoop-aws added as a dependency
[2025-06-16T09:28:54.554+0000] {subprocess.py:93} INFO - com.amazonaws#aws-java-sdk-bundle added as a dependency
[2025-06-16T09:28:54.556+0000] {subprocess.py:93} INFO - :: resolving dependencies :: org.apache.spark#spark-submit-parent-043f047a-b5ba-4998-a9ff-4838fe16adc3;1.0
[2025-06-16T09:28:54.557+0000] {subprocess.py:93} INFO - 	confs: [default]
[2025-06-16T09:28:54.865+0000] {subprocess.py:93} INFO - 	found org.apache.hadoop#hadoop-aws;3.3.4 in central
[2025-06-16T09:28:54.915+0000] {subprocess.py:93} INFO - 	found com.amazonaws#aws-java-sdk-bundle;1.12.262 in central
[2025-06-16T09:28:54.975+0000] {subprocess.py:93} INFO - 	found org.wildfly.openssl#wildfly-openssl;1.0.7.Final in central
[2025-06-16T09:28:55.005+0000] {subprocess.py:93} INFO - :: resolution report :: resolve 437ms :: artifacts dl 13ms
[2025-06-16T09:28:55.006+0000] {subprocess.py:93} INFO - 	:: modules in use:
[2025-06-16T09:28:55.007+0000] {subprocess.py:93} INFO - 	com.amazonaws#aws-java-sdk-bundle;1.12.262 from central in [default]
[2025-06-16T09:28:55.009+0000] {subprocess.py:93} INFO - 	org.apache.hadoop#hadoop-aws;3.3.4 from central in [default]
[2025-06-16T09:28:55.012+0000] {subprocess.py:93} INFO - 	org.wildfly.openssl#wildfly-openssl;1.0.7.Final from central in [default]
[2025-06-16T09:28:55.013+0000] {subprocess.py:93} INFO - 	---------------------------------------------------------------------
[2025-06-16T09:28:55.014+0000] {subprocess.py:93} INFO - 	|                  |            modules            ||   artifacts   |
[2025-06-16T09:28:55.019+0000] {subprocess.py:93} INFO - 	|       conf       | number| search|dwnlded|evicted|| number|dwnlded|
[2025-06-16T09:28:55.020+0000] {subprocess.py:93} INFO - 	---------------------------------------------------------------------
[2025-06-16T09:28:55.021+0000] {subprocess.py:93} INFO - 	|      default     |   3   |   0   |   0   |   0   ||   3   |   0   |
[2025-06-16T09:28:55.022+0000] {subprocess.py:93} INFO - 	---------------------------------------------------------------------
[2025-06-16T09:28:55.029+0000] {subprocess.py:93} INFO - :: retrieving :: org.apache.spark#spark-submit-parent-043f047a-b5ba-4998-a9ff-4838fe16adc3
[2025-06-16T09:28:55.030+0000] {subprocess.py:93} INFO - 	confs: [default]
[2025-06-16T09:28:55.031+0000] {subprocess.py:93} INFO - 	0 artifacts copied, 3 already retrieved (0kB/12ms)
[2025-06-16T09:28:55.434+0000] {subprocess.py:93} INFO - 25/06/16 09:28:55 WARN NativeCodeLoader: Unable to load native-hadoop library for your platform... using builtin-java classes where applicable
[2025-06-16T09:28:55.855+0000] {subprocess.py:93} INFO - Using Spark's default log4j profile: org/apache/spark/log4j2-defaults.properties
[2025-06-16T09:28:55.855+0000] {subprocess.py:93} INFO - Setting default log level to "WARN".
[2025-06-16T09:28:55.856+0000] {subprocess.py:93} INFO - To adjust logging level use sc.setLogLevel(newLevel). For SparkR, use setLogLevel(newLevel).
[2025-06-16T09:29:08.631+0000] {subprocess.py:93} INFO - 2025-06-16 09:29:08,631 - INFO - Sessão Spark criada com sucesso.
[2025-06-16T09:29:08.633+0000] {subprocess.py:93} INFO - 2025-06-16 09:29:08,631 - INFO - AVISO: Criando um DataFrame de exemplo para demonstração.
[2025-06-16T09:29:10.401+0000] {subprocess.py:93} INFO - 2025-06-16 09:29:10,401 - INFO - DataFrame de exemplo criado com sucesso.
[2025-06-16T09:29:10.402+0000] {subprocess.py:93} INFO - 2025-06-16 09:29:10,401 - INFO - Processando para a camada Trusted (Silver)...
[2025-06-16T09:29:10.932+0000] {subprocess.py:93} INFO - 25/06/16 09:29:10 WARN MetricsConfig: Cannot locate configuration: tried hadoop-metrics2-s3a-file-system.properties,hadoop-metrics2.properties
[2025-06-16T09:29:10.976+0000] {subprocess.py:93} INFO - 25/06/16 09:29:10 WARN FileSystem: Failed to initialize filesystem s3a://silver/vendas_olist: java.lang.NumberFormatException: For input string: "60s"
[2025-06-16T09:29:11.043+0000] {subprocess.py:93} INFO - 2025-06-16 09:29:11,036 - ERROR - Erro durante o processamento: For input string: "60s"
[2025-06-16T09:29:11.048+0000] {subprocess.py:93} INFO - Traceback (most recent call last):
[2025-06-16T09:29:11.049+0000] {subprocess.py:93} INFO -   File "/opt/airflow/scripts/examples/12-processa_vendas.py", line 53, in process_sales_data
[2025-06-16T09:29:11.049+0000] {subprocess.py:93} INFO -     df_trusted.write.mode("overwrite").parquet(output_path_trusted)
[2025-06-16T09:29:11.056+0000] {subprocess.py:93} INFO -   File "/home/airflow/.local/lib/python3.11/site-packages/pyspark/sql/readwriter.py", line 2003, in parquet
[2025-06-16T09:29:11.064+0000] {subprocess.py:93} INFO -     self._jwrite.parquet(path)
[2025-06-16T09:29:11.064+0000] {subprocess.py:93} INFO -   File "/home/airflow/.local/lib/python3.11/site-packages/py4j/java_gateway.py", line 1362, in __call__
[2025-06-16T09:29:11.065+0000] {subprocess.py:93} INFO -     return_value = get_return_value(
[2025-06-16T09:29:11.066+0000] {subprocess.py:93} INFO -                    ^^^^^^^^^^^^^^^^^
[2025-06-16T09:29:11.067+0000] {subprocess.py:93} INFO -   File "/home/airflow/.local/lib/python3.11/site-packages/pyspark/errors/exceptions/captured.py", line 288, in deco
[2025-06-16T09:29:11.067+0000] {subprocess.py:93} INFO -     raise converted from None
[2025-06-16T09:29:11.070+0000] {subprocess.py:93} INFO - pyspark.errors.exceptions.captured.NumberFormatException: For input string: "60s"
[2025-06-16T09:29:11.071+0000] {subprocess.py:93} INFO - 2025-06-16 09:29:11,043 - INFO - Sessão Spark encerrada.
[2025-06-16T09:29:11.562+0000] {subprocess.py:93} INFO - Traceback (most recent call last):
[2025-06-16T09:29:11.563+0000] {subprocess.py:93} INFO -   File "/opt/airflow/scripts/examples/12-processa_vendas.py", line 96, in <module>
[2025-06-16T09:29:11.567+0000] {subprocess.py:93} INFO -     main()
[2025-06-16T09:29:11.568+0000] {subprocess.py:93} INFO -   File "/opt/airflow/scripts/examples/12-processa_vendas.py", line 87, in main
[2025-06-16T09:29:11.572+0000] {subprocess.py:93} INFO -     process_sales_data(spark, caminho_trusted, caminho_refined)
[2025-06-16T09:29:11.573+0000] {subprocess.py:93} INFO -   File "/opt/airflow/scripts/examples/12-processa_vendas.py", line 53, in process_sales_data
[2025-06-16T09:29:11.578+0000] {subprocess.py:93} INFO -     df_trusted.write.mode("overwrite").parquet(output_path_trusted)
[2025-06-16T09:29:11.578+0000] {subprocess.py:93} INFO -   File "/home/airflow/.local/lib/python3.11/site-packages/pyspark/sql/readwriter.py", line 2003, in parquet
[2025-06-16T09:29:11.579+0000] {subprocess.py:93} INFO -     self._jwrite.parquet(path)
[2025-06-16T09:29:11.580+0000] {subprocess.py:93} INFO -   File "/home/airflow/.local/lib/python3.11/site-packages/py4j/java_gateway.py", line 1362, in __call__
[2025-06-16T09:29:11.581+0000] {subprocess.py:93} INFO -     return_value = get_return_value(
[2025-06-16T09:29:11.582+0000] {subprocess.py:93} INFO -                    ^^^^^^^^^^^^^^^^^
[2025-06-16T09:29:11.583+0000] {subprocess.py:93} INFO -   File "/home/airflow/.local/lib/python3.11/site-packages/pyspark/errors/exceptions/captured.py", line 288, in deco
[2025-06-16T09:29:11.584+0000] {subprocess.py:93} INFO -     raise converted from None
[2025-06-16T09:29:11.585+0000] {subprocess.py:93} INFO - pyspark.errors.exceptions.captured.NumberFormatException: For input string: "60s"
[2025-06-16T09:29:11.586+0000] {subprocess.py:93} INFO - 2025-06-16 09:29:11,582 - INFO - Closing down clientserver connection
[2025-06-16T09:29:12.212+0000] {subprocess.py:97} INFO - Command exited with return code 1
[2025-06-16T09:29:12.213+0000] {taskinstance.py:441} INFO - ::group::Post task execution logs
[2025-06-16T09:29:12.244+0000] {taskinstance.py:2905} ERROR - Task failed with exception
Traceback (most recent call last):
  File "/home/airflow/.local/lib/python3.11/site-packages/airflow/models/taskinstance.py", line 465, in _execute_task
    result = _execute_callable(context=context, **execute_callable_kwargs)
             ^^^^^^^^^^^^^^^^^^^^^^^^^^^^^^^^^^^^^^^^^^^^^^^^^^^^^^^^^^^^^
  File "/home/airflow/.local/lib/python3.11/site-packages/airflow/models/taskinstance.py", line 432, in _execute_callable
    return execute_callable(context=context, **execute_callable_kwargs)
           ^^^^^^^^^^^^^^^^^^^^^^^^^^^^^^^^^^^^^^^^^^^^^^^^^^^^^^^^^^^^
  File "/home/airflow/.local/lib/python3.11/site-packages/airflow/models/baseoperator.py", line 401, in wrapper
    return func(self, *args, **kwargs)
           ^^^^^^^^^^^^^^^^^^^^^^^^^^^
  File "/home/airflow/.local/lib/python3.11/site-packages/airflow/operators/bash.py", line 243, in execute
    raise AirflowException(
airflow.exceptions.AirflowException: Bash command failed. The command returned a non-zero exit code 1.
[2025-06-16T09:29:12.251+0000] {taskinstance.py:1206} INFO - Marking task as FAILED. dag_id=dag_04_processamento_spark_seguro_v1, task_id=submeter_job_spark_seguro, run_id=manual__2025-06-16T09:28:43.492241+00:00, execution_date=20250616T092843, start_date=20250616T092850, end_date=20250616T092912
[2025-06-16T09:29:12.282+0000] {standard_task_runner.py:110} ERROR - Failed to execute job 8 for task submeter_job_spark_seguro (Bash command failed. The command returned a non-zero exit code 1.; 1561)
[2025-06-16T09:29:12.332+0000] {local_task_job_runner.py:240} INFO - Task exited with return code 1
[2025-06-16T09:29:12.379+0000] {taskinstance.py:3503} INFO - 0 downstream tasks scheduled from follow-on schedule check
[2025-06-16T09:29:12.382+0000] {local_task_job_runner.py:222} INFO - ::endgroup::
