[2025-06-16T08:41:21.736+0000] {local_task_job_runner.py:120} INFO - ::group::Pre task execution logs
[2025-06-16T08:41:21.793+0000] {taskinstance.py:2076} INFO - Dependencies all met for dep_context=non-requeueable deps ti=<TaskInstance: dag_04_processamento_spark_seguro_v1.submeter_job_spark_seguro manual__2025-06-16T08:41:16.045178+00:00 [queued]>
[2025-06-16T08:41:21.804+0000] {taskinstance.py:2076} INFO - Dependencies all met for dep_context=requeueable deps ti=<TaskInstance: dag_04_processamento_spark_seguro_v1.submeter_job_spark_seguro manual__2025-06-16T08:41:16.045178+00:00 [queued]>
[2025-06-16T08:41:21.806+0000] {taskinstance.py:2306} INFO - Starting attempt 1 of 1
[2025-06-16T08:41:21.824+0000] {taskinstance.py:2330} INFO - Executing <Task(BashOperator): submeter_job_spark_seguro> on 2025-06-16 08:41:16.045178+00:00
[2025-06-16T08:41:21.832+0000] {standard_task_runner.py:63} INFO - Started process 71 to run task
[2025-06-16T08:41:21.838+0000] {standard_task_runner.py:90} INFO - Running: ['airflow', 'tasks', 'run', 'dag_04_processamento_spark_seguro_v1', 'submeter_job_spark_seguro', 'manual__2025-06-16T08:41:16.045178+00:00', '--job-id', '7', '--raw', '--subdir', 'DAGS_FOLDER/dag_04_processamento_spark_seguro_v1.py', '--cfg-path', '/tmp/tmpenue_u0h']
[2025-06-16T08:41:21.843+0000] {standard_task_runner.py:91} INFO - Job 7: Subtask submeter_job_spark_seguro
[2025-06-16T08:41:21.952+0000] {task_command.py:426} INFO - Running <TaskInstance: dag_04_processamento_spark_seguro_v1.submeter_job_spark_seguro manual__2025-06-16T08:41:16.045178+00:00 [running]> on host 0f40c05f786f
[2025-06-16T08:41:22.120+0000] {taskinstance.py:2648} INFO - Exporting env vars: AIRFLOW_CTX_DAG_OWNER='airflow' AIRFLOW_CTX_DAG_ID='dag_04_processamento_spark_seguro_v1' AIRFLOW_CTX_TASK_ID='submeter_job_spark_seguro' AIRFLOW_CTX_EXECUTION_DATE='2025-06-16T08:41:16.045178+00:00' AIRFLOW_CTX_TRY_NUMBER='1' AIRFLOW_CTX_DAG_RUN_ID='manual__2025-06-16T08:41:16.045178+00:00'
[2025-06-16T08:41:22.121+0000] {taskinstance.py:430} INFO - ::endgroup::
[2025-06-16T08:41:22.142+0000] {subprocess.py:63} INFO - Tmp dir root location: /tmp
[2025-06-16T08:41:22.144+0000] {subprocess.py:75} INFO - Running command: ['/usr/bin/bash', '-c', 'python /opt/airflow/scripts/examples/12-processa_vendas.py']
[2025-06-16T08:41:22.159+0000] {subprocess.py:86} INFO - Output:
[2025-06-16T08:41:23.740+0000] {subprocess.py:93} INFO - 2025-06-16 08:41:23,740 - INFO - === Iniciando Pipeline de Processamento de Vendas ===
[2025-06-16T08:41:23.741+0000] {subprocess.py:93} INFO - 2025-06-16 08:41:23,740 - INFO - Iniciando a sessão Spark...
[2025-06-16T08:41:24.293+0000] {subprocess.py:93} INFO - WARNING: Using incubator modules: jdk.incubator.vector
[2025-06-16T08:41:26.913+0000] {subprocess.py:93} INFO - Using Spark's default log4j profile: org/apache/spark/log4j2-defaults.properties
[2025-06-16T08:41:26.915+0000] {subprocess.py:93} INFO - Setting default log level to "WARN".
[2025-06-16T08:41:26.919+0000] {subprocess.py:93} INFO - To adjust logging level use sc.setLogLevel(newLevel). For SparkR, use setLogLevel(newLevel).
[2025-06-16T08:41:28.050+0000] {subprocess.py:93} INFO - 25/06/16 08:41:28 WARN NativeCodeLoader: Unable to load native-hadoop library for your platform... using builtin-java classes where applicable
[2025-06-16T08:41:34.907+0000] {subprocess.py:93} INFO - 2025-06-16 08:41:34,907 - INFO - Sessão Spark criada com sucesso.
[2025-06-16T08:41:34.908+0000] {subprocess.py:93} INFO - 2025-06-16 08:41:34,907 - INFO - Lendo dados de: C:/Users/Camila Turati/ok/data/olist/dados_consolidados.csv
[2025-06-16T08:41:36.328+0000] {subprocess.py:93} INFO - 25/06/16 08:41:36 WARN FileStreamSink: Assume no metadata directory. Error while looking for metadata directory in the path: C:/Users/Camila Turati/ok/data/olist/dados_consolidados.csv.
[2025-06-16T08:41:36.329+0000] {subprocess.py:93} INFO - org.apache.hadoop.fs.UnsupportedFileSystemException: No FileSystem for scheme "C"
[2025-06-16T08:41:36.330+0000] {subprocess.py:93} INFO - 	at org.apache.hadoop.fs.FileSystem.getFileSystemClass(FileSystem.java:3581)
[2025-06-16T08:41:36.331+0000] {subprocess.py:93} INFO - 	at org.apache.hadoop.fs.FileSystem.createFileSystem(FileSystem.java:3612)
[2025-06-16T08:41:36.332+0000] {subprocess.py:93} INFO - 	at org.apache.hadoop.fs.FileSystem.access$300(FileSystem.java:172)
[2025-06-16T08:41:36.333+0000] {subprocess.py:93} INFO - 	at org.apache.hadoop.fs.FileSystem$Cache.getInternal(FileSystem.java:3716)
[2025-06-16T08:41:36.334+0000] {subprocess.py:93} INFO - 	at org.apache.hadoop.fs.FileSystem$Cache.get(FileSystem.java:3667)
[2025-06-16T08:41:36.334+0000] {subprocess.py:93} INFO - 	at org.apache.hadoop.fs.FileSystem.get(FileSystem.java:557)
[2025-06-16T08:41:36.335+0000] {subprocess.py:93} INFO - 	at org.apache.hadoop.fs.Path.getFileSystem(Path.java:366)
[2025-06-16T08:41:36.336+0000] {subprocess.py:93} INFO - 	at org.apache.spark.sql.execution.streaming.FileStreamSink$.hasMetadata(FileStreamSink.scala:55)
[2025-06-16T08:41:36.339+0000] {subprocess.py:93} INFO - 	at org.apache.spark.sql.execution.datasources.DataSource.resolveRelation(DataSource.scala:381)
[2025-06-16T08:41:36.340+0000] {subprocess.py:93} INFO - 	at org.apache.spark.sql.catalyst.analysis.ResolveDataSource.org$apache$spark$sql$catalyst$analysis$ResolveDataSource$$loadV1BatchSource(ResolveDataSource.scala:143)
[2025-06-16T08:41:36.341+0000] {subprocess.py:93} INFO - 	at org.apache.spark.sql.catalyst.analysis.ResolveDataSource$$anonfun$apply$1.$anonfun$applyOrElse$2(ResolveDataSource.scala:61)
[2025-06-16T08:41:36.342+0000] {subprocess.py:93} INFO - 	at scala.Option.getOrElse(Option.scala:201)
[2025-06-16T08:41:36.342+0000] {subprocess.py:93} INFO - 	at org.apache.spark.sql.catalyst.analysis.ResolveDataSource$$anonfun$apply$1.applyOrElse(ResolveDataSource.scala:61)
[2025-06-16T08:41:36.343+0000] {subprocess.py:93} INFO - 	at org.apache.spark.sql.catalyst.analysis.ResolveDataSource$$anonfun$apply$1.applyOrElse(ResolveDataSource.scala:45)
[2025-06-16T08:41:36.344+0000] {subprocess.py:93} INFO - 	at org.apache.spark.sql.catalyst.plans.logical.AnalysisHelper.$anonfun$resolveOperatorsUpWithPruning$3(AnalysisHelper.scala:139)
[2025-06-16T08:41:36.345+0000] {subprocess.py:93} INFO - 	at org.apache.spark.sql.catalyst.trees.CurrentOrigin$.withOrigin(origin.scala:86)
[2025-06-16T08:41:36.346+0000] {subprocess.py:93} INFO - 	at org.apache.spark.sql.catalyst.plans.logical.AnalysisHelper.$anonfun$resolveOperatorsUpWithPruning$1(AnalysisHelper.scala:139)
[2025-06-16T08:41:36.346+0000] {subprocess.py:93} INFO - 	at org.apache.spark.sql.catalyst.plans.logical.AnalysisHelper$.allowInvokingTransformsInAnalyzer(AnalysisHelper.scala:416)
[2025-06-16T08:41:36.347+0000] {subprocess.py:93} INFO - 	at org.apache.spark.sql.catalyst.plans.logical.AnalysisHelper.resolveOperatorsUpWithPruning(AnalysisHelper.scala:135)
[2025-06-16T08:41:36.348+0000] {subprocess.py:93} INFO - 	at org.apache.spark.sql.catalyst.plans.logical.AnalysisHelper.resolveOperatorsUpWithPruning$(AnalysisHelper.scala:131)
[2025-06-16T08:41:36.349+0000] {subprocess.py:93} INFO - 	at org.apache.spark.sql.catalyst.plans.logical.LogicalPlan.resolveOperatorsUpWithPruning(LogicalPlan.scala:37)
[2025-06-16T08:41:36.349+0000] {subprocess.py:93} INFO - 	at org.apache.spark.sql.catalyst.plans.logical.AnalysisHelper.resolveOperatorsUp(AnalysisHelper.scala:112)
[2025-06-16T08:41:36.350+0000] {subprocess.py:93} INFO - 	at org.apache.spark.sql.catalyst.plans.logical.AnalysisHelper.resolveOperatorsUp$(AnalysisHelper.scala:111)
[2025-06-16T08:41:36.351+0000] {subprocess.py:93} INFO - 	at org.apache.spark.sql.catalyst.plans.logical.LogicalPlan.resolveOperatorsUp(LogicalPlan.scala:37)
[2025-06-16T08:41:36.352+0000] {subprocess.py:93} INFO - 	at org.apache.spark.sql.catalyst.analysis.ResolveDataSource.apply(ResolveDataSource.scala:45)
[2025-06-16T08:41:36.353+0000] {subprocess.py:93} INFO - 	at org.apache.spark.sql.catalyst.analysis.ResolveDataSource.apply(ResolveDataSource.scala:43)
[2025-06-16T08:41:36.353+0000] {subprocess.py:93} INFO - 	at org.apache.spark.sql.catalyst.rules.RuleExecutor.$anonfun$execute$2(RuleExecutor.scala:242)
[2025-06-16T08:41:36.359+0000] {subprocess.py:93} INFO - 	at scala.collection.LinearSeqOps.foldLeft(LinearSeq.scala:183)
[2025-06-16T08:41:36.360+0000] {subprocess.py:93} INFO - 	at scala.collection.LinearSeqOps.foldLeft$(LinearSeq.scala:179)
[2025-06-16T08:41:36.361+0000] {subprocess.py:93} INFO - 	at scala.collection.immutable.List.foldLeft(List.scala:79)
[2025-06-16T08:41:36.361+0000] {subprocess.py:93} INFO - 	at org.apache.spark.sql.catalyst.rules.RuleExecutor.$anonfun$execute$1(RuleExecutor.scala:239)
[2025-06-16T08:41:36.362+0000] {subprocess.py:93} INFO - 	at org.apache.spark.sql.catalyst.rules.RuleExecutor.$anonfun$execute$1$adapted(RuleExecutor.scala:231)
[2025-06-16T08:41:36.363+0000] {subprocess.py:93} INFO - 	at scala.collection.immutable.List.foreach(List.scala:334)
[2025-06-16T08:41:36.364+0000] {subprocess.py:93} INFO - 	at org.apache.spark.sql.catalyst.rules.RuleExecutor.execute(RuleExecutor.scala:231)
[2025-06-16T08:41:36.364+0000] {subprocess.py:93} INFO - 	at org.apache.spark.sql.catalyst.analysis.Analyzer.org$apache$spark$sql$catalyst$analysis$Analyzer$$executeSameContext(Analyzer.scala:290)
[2025-06-16T08:41:36.366+0000] {subprocess.py:93} INFO - 	at org.apache.spark.sql.catalyst.analysis.Analyzer.$anonfun$execute$1(Analyzer.scala:286)
[2025-06-16T08:41:36.367+0000] {subprocess.py:93} INFO - 	at org.apache.spark.sql.catalyst.analysis.AnalysisContext$.withNewAnalysisContext(Analyzer.scala:234)
[2025-06-16T08:41:36.368+0000] {subprocess.py:93} INFO - 	at org.apache.spark.sql.catalyst.analysis.Analyzer.execute(Analyzer.scala:286)
[2025-06-16T08:41:36.368+0000] {subprocess.py:93} INFO - 	at org.apache.spark.sql.catalyst.analysis.Analyzer.execute(Analyzer.scala:249)
[2025-06-16T08:41:36.369+0000] {subprocess.py:93} INFO - 	at org.apache.spark.sql.catalyst.rules.RuleExecutor.$anonfun$executeAndTrack$1(RuleExecutor.scala:201)
[2025-06-16T08:41:36.370+0000] {subprocess.py:93} INFO - 	at org.apache.spark.sql.catalyst.QueryPlanningTracker$.withTracker(QueryPlanningTracker.scala:89)
[2025-06-16T08:41:36.372+0000] {subprocess.py:93} INFO - 	at org.apache.spark.sql.catalyst.rules.RuleExecutor.executeAndTrack(RuleExecutor.scala:201)
[2025-06-16T08:41:36.374+0000] {subprocess.py:93} INFO - 	at org.apache.spark.sql.catalyst.analysis.resolver.HybridAnalyzer.resolveInFixedPoint(HybridAnalyzer.scala:190)
[2025-06-16T08:41:36.375+0000] {subprocess.py:93} INFO - 	at org.apache.spark.sql.catalyst.analysis.resolver.HybridAnalyzer.$anonfun$apply$1(HybridAnalyzer.scala:76)
[2025-06-16T08:41:36.375+0000] {subprocess.py:93} INFO - 	at org.apache.spark.sql.catalyst.analysis.resolver.HybridAnalyzer.withTrackedAnalyzerBridgeState(HybridAnalyzer.scala:111)
[2025-06-16T08:41:36.376+0000] {subprocess.py:93} INFO - 	at org.apache.spark.sql.catalyst.analysis.resolver.HybridAnalyzer.apply(HybridAnalyzer.scala:71)
[2025-06-16T08:41:36.377+0000] {subprocess.py:93} INFO - 	at org.apache.spark.sql.catalyst.analysis.Analyzer.$anonfun$executeAndCheck$1(Analyzer.scala:280)
[2025-06-16T08:41:36.378+0000] {subprocess.py:93} INFO - 	at org.apache.spark.sql.catalyst.plans.logical.AnalysisHelper$.markInAnalyzer(AnalysisHelper.scala:423)
[2025-06-16T08:41:36.380+0000] {subprocess.py:93} INFO - 	at org.apache.spark.sql.catalyst.analysis.Analyzer.executeAndCheck(Analyzer.scala:280)
[2025-06-16T08:41:36.381+0000] {subprocess.py:93} INFO - 	at org.apache.spark.sql.execution.QueryExecution.$anonfun$lazyAnalyzed$2(QueryExecution.scala:110)
[2025-06-16T08:41:36.382+0000] {subprocess.py:93} INFO - 	at org.apache.spark.sql.catalyst.QueryPlanningTracker.measurePhase(QueryPlanningTracker.scala:148)
[2025-06-16T08:41:36.384+0000] {subprocess.py:93} INFO - 	at org.apache.spark.sql.execution.QueryExecution.$anonfun$executePhase$2(QueryExecution.scala:278)
[2025-06-16T08:41:36.385+0000] {subprocess.py:93} INFO - 	at org.apache.spark.sql.execution.QueryExecution$.withInternalError(QueryExecution.scala:654)
[2025-06-16T08:41:36.386+0000] {subprocess.py:93} INFO - 	at org.apache.spark.sql.execution.QueryExecution.$anonfun$executePhase$1(QueryExecution.scala:278)
[2025-06-16T08:41:36.388+0000] {subprocess.py:93} INFO - 	at org.apache.spark.sql.SparkSession.withActive(SparkSession.scala:804)
[2025-06-16T08:41:36.389+0000] {subprocess.py:93} INFO - 	at org.apache.spark.sql.execution.QueryExecution.executePhase(QueryExecution.scala:277)
[2025-06-16T08:41:36.390+0000] {subprocess.py:93} INFO - 	at org.apache.spark.sql.execution.QueryExecution.$anonfun$lazyAnalyzed$1(QueryExecution.scala:110)
[2025-06-16T08:41:36.391+0000] {subprocess.py:93} INFO - 	at scala.util.Try$.apply(Try.scala:217)
[2025-06-16T08:41:36.392+0000] {subprocess.py:93} INFO - 	at org.apache.spark.util.Utils$.doTryWithCallerStacktrace(Utils.scala:1378)
[2025-06-16T08:41:36.392+0000] {subprocess.py:93} INFO - 	at org.apache.spark.util.LazyTry.tryT$lzycompute(LazyTry.scala:46)
[2025-06-16T08:41:36.393+0000] {subprocess.py:93} INFO - 	at org.apache.spark.util.LazyTry.tryT(LazyTry.scala:46)
[2025-06-16T08:41:36.394+0000] {subprocess.py:93} INFO - 	at org.apache.spark.util.LazyTry.get(LazyTry.scala:58)
[2025-06-16T08:41:36.394+0000] {subprocess.py:93} INFO - 	at org.apache.spark.sql.execution.QueryExecution.analyzed(QueryExecution.scala:121)
[2025-06-16T08:41:36.395+0000] {subprocess.py:93} INFO - 	at org.apache.spark.sql.execution.QueryExecution.assertAnalyzed(QueryExecution.scala:80)
[2025-06-16T08:41:36.396+0000] {subprocess.py:93} INFO - 	at org.apache.spark.sql.classic.Dataset$.$anonfun$ofRows$1(Dataset.scala:115)
[2025-06-16T08:41:36.397+0000] {subprocess.py:93} INFO - 	at org.apache.spark.sql.SparkSession.withActive(SparkSession.scala:804)
[2025-06-16T08:41:36.398+0000] {subprocess.py:93} INFO - 	at org.apache.spark.sql.classic.Dataset$.ofRows(Dataset.scala:113)
[2025-06-16T08:41:36.398+0000] {subprocess.py:93} INFO - 	at org.apache.spark.sql.classic.DataFrameReader.load(DataFrameReader.scala:109)
[2025-06-16T08:41:36.399+0000] {subprocess.py:93} INFO - 	at org.apache.spark.sql.classic.DataFrameReader.load(DataFrameReader.scala:58)
[2025-06-16T08:41:36.400+0000] {subprocess.py:93} INFO - 	at org.apache.spark.sql.DataFrameReader.csv(DataFrameReader.scala:392)
[2025-06-16T08:41:36.401+0000] {subprocess.py:93} INFO - 	at org.apache.spark.sql.classic.DataFrameReader.csv(DataFrameReader.scala:259)
[2025-06-16T08:41:36.403+0000] {subprocess.py:93} INFO - 	at org.apache.spark.sql.classic.DataFrameReader.csv(DataFrameReader.scala:58)
[2025-06-16T08:41:36.405+0000] {subprocess.py:93} INFO - 	at java.base/jdk.internal.reflect.NativeMethodAccessorImpl.invoke0(Native Method)
[2025-06-16T08:41:36.406+0000] {subprocess.py:93} INFO - 	at java.base/jdk.internal.reflect.NativeMethodAccessorImpl.invoke(NativeMethodAccessorImpl.java:77)
[2025-06-16T08:41:36.407+0000] {subprocess.py:93} INFO - 	at java.base/jdk.internal.reflect.DelegatingMethodAccessorImpl.invoke(DelegatingMethodAccessorImpl.java:43)
[2025-06-16T08:41:36.408+0000] {subprocess.py:93} INFO - 	at java.base/java.lang.reflect.Method.invoke(Method.java:569)
[2025-06-16T08:41:36.409+0000] {subprocess.py:93} INFO - 	at py4j.reflection.MethodInvoker.invoke(MethodInvoker.java:244)
[2025-06-16T08:41:36.409+0000] {subprocess.py:93} INFO - 	at py4j.reflection.ReflectionEngine.invoke(ReflectionEngine.java:374)
[2025-06-16T08:41:36.410+0000] {subprocess.py:93} INFO - 	at py4j.Gateway.invoke(Gateway.java:282)
[2025-06-16T08:41:36.410+0000] {subprocess.py:93} INFO - 	at py4j.commands.AbstractCommand.invokeMethod(AbstractCommand.java:132)
[2025-06-16T08:41:36.411+0000] {subprocess.py:93} INFO - 	at py4j.commands.CallCommand.execute(CallCommand.java:79)
[2025-06-16T08:41:36.412+0000] {subprocess.py:93} INFO - 	at py4j.ClientServerConnection.waitForCommands(ClientServerConnection.java:184)
[2025-06-16T08:41:36.412+0000] {subprocess.py:93} INFO - 	at py4j.ClientServerConnection.run(ClientServerConnection.java:108)
[2025-06-16T08:41:36.413+0000] {subprocess.py:93} INFO - 	at java.base/java.lang.Thread.run(Thread.java:840)
[2025-06-16T08:41:36.488+0000] {subprocess.py:93} INFO - 2025-06-16 08:41:36,488 - ERROR - Erro durante o processamento: An error occurred while calling o32.csv.
[2025-06-16T08:41:36.490+0000] {subprocess.py:93} INFO - : org.apache.hadoop.fs.UnsupportedFileSystemException: No FileSystem for scheme "C"
[2025-06-16T08:41:36.490+0000] {subprocess.py:93} INFO - 	at org.apache.hadoop.fs.FileSystem.getFileSystemClass(FileSystem.java:3581)
[2025-06-16T08:41:36.491+0000] {subprocess.py:93} INFO - 	at org.apache.hadoop.fs.FileSystem.createFileSystem(FileSystem.java:3612)
[2025-06-16T08:41:36.492+0000] {subprocess.py:93} INFO - 	at org.apache.hadoop.fs.FileSystem.access$300(FileSystem.java:172)
[2025-06-16T08:41:36.493+0000] {subprocess.py:93} INFO - 	at org.apache.hadoop.fs.FileSystem$Cache.getInternal(FileSystem.java:3716)
[2025-06-16T08:41:36.494+0000] {subprocess.py:93} INFO - 	at org.apache.hadoop.fs.FileSystem$Cache.get(FileSystem.java:3667)
[2025-06-16T08:41:36.495+0000] {subprocess.py:93} INFO - 	at org.apache.hadoop.fs.FileSystem.get(FileSystem.java:557)
[2025-06-16T08:41:36.496+0000] {subprocess.py:93} INFO - 	at org.apache.hadoop.fs.Path.getFileSystem(Path.java:366)
[2025-06-16T08:41:36.497+0000] {subprocess.py:93} INFO - 	at org.apache.spark.sql.execution.datasources.DataSource$.$anonfun$checkAndGlobPathIfNecessary$1(DataSource.scala:777)
[2025-06-16T08:41:36.498+0000] {subprocess.py:93} INFO - 	at scala.collection.immutable.List.map(List.scala:247)
[2025-06-16T08:41:36.499+0000] {subprocess.py:93} INFO - 	at scala.collection.immutable.List.map(List.scala:79)
[2025-06-16T08:41:36.500+0000] {subprocess.py:93} INFO - 	at org.apache.spark.sql.execution.datasources.DataSource$.checkAndGlobPathIfNecessary(DataSource.scala:775)
[2025-06-16T08:41:36.501+0000] {subprocess.py:93} INFO - 	at org.apache.spark.sql.execution.datasources.DataSource.checkAndGlobPathIfNecessary(DataSource.scala:575)
[2025-06-16T08:41:36.501+0000] {subprocess.py:93} INFO - 	at org.apache.spark.sql.execution.datasources.DataSource.resolveRelation(DataSource.scala:419)
[2025-06-16T08:41:36.502+0000] {subprocess.py:93} INFO - 	at org.apache.spark.sql.catalyst.analysis.ResolveDataSource.org$apache$spark$sql$catalyst$analysis$ResolveDataSource$$loadV1BatchSource(ResolveDataSource.scala:143)
[2025-06-16T08:41:36.503+0000] {subprocess.py:93} INFO - 	at org.apache.spark.sql.catalyst.analysis.ResolveDataSource$$anonfun$apply$1.$anonfun$applyOrElse$2(ResolveDataSource.scala:61)
[2025-06-16T08:41:36.504+0000] {subprocess.py:93} INFO - 	at scala.Option.getOrElse(Option.scala:201)
[2025-06-16T08:41:36.506+0000] {subprocess.py:93} INFO - 	at org.apache.spark.sql.catalyst.analysis.ResolveDataSource$$anonfun$apply$1.applyOrElse(ResolveDataSource.scala:61)
[2025-06-16T08:41:36.507+0000] {subprocess.py:93} INFO - 	at org.apache.spark.sql.catalyst.analysis.ResolveDataSource$$anonfun$apply$1.applyOrElse(ResolveDataSource.scala:45)
[2025-06-16T08:41:36.507+0000] {subprocess.py:93} INFO - 	at org.apache.spark.sql.catalyst.plans.logical.AnalysisHelper.$anonfun$resolveOperatorsUpWithPruning$3(AnalysisHelper.scala:139)
[2025-06-16T08:41:36.508+0000] {subprocess.py:93} INFO - 	at org.apache.spark.sql.catalyst.trees.CurrentOrigin$.withOrigin(origin.scala:86)
[2025-06-16T08:41:36.509+0000] {subprocess.py:93} INFO - 	at org.apache.spark.sql.catalyst.plans.logical.AnalysisHelper.$anonfun$resolveOperatorsUpWithPruning$1(AnalysisHelper.scala:139)
[2025-06-16T08:41:36.510+0000] {subprocess.py:93} INFO - 	at org.apache.spark.sql.catalyst.plans.logical.AnalysisHelper$.allowInvokingTransformsInAnalyzer(AnalysisHelper.scala:416)
[2025-06-16T08:41:36.510+0000] {subprocess.py:93} INFO - 	at org.apache.spark.sql.catalyst.plans.logical.AnalysisHelper.resolveOperatorsUpWithPruning(AnalysisHelper.scala:135)
[2025-06-16T08:41:36.511+0000] {subprocess.py:93} INFO - 	at org.apache.spark.sql.catalyst.plans.logical.AnalysisHelper.resolveOperatorsUpWithPruning$(AnalysisHelper.scala:131)
[2025-06-16T08:41:36.512+0000] {subprocess.py:93} INFO - 	at org.apache.spark.sql.catalyst.plans.logical.LogicalPlan.resolveOperatorsUpWithPruning(LogicalPlan.scala:37)
[2025-06-16T08:41:36.513+0000] {subprocess.py:93} INFO - 	at org.apache.spark.sql.catalyst.plans.logical.AnalysisHelper.resolveOperatorsUp(AnalysisHelper.scala:112)
[2025-06-16T08:41:36.514+0000] {subprocess.py:93} INFO - 	at org.apache.spark.sql.catalyst.plans.logical.AnalysisHelper.resolveOperatorsUp$(AnalysisHelper.scala:111)
[2025-06-16T08:41:36.515+0000] {subprocess.py:93} INFO - 	at org.apache.spark.sql.catalyst.plans.logical.LogicalPlan.resolveOperatorsUp(LogicalPlan.scala:37)
[2025-06-16T08:41:36.516+0000] {subprocess.py:93} INFO - 	at org.apache.spark.sql.catalyst.analysis.ResolveDataSource.apply(ResolveDataSource.scala:45)
[2025-06-16T08:41:36.517+0000] {subprocess.py:93} INFO - 	at org.apache.spark.sql.catalyst.analysis.ResolveDataSource.apply(ResolveDataSource.scala:43)
[2025-06-16T08:41:36.518+0000] {subprocess.py:93} INFO - 	at org.apache.spark.sql.catalyst.rules.RuleExecutor.$anonfun$execute$2(RuleExecutor.scala:242)
[2025-06-16T08:41:36.519+0000] {subprocess.py:93} INFO - 	at scala.collection.LinearSeqOps.foldLeft(LinearSeq.scala:183)
[2025-06-16T08:41:36.520+0000] {subprocess.py:93} INFO - 	at scala.collection.LinearSeqOps.foldLeft$(LinearSeq.scala:179)
[2025-06-16T08:41:36.522+0000] {subprocess.py:93} INFO - 	at scala.collection.immutable.List.foldLeft(List.scala:79)
[2025-06-16T08:41:36.524+0000] {subprocess.py:93} INFO - 	at org.apache.spark.sql.catalyst.rules.RuleExecutor.$anonfun$execute$1(RuleExecutor.scala:239)
[2025-06-16T08:41:36.525+0000] {subprocess.py:93} INFO - 	at org.apache.spark.sql.catalyst.rules.RuleExecutor.$anonfun$execute$1$adapted(RuleExecutor.scala:231)
[2025-06-16T08:41:36.526+0000] {subprocess.py:93} INFO - 	at scala.collection.immutable.List.foreach(List.scala:334)
[2025-06-16T08:41:36.527+0000] {subprocess.py:93} INFO - 	at org.apache.spark.sql.catalyst.rules.RuleExecutor.execute(RuleExecutor.scala:231)
[2025-06-16T08:41:36.528+0000] {subprocess.py:93} INFO - 	at org.apache.spark.sql.catalyst.analysis.Analyzer.org$apache$spark$sql$catalyst$analysis$Analyzer$$executeSameContext(Analyzer.scala:290)
[2025-06-16T08:41:36.529+0000] {subprocess.py:93} INFO - 	at org.apache.spark.sql.catalyst.analysis.Analyzer.$anonfun$execute$1(Analyzer.scala:286)
[2025-06-16T08:41:36.529+0000] {subprocess.py:93} INFO - 	at org.apache.spark.sql.catalyst.analysis.AnalysisContext$.withNewAnalysisContext(Analyzer.scala:234)
[2025-06-16T08:41:36.532+0000] {subprocess.py:93} INFO - 	at org.apache.spark.sql.catalyst.analysis.Analyzer.execute(Analyzer.scala:286)
[2025-06-16T08:41:36.533+0000] {subprocess.py:93} INFO - 	at org.apache.spark.sql.catalyst.analysis.Analyzer.execute(Analyzer.scala:249)
[2025-06-16T08:41:36.534+0000] {subprocess.py:93} INFO - 	at org.apache.spark.sql.catalyst.rules.RuleExecutor.$anonfun$executeAndTrack$1(RuleExecutor.scala:201)
[2025-06-16T08:41:36.539+0000] {subprocess.py:93} INFO - 	at org.apache.spark.sql.catalyst.QueryPlanningTracker$.withTracker(QueryPlanningTracker.scala:89)
[2025-06-16T08:41:36.540+0000] {subprocess.py:93} INFO - 	at org.apache.spark.sql.catalyst.rules.RuleExecutor.executeAndTrack(RuleExecutor.scala:201)
[2025-06-16T08:41:36.542+0000] {subprocess.py:93} INFO - 	at org.apache.spark.sql.catalyst.analysis.resolver.HybridAnalyzer.resolveInFixedPoint(HybridAnalyzer.scala:190)
[2025-06-16T08:41:36.543+0000] {subprocess.py:93} INFO - 	at org.apache.spark.sql.catalyst.analysis.resolver.HybridAnalyzer.$anonfun$apply$1(HybridAnalyzer.scala:76)
[2025-06-16T08:41:36.543+0000] {subprocess.py:93} INFO - 	at org.apache.spark.sql.catalyst.analysis.resolver.HybridAnalyzer.withTrackedAnalyzerBridgeState(HybridAnalyzer.scala:111)
[2025-06-16T08:41:36.544+0000] {subprocess.py:93} INFO - 	at org.apache.spark.sql.catalyst.analysis.resolver.HybridAnalyzer.apply(HybridAnalyzer.scala:71)
[2025-06-16T08:41:36.545+0000] {subprocess.py:93} INFO - 	at org.apache.spark.sql.catalyst.analysis.Analyzer.$anonfun$executeAndCheck$1(Analyzer.scala:280)
[2025-06-16T08:41:36.546+0000] {subprocess.py:93} INFO - 	at org.apache.spark.sql.catalyst.plans.logical.AnalysisHelper$.markInAnalyzer(AnalysisHelper.scala:423)
[2025-06-16T08:41:36.551+0000] {subprocess.py:93} INFO - 	at org.apache.spark.sql.catalyst.analysis.Analyzer.executeAndCheck(Analyzer.scala:280)
[2025-06-16T08:41:36.552+0000] {subprocess.py:93} INFO - 	at org.apache.spark.sql.execution.QueryExecution.$anonfun$lazyAnalyzed$2(QueryExecution.scala:110)
[2025-06-16T08:41:36.553+0000] {subprocess.py:93} INFO - 	at org.apache.spark.sql.catalyst.QueryPlanningTracker.measurePhase(QueryPlanningTracker.scala:148)
[2025-06-16T08:41:36.553+0000] {subprocess.py:93} INFO - 	at org.apache.spark.sql.execution.QueryExecution.$anonfun$executePhase$2(QueryExecution.scala:278)
[2025-06-16T08:41:36.556+0000] {subprocess.py:93} INFO - 	at org.apache.spark.sql.execution.QueryExecution$.withInternalError(QueryExecution.scala:654)
[2025-06-16T08:41:36.559+0000] {subprocess.py:93} INFO - 	at org.apache.spark.sql.execution.QueryExecution.$anonfun$executePhase$1(QueryExecution.scala:278)
[2025-06-16T08:41:36.560+0000] {subprocess.py:93} INFO - 	at org.apache.spark.sql.SparkSession.withActive(SparkSession.scala:804)
[2025-06-16T08:41:36.560+0000] {subprocess.py:93} INFO - 	at org.apache.spark.sql.execution.QueryExecution.executePhase(QueryExecution.scala:277)
[2025-06-16T08:41:36.562+0000] {subprocess.py:93} INFO - 	at org.apache.spark.sql.execution.QueryExecution.$anonfun$lazyAnalyzed$1(QueryExecution.scala:110)
[2025-06-16T08:41:36.563+0000] {subprocess.py:93} INFO - 	at scala.util.Try$.apply(Try.scala:217)
[2025-06-16T08:41:36.564+0000] {subprocess.py:93} INFO - 	at org.apache.spark.util.Utils$.doTryWithCallerStacktrace(Utils.scala:1378)
[2025-06-16T08:41:36.565+0000] {subprocess.py:93} INFO - 	at org.apache.spark.util.Utils$.getTryWithCallerStacktrace(Utils.scala:1439)
[2025-06-16T08:41:36.565+0000] {subprocess.py:93} INFO - 	at org.apache.spark.util.LazyTry.get(LazyTry.scala:58)
[2025-06-16T08:41:36.566+0000] {subprocess.py:93} INFO - 	at org.apache.spark.sql.execution.QueryExecution.analyzed(QueryExecution.scala:121)
[2025-06-16T08:41:36.567+0000] {subprocess.py:93} INFO - 	at org.apache.spark.sql.execution.QueryExecution.assertAnalyzed(QueryExecution.scala:80)
[2025-06-16T08:41:36.568+0000] {subprocess.py:93} INFO - 	at org.apache.spark.sql.classic.Dataset$.$anonfun$ofRows$1(Dataset.scala:115)
[2025-06-16T08:41:36.568+0000] {subprocess.py:93} INFO - 	at org.apache.spark.sql.SparkSession.withActive(SparkSession.scala:804)
[2025-06-16T08:41:36.569+0000] {subprocess.py:93} INFO - 	at org.apache.spark.sql.classic.Dataset$.ofRows(Dataset.scala:113)
[2025-06-16T08:41:36.570+0000] {subprocess.py:93} INFO - 	at org.apache.spark.sql.classic.DataFrameReader.load(DataFrameReader.scala:109)
[2025-06-16T08:41:36.573+0000] {subprocess.py:93} INFO - 	at org.apache.spark.sql.classic.DataFrameReader.load(DataFrameReader.scala:58)
[2025-06-16T08:41:36.574+0000] {subprocess.py:93} INFO - 	at org.apache.spark.sql.DataFrameReader.csv(DataFrameReader.scala:392)
[2025-06-16T08:41:36.575+0000] {subprocess.py:93} INFO - 	at org.apache.spark.sql.classic.DataFrameReader.csv(DataFrameReader.scala:259)
[2025-06-16T08:41:36.575+0000] {subprocess.py:93} INFO - 	at org.apache.spark.sql.classic.DataFrameReader.csv(DataFrameReader.scala:58)
[2025-06-16T08:41:36.576+0000] {subprocess.py:93} INFO - 	at java.base/jdk.internal.reflect.NativeMethodAccessorImpl.invoke0(Native Method)
[2025-06-16T08:41:36.577+0000] {subprocess.py:93} INFO - 	at java.base/jdk.internal.reflect.NativeMethodAccessorImpl.invoke(NativeMethodAccessorImpl.java:77)
[2025-06-16T08:41:36.577+0000] {subprocess.py:93} INFO - 	at java.base/jdk.internal.reflect.DelegatingMethodAccessorImpl.invoke(DelegatingMethodAccessorImpl.java:43)
[2025-06-16T08:41:36.578+0000] {subprocess.py:93} INFO - 	at java.base/java.lang.reflect.Method.invoke(Method.java:569)
[2025-06-16T08:41:36.579+0000] {subprocess.py:93} INFO - 	at py4j.reflection.MethodInvoker.invoke(MethodInvoker.java:244)
[2025-06-16T08:41:36.580+0000] {subprocess.py:93} INFO - 	at py4j.reflection.ReflectionEngine.invoke(ReflectionEngine.java:374)
[2025-06-16T08:41:36.581+0000] {subprocess.py:93} INFO - 	at py4j.Gateway.invoke(Gateway.java:282)
[2025-06-16T08:41:36.582+0000] {subprocess.py:93} INFO - 	at py4j.commands.AbstractCommand.invokeMethod(AbstractCommand.java:132)
[2025-06-16T08:41:36.583+0000] {subprocess.py:93} INFO - 	at py4j.commands.CallCommand.execute(CallCommand.java:79)
[2025-06-16T08:41:36.583+0000] {subprocess.py:93} INFO - 	at py4j.ClientServerConnection.waitForCommands(ClientServerConnection.java:184)
[2025-06-16T08:41:36.584+0000] {subprocess.py:93} INFO - 	at py4j.ClientServerConnection.run(ClientServerConnection.java:108)
[2025-06-16T08:41:36.585+0000] {subprocess.py:93} INFO - 	at java.base/java.lang.Thread.run(Thread.java:840)
[2025-06-16T08:41:36.586+0000] {subprocess.py:93} INFO - 	Suppressed: org.apache.spark.util.Utils$OriginalTryStackTraceException: Full stacktrace of original doTryWithCallerStacktrace caller
[2025-06-16T08:41:36.586+0000] {subprocess.py:93} INFO - 		at org.apache.hadoop.fs.FileSystem.getFileSystemClass(FileSystem.java:3581)
[2025-06-16T08:41:36.587+0000] {subprocess.py:93} INFO - 		at org.apache.hadoop.fs.FileSystem.createFileSystem(FileSystem.java:3612)
[2025-06-16T08:41:36.589+0000] {subprocess.py:93} INFO - 		at org.apache.hadoop.fs.FileSystem.access$300(FileSystem.java:172)
[2025-06-16T08:41:36.589+0000] {subprocess.py:93} INFO - 		at org.apache.hadoop.fs.FileSystem$Cache.getInternal(FileSystem.java:3716)
[2025-06-16T08:41:36.590+0000] {subprocess.py:93} INFO - 		at org.apache.hadoop.fs.FileSystem$Cache.get(FileSystem.java:3667)
[2025-06-16T08:41:36.591+0000] {subprocess.py:93} INFO - 		at org.apache.hadoop.fs.FileSystem.get(FileSystem.java:557)
[2025-06-16T08:41:36.591+0000] {subprocess.py:93} INFO - 		at org.apache.hadoop.fs.Path.getFileSystem(Path.java:366)
[2025-06-16T08:41:36.592+0000] {subprocess.py:93} INFO - 		at org.apache.spark.sql.execution.datasources.DataSource$.$anonfun$checkAndGlobPathIfNecessary$1(DataSource.scala:777)
[2025-06-16T08:41:36.592+0000] {subprocess.py:93} INFO - 		at scala.collection.immutable.List.map(List.scala:247)
[2025-06-16T08:41:36.593+0000] {subprocess.py:93} INFO - 		at scala.collection.immutable.List.map(List.scala:79)
[2025-06-16T08:41:36.594+0000] {subprocess.py:93} INFO - 		at org.apache.spark.sql.execution.datasources.DataSource$.checkAndGlobPathIfNecessary(DataSource.scala:775)
[2025-06-16T08:41:36.594+0000] {subprocess.py:93} INFO - 		at org.apache.spark.sql.execution.datasources.DataSource.checkAndGlobPathIfNecessary(DataSource.scala:575)
[2025-06-16T08:41:36.595+0000] {subprocess.py:93} INFO - 		at org.apache.spark.sql.execution.datasources.DataSource.resolveRelation(DataSource.scala:419)
[2025-06-16T08:41:36.596+0000] {subprocess.py:93} INFO - 		at org.apache.spark.sql.catalyst.analysis.ResolveDataSource.org$apache$spark$sql$catalyst$analysis$ResolveDataSource$$loadV1BatchSource(ResolveDataSource.scala:143)
[2025-06-16T08:41:36.596+0000] {subprocess.py:93} INFO - 		at org.apache.spark.sql.catalyst.analysis.ResolveDataSource$$anonfun$apply$1.$anonfun$applyOrElse$2(ResolveDataSource.scala:61)
[2025-06-16T08:41:36.597+0000] {subprocess.py:93} INFO - 		at scala.Option.getOrElse(Option.scala:201)
[2025-06-16T08:41:36.598+0000] {subprocess.py:93} INFO - 		at org.apache.spark.sql.catalyst.analysis.ResolveDataSource$$anonfun$apply$1.applyOrElse(ResolveDataSource.scala:61)
[2025-06-16T08:41:36.598+0000] {subprocess.py:93} INFO - 		at org.apache.spark.sql.catalyst.analysis.ResolveDataSource$$anonfun$apply$1.applyOrElse(ResolveDataSource.scala:45)
[2025-06-16T08:41:36.599+0000] {subprocess.py:93} INFO - 		at org.apache.spark.sql.catalyst.plans.logical.AnalysisHelper.$anonfun$resolveOperatorsUpWithPruning$3(AnalysisHelper.scala:139)
[2025-06-16T08:41:36.603+0000] {subprocess.py:93} INFO - 		at org.apache.spark.sql.catalyst.trees.CurrentOrigin$.withOrigin(origin.scala:86)
[2025-06-16T08:41:36.605+0000] {subprocess.py:93} INFO - 		at org.apache.spark.sql.catalyst.plans.logical.AnalysisHelper.$anonfun$resolveOperatorsUpWithPruning$1(AnalysisHelper.scala:139)
[2025-06-16T08:41:36.606+0000] {subprocess.py:93} INFO - 		at org.apache.spark.sql.catalyst.plans.logical.AnalysisHelper$.allowInvokingTransformsInAnalyzer(AnalysisHelper.scala:416)
[2025-06-16T08:41:36.607+0000] {subprocess.py:93} INFO - 		at org.apache.spark.sql.catalyst.plans.logical.AnalysisHelper.resolveOperatorsUpWithPruning(AnalysisHelper.scala:135)
[2025-06-16T08:41:36.608+0000] {subprocess.py:93} INFO - 		at org.apache.spark.sql.catalyst.plans.logical.AnalysisHelper.resolveOperatorsUpWithPruning$(AnalysisHelper.scala:131)
[2025-06-16T08:41:36.608+0000] {subprocess.py:93} INFO - 		at org.apache.spark.sql.catalyst.plans.logical.LogicalPlan.resolveOperatorsUpWithPruning(LogicalPlan.scala:37)
[2025-06-16T08:41:36.609+0000] {subprocess.py:93} INFO - 		at org.apache.spark.sql.catalyst.plans.logical.AnalysisHelper.resolveOperatorsUp(AnalysisHelper.scala:112)
[2025-06-16T08:41:36.609+0000] {subprocess.py:93} INFO - 		at org.apache.spark.sql.catalyst.plans.logical.AnalysisHelper.resolveOperatorsUp$(AnalysisHelper.scala:111)
[2025-06-16T08:41:36.610+0000] {subprocess.py:93} INFO - 		at org.apache.spark.sql.catalyst.plans.logical.LogicalPlan.resolveOperatorsUp(LogicalPlan.scala:37)
[2025-06-16T08:41:36.610+0000] {subprocess.py:93} INFO - 		at org.apache.spark.sql.catalyst.analysis.ResolveDataSource.apply(ResolveDataSource.scala:45)
[2025-06-16T08:41:36.611+0000] {subprocess.py:93} INFO - 		at org.apache.spark.sql.catalyst.analysis.ResolveDataSource.apply(ResolveDataSource.scala:43)
[2025-06-16T08:41:36.612+0000] {subprocess.py:93} INFO - 		at org.apache.spark.sql.catalyst.rules.RuleExecutor.$anonfun$execute$2(RuleExecutor.scala:242)
[2025-06-16T08:41:36.612+0000] {subprocess.py:93} INFO - 		at scala.collection.LinearSeqOps.foldLeft(LinearSeq.scala:183)
[2025-06-16T08:41:36.613+0000] {subprocess.py:93} INFO - 		at scala.collection.LinearSeqOps.foldLeft$(LinearSeq.scala:179)
[2025-06-16T08:41:36.614+0000] {subprocess.py:93} INFO - 		at scala.collection.immutable.List.foldLeft(List.scala:79)
[2025-06-16T08:41:36.614+0000] {subprocess.py:93} INFO - 		at org.apache.spark.sql.catalyst.rules.RuleExecutor.$anonfun$execute$1(RuleExecutor.scala:239)
[2025-06-16T08:41:36.615+0000] {subprocess.py:93} INFO - 		at org.apache.spark.sql.catalyst.rules.RuleExecutor.$anonfun$execute$1$adapted(RuleExecutor.scala:231)
[2025-06-16T08:41:36.615+0000] {subprocess.py:93} INFO - 		at scala.collection.immutable.List.foreach(List.scala:334)
[2025-06-16T08:41:36.616+0000] {subprocess.py:93} INFO - 		at org.apache.spark.sql.catalyst.rules.RuleExecutor.execute(RuleExecutor.scala:231)
[2025-06-16T08:41:36.616+0000] {subprocess.py:93} INFO - 		at org.apache.spark.sql.catalyst.analysis.Analyzer.org$apache$spark$sql$catalyst$analysis$Analyzer$$executeSameContext(Analyzer.scala:290)
[2025-06-16T08:41:36.617+0000] {subprocess.py:93} INFO - 		at org.apache.spark.sql.catalyst.analysis.Analyzer.$anonfun$execute$1(Analyzer.scala:286)
[2025-06-16T08:41:36.617+0000] {subprocess.py:93} INFO - 		at org.apache.spark.sql.catalyst.analysis.AnalysisContext$.withNewAnalysisContext(Analyzer.scala:234)
[2025-06-16T08:41:36.618+0000] {subprocess.py:93} INFO - 		at org.apache.spark.sql.catalyst.analysis.Analyzer.execute(Analyzer.scala:286)
[2025-06-16T08:41:36.618+0000] {subprocess.py:93} INFO - 		at org.apache.spark.sql.catalyst.analysis.Analyzer.execute(Analyzer.scala:249)
[2025-06-16T08:41:36.619+0000] {subprocess.py:93} INFO - 		at org.apache.spark.sql.catalyst.rules.RuleExecutor.$anonfun$executeAndTrack$1(RuleExecutor.scala:201)
[2025-06-16T08:41:36.619+0000] {subprocess.py:93} INFO - 		at org.apache.spark.sql.catalyst.QueryPlanningTracker$.withTracker(QueryPlanningTracker.scala:89)
[2025-06-16T08:41:36.620+0000] {subprocess.py:93} INFO - 		at org.apache.spark.sql.catalyst.rules.RuleExecutor.executeAndTrack(RuleExecutor.scala:201)
[2025-06-16T08:41:36.620+0000] {subprocess.py:93} INFO - 		at org.apache.spark.sql.catalyst.analysis.resolver.HybridAnalyzer.resolveInFixedPoint(HybridAnalyzer.scala:190)
[2025-06-16T08:41:36.621+0000] {subprocess.py:93} INFO - 		at org.apache.spark.sql.catalyst.analysis.resolver.HybridAnalyzer.$anonfun$apply$1(HybridAnalyzer.scala:76)
[2025-06-16T08:41:36.622+0000] {subprocess.py:93} INFO - 		at org.apache.spark.sql.catalyst.analysis.resolver.HybridAnalyzer.withTrackedAnalyzerBridgeState(HybridAnalyzer.scala:111)
[2025-06-16T08:41:36.622+0000] {subprocess.py:93} INFO - 		at org.apache.spark.sql.catalyst.analysis.resolver.HybridAnalyzer.apply(HybridAnalyzer.scala:71)
[2025-06-16T08:41:36.623+0000] {subprocess.py:93} INFO - 		at org.apache.spark.sql.catalyst.analysis.Analyzer.$anonfun$executeAndCheck$1(Analyzer.scala:280)
[2025-06-16T08:41:36.623+0000] {subprocess.py:93} INFO - 		at org.apache.spark.sql.catalyst.plans.logical.AnalysisHelper$.markInAnalyzer(AnalysisHelper.scala:423)
[2025-06-16T08:41:36.624+0000] {subprocess.py:93} INFO - 		at org.apache.spark.sql.catalyst.analysis.Analyzer.executeAndCheck(Analyzer.scala:280)
[2025-06-16T08:41:36.624+0000] {subprocess.py:93} INFO - 		at org.apache.spark.sql.execution.QueryExecution.$anonfun$lazyAnalyzed$2(QueryExecution.scala:110)
[2025-06-16T08:41:36.625+0000] {subprocess.py:93} INFO - 		at org.apache.spark.sql.catalyst.QueryPlanningTracker.measurePhase(QueryPlanningTracker.scala:148)
[2025-06-16T08:41:36.626+0000] {subprocess.py:93} INFO - 		at org.apache.spark.sql.execution.QueryExecution.$anonfun$executePhase$2(QueryExecution.scala:278)
[2025-06-16T08:41:36.626+0000] {subprocess.py:93} INFO - 		at org.apache.spark.sql.execution.QueryExecution$.withInternalError(QueryExecution.scala:654)
[2025-06-16T08:41:36.627+0000] {subprocess.py:93} INFO - 		at org.apache.spark.sql.execution.QueryExecution.$anonfun$executePhase$1(QueryExecution.scala:278)
[2025-06-16T08:41:36.627+0000] {subprocess.py:93} INFO - 		at org.apache.spark.sql.SparkSession.withActive(SparkSession.scala:804)
[2025-06-16T08:41:36.628+0000] {subprocess.py:93} INFO - 		at org.apache.spark.sql.execution.QueryExecution.executePhase(QueryExecution.scala:277)
[2025-06-16T08:41:36.629+0000] {subprocess.py:93} INFO - 		at org.apache.spark.sql.execution.QueryExecution.$anonfun$lazyAnalyzed$1(QueryExecution.scala:110)
[2025-06-16T08:41:36.629+0000] {subprocess.py:93} INFO - 		at scala.util.Try$.apply(Try.scala:217)
[2025-06-16T08:41:36.629+0000] {subprocess.py:93} INFO - 		at org.apache.spark.util.Utils$.doTryWithCallerStacktrace(Utils.scala:1378)
[2025-06-16T08:41:36.630+0000] {subprocess.py:93} INFO - 		at org.apache.spark.util.LazyTry.tryT$lzycompute(LazyTry.scala:46)
[2025-06-16T08:41:36.630+0000] {subprocess.py:93} INFO - 		at org.apache.spark.util.LazyTry.tryT(LazyTry.scala:46)
[2025-06-16T08:41:36.631+0000] {subprocess.py:93} INFO - 		... 23 more
[2025-06-16T08:41:36.631+0000] {subprocess.py:93} INFO - 
[2025-06-16T08:41:36.893+0000] {subprocess.py:93} INFO - 2025-06-16 08:41:36,892 - INFO - Sessão Spark encerrada.
[2025-06-16T08:41:36.895+0000] {subprocess.py:93} INFO - Traceback (most recent call last):
[2025-06-16T08:41:36.898+0000] {subprocess.py:93} INFO -   File "/opt/airflow/scripts/examples/12-processa_vendas.py", line 130, in <module>
[2025-06-16T08:41:36.904+0000] {subprocess.py:93} INFO -     main()
[2025-06-16T08:41:36.908+0000] {subprocess.py:93} INFO -   File "/opt/airflow/scripts/examples/12-processa_vendas.py", line 69, in main
[2025-06-16T08:41:36.917+0000] {subprocess.py:93} INFO -     df_vendas = spark.read.csv(caminho_dados_consolidados, header=True, inferSchema=True)
[2025-06-16T08:41:36.918+0000] {subprocess.py:93} INFO -                 ^^^^^^^^^^^^^^^^^^^^^^^^^^^^^^^^^^^^^^^^^^^^^^^^^^^^^^^^^^^^^^^^^^^^^^^^^
[2025-06-16T08:41:36.921+0000] {subprocess.py:93} INFO -   File "/home/airflow/.local/lib/python3.11/site-packages/pyspark/sql/readwriter.py", line 838, in csv
[2025-06-16T08:41:36.925+0000] {subprocess.py:93} INFO -     return self._df(self._jreader.csv(self._spark._sc._jvm.PythonUtils.toSeq(path)))
[2025-06-16T08:41:36.931+0000] {subprocess.py:93} INFO -                     ^^^^^^^^^^^^^^^^^^^^^^^^^^^^^^^^^^^^^^^^^^^^^^^^^^^^^^^^^^^^^^^
[2025-06-16T08:41:36.932+0000] {subprocess.py:93} INFO -   File "/home/airflow/.local/lib/python3.11/site-packages/py4j/java_gateway.py", line 1362, in __call__
[2025-06-16T08:41:36.933+0000] {subprocess.py:93} INFO -     return_value = get_return_value(
[2025-06-16T08:41:36.934+0000] {subprocess.py:93} INFO -                    ^^^^^^^^^^^^^^^^^
[2025-06-16T08:41:36.934+0000] {subprocess.py:93} INFO -   File "/home/airflow/.local/lib/python3.11/site-packages/pyspark/errors/exceptions/captured.py", line 282, in deco
[2025-06-16T08:41:36.935+0000] {subprocess.py:93} INFO -     return f(*a, **kw)
[2025-06-16T08:41:36.936+0000] {subprocess.py:93} INFO -            ^^^^^^^^^^^
[2025-06-16T08:41:36.937+0000] {subprocess.py:93} INFO -   File "/home/airflow/.local/lib/python3.11/site-packages/py4j/protocol.py", line 327, in get_return_value
[2025-06-16T08:41:36.939+0000] {subprocess.py:93} INFO -     raise Py4JJavaError(
[2025-06-16T08:41:36.972+0000] {subprocess.py:93} INFO - py4j.protocol.Py4JJavaError: An error occurred while calling o32.csv.
[2025-06-16T08:41:36.975+0000] {subprocess.py:93} INFO - : org.apache.hadoop.fs.UnsupportedFileSystemException: No FileSystem for scheme "C"
[2025-06-16T08:41:36.977+0000] {subprocess.py:93} INFO - 	at org.apache.hadoop.fs.FileSystem.getFileSystemClass(FileSystem.java:3581)
[2025-06-16T08:41:36.977+0000] {subprocess.py:93} INFO - 	at org.apache.hadoop.fs.FileSystem.createFileSystem(FileSystem.java:3612)
[2025-06-16T08:41:36.978+0000] {subprocess.py:93} INFO - 	at org.apache.hadoop.fs.FileSystem.access$300(FileSystem.java:172)
[2025-06-16T08:41:36.979+0000] {subprocess.py:93} INFO - 	at org.apache.hadoop.fs.FileSystem$Cache.getInternal(FileSystem.java:3716)
[2025-06-16T08:41:36.980+0000] {subprocess.py:93} INFO - 	at org.apache.hadoop.fs.FileSystem$Cache.get(FileSystem.java:3667)
[2025-06-16T08:41:36.981+0000] {subprocess.py:93} INFO - 	at org.apache.hadoop.fs.FileSystem.get(FileSystem.java:557)
[2025-06-16T08:41:36.982+0000] {subprocess.py:93} INFO - 	at org.apache.hadoop.fs.Path.getFileSystem(Path.java:366)
[2025-06-16T08:41:36.984+0000] {subprocess.py:93} INFO - 	at org.apache.spark.sql.execution.datasources.DataSource$.$anonfun$checkAndGlobPathIfNecessary$1(DataSource.scala:777)
[2025-06-16T08:41:36.985+0000] {subprocess.py:93} INFO - 	at scala.collection.immutable.List.map(List.scala:247)
[2025-06-16T08:41:36.986+0000] {subprocess.py:93} INFO - 	at scala.collection.immutable.List.map(List.scala:79)
[2025-06-16T08:41:36.987+0000] {subprocess.py:93} INFO - 	at org.apache.spark.sql.execution.datasources.DataSource$.checkAndGlobPathIfNecessary(DataSource.scala:775)
[2025-06-16T08:41:36.989+0000] {subprocess.py:93} INFO - 	at org.apache.spark.sql.execution.datasources.DataSource.checkAndGlobPathIfNecessary(DataSource.scala:575)
[2025-06-16T08:41:36.990+0000] {subprocess.py:93} INFO - 	at org.apache.spark.sql.execution.datasources.DataSource.resolveRelation(DataSource.scala:419)
[2025-06-16T08:41:36.990+0000] {subprocess.py:93} INFO - 	at org.apache.spark.sql.catalyst.analysis.ResolveDataSource.org$apache$spark$sql$catalyst$analysis$ResolveDataSource$$loadV1BatchSource(ResolveDataSource.scala:143)
[2025-06-16T08:41:36.991+0000] {subprocess.py:93} INFO - 	at org.apache.spark.sql.catalyst.analysis.ResolveDataSource$$anonfun$apply$1.$anonfun$applyOrElse$2(ResolveDataSource.scala:61)
[2025-06-16T08:41:36.992+0000] {subprocess.py:93} INFO - 	at scala.Option.getOrElse(Option.scala:201)
[2025-06-16T08:41:36.993+0000] {subprocess.py:93} INFO - 	at org.apache.spark.sql.catalyst.analysis.ResolveDataSource$$anonfun$apply$1.applyOrElse(ResolveDataSource.scala:61)
[2025-06-16T08:41:36.994+0000] {subprocess.py:93} INFO - 	at org.apache.spark.sql.catalyst.analysis.ResolveDataSource$$anonfun$apply$1.applyOrElse(ResolveDataSource.scala:45)
[2025-06-16T08:41:36.995+0000] {subprocess.py:93} INFO - 	at org.apache.spark.sql.catalyst.plans.logical.AnalysisHelper.$anonfun$resolveOperatorsUpWithPruning$3(AnalysisHelper.scala:139)
[2025-06-16T08:41:36.996+0000] {subprocess.py:93} INFO - 	at org.apache.spark.sql.catalyst.trees.CurrentOrigin$.withOrigin(origin.scala:86)
[2025-06-16T08:41:36.997+0000] {subprocess.py:93} INFO - 	at org.apache.spark.sql.catalyst.plans.logical.AnalysisHelper.$anonfun$resolveOperatorsUpWithPruning$1(AnalysisHelper.scala:139)
[2025-06-16T08:41:36.998+0000] {subprocess.py:93} INFO - 	at org.apache.spark.sql.catalyst.plans.logical.AnalysisHelper$.allowInvokingTransformsInAnalyzer(AnalysisHelper.scala:416)
[2025-06-16T08:41:36.998+0000] {subprocess.py:93} INFO - 	at org.apache.spark.sql.catalyst.plans.logical.AnalysisHelper.resolveOperatorsUpWithPruning(AnalysisHelper.scala:135)
[2025-06-16T08:41:36.999+0000] {subprocess.py:93} INFO - 	at org.apache.spark.sql.catalyst.plans.logical.AnalysisHelper.resolveOperatorsUpWithPruning$(AnalysisHelper.scala:131)
[2025-06-16T08:41:37.000+0000] {subprocess.py:93} INFO - 	at org.apache.spark.sql.catalyst.plans.logical.LogicalPlan.resolveOperatorsUpWithPruning(LogicalPlan.scala:37)
[2025-06-16T08:41:37.001+0000] {subprocess.py:93} INFO - 	at org.apache.spark.sql.catalyst.plans.logical.AnalysisHelper.resolveOperatorsUp(AnalysisHelper.scala:112)
[2025-06-16T08:41:37.002+0000] {subprocess.py:93} INFO - 	at org.apache.spark.sql.catalyst.plans.logical.AnalysisHelper.resolveOperatorsUp$(AnalysisHelper.scala:111)
[2025-06-16T08:41:37.003+0000] {subprocess.py:93} INFO - 	at org.apache.spark.sql.catalyst.plans.logical.LogicalPlan.resolveOperatorsUp(LogicalPlan.scala:37)
[2025-06-16T08:41:37.004+0000] {subprocess.py:93} INFO - 	at org.apache.spark.sql.catalyst.analysis.ResolveDataSource.apply(ResolveDataSource.scala:45)
[2025-06-16T08:41:37.006+0000] {subprocess.py:93} INFO - 	at org.apache.spark.sql.catalyst.analysis.ResolveDataSource.apply(ResolveDataSource.scala:43)
[2025-06-16T08:41:37.007+0000] {subprocess.py:93} INFO - 	at org.apache.spark.sql.catalyst.rules.RuleExecutor.$anonfun$execute$2(RuleExecutor.scala:242)
[2025-06-16T08:41:37.007+0000] {subprocess.py:93} INFO - 	at scala.collection.LinearSeqOps.foldLeft(LinearSeq.scala:183)
[2025-06-16T08:41:37.008+0000] {subprocess.py:93} INFO - 	at scala.collection.LinearSeqOps.foldLeft$(LinearSeq.scala:179)
[2025-06-16T08:41:37.009+0000] {subprocess.py:93} INFO - 	at scala.collection.immutable.List.foldLeft(List.scala:79)
[2025-06-16T08:41:37.010+0000] {subprocess.py:93} INFO - 	at org.apache.spark.sql.catalyst.rules.RuleExecutor.$anonfun$execute$1(RuleExecutor.scala:239)
[2025-06-16T08:41:37.010+0000] {subprocess.py:93} INFO - 	at org.apache.spark.sql.catalyst.rules.RuleExecutor.$anonfun$execute$1$adapted(RuleExecutor.scala:231)
[2025-06-16T08:41:37.011+0000] {subprocess.py:93} INFO - 	at scala.collection.immutable.List.foreach(List.scala:334)
[2025-06-16T08:41:37.012+0000] {subprocess.py:93} INFO - 	at org.apache.spark.sql.catalyst.rules.RuleExecutor.execute(RuleExecutor.scala:231)
[2025-06-16T08:41:37.013+0000] {subprocess.py:93} INFO - 	at org.apache.spark.sql.catalyst.analysis.Analyzer.org$apache$spark$sql$catalyst$analysis$Analyzer$$executeSameContext(Analyzer.scala:290)
[2025-06-16T08:41:37.014+0000] {subprocess.py:93} INFO - 	at org.apache.spark.sql.catalyst.analysis.Analyzer.$anonfun$execute$1(Analyzer.scala:286)
[2025-06-16T08:41:37.014+0000] {subprocess.py:93} INFO - 	at org.apache.spark.sql.catalyst.analysis.AnalysisContext$.withNewAnalysisContext(Analyzer.scala:234)
[2025-06-16T08:41:37.015+0000] {subprocess.py:93} INFO - 	at org.apache.spark.sql.catalyst.analysis.Analyzer.execute(Analyzer.scala:286)
[2025-06-16T08:41:37.016+0000] {subprocess.py:93} INFO - 	at org.apache.spark.sql.catalyst.analysis.Analyzer.execute(Analyzer.scala:249)
[2025-06-16T08:41:37.017+0000] {subprocess.py:93} INFO - 	at org.apache.spark.sql.catalyst.rules.RuleExecutor.$anonfun$executeAndTrack$1(RuleExecutor.scala:201)
[2025-06-16T08:41:37.018+0000] {subprocess.py:93} INFO - 	at org.apache.spark.sql.catalyst.QueryPlanningTracker$.withTracker(QueryPlanningTracker.scala:89)
[2025-06-16T08:41:37.018+0000] {subprocess.py:93} INFO - 	at org.apache.spark.sql.catalyst.rules.RuleExecutor.executeAndTrack(RuleExecutor.scala:201)
[2025-06-16T08:41:37.019+0000] {subprocess.py:93} INFO - 	at org.apache.spark.sql.catalyst.analysis.resolver.HybridAnalyzer.resolveInFixedPoint(HybridAnalyzer.scala:190)
[2025-06-16T08:41:37.020+0000] {subprocess.py:93} INFO - 	at org.apache.spark.sql.catalyst.analysis.resolver.HybridAnalyzer.$anonfun$apply$1(HybridAnalyzer.scala:76)
[2025-06-16T08:41:37.021+0000] {subprocess.py:93} INFO - 	at org.apache.spark.sql.catalyst.analysis.resolver.HybridAnalyzer.withTrackedAnalyzerBridgeState(HybridAnalyzer.scala:111)
[2025-06-16T08:41:37.022+0000] {subprocess.py:93} INFO - 	at org.apache.spark.sql.catalyst.analysis.resolver.HybridAnalyzer.apply(HybridAnalyzer.scala:71)
[2025-06-16T08:41:37.023+0000] {subprocess.py:93} INFO - 	at org.apache.spark.sql.catalyst.analysis.Analyzer.$anonfun$executeAndCheck$1(Analyzer.scala:280)
[2025-06-16T08:41:37.024+0000] {subprocess.py:93} INFO - 	at org.apache.spark.sql.catalyst.plans.logical.AnalysisHelper$.markInAnalyzer(AnalysisHelper.scala:423)
[2025-06-16T08:41:37.025+0000] {subprocess.py:93} INFO - 	at org.apache.spark.sql.catalyst.analysis.Analyzer.executeAndCheck(Analyzer.scala:280)
[2025-06-16T08:41:37.025+0000] {subprocess.py:93} INFO - 	at org.apache.spark.sql.execution.QueryExecution.$anonfun$lazyAnalyzed$2(QueryExecution.scala:110)
[2025-06-16T08:41:37.026+0000] {subprocess.py:93} INFO - 	at org.apache.spark.sql.catalyst.QueryPlanningTracker.measurePhase(QueryPlanningTracker.scala:148)
[2025-06-16T08:41:37.027+0000] {subprocess.py:93} INFO - 	at org.apache.spark.sql.execution.QueryExecution.$anonfun$executePhase$2(QueryExecution.scala:278)
[2025-06-16T08:41:37.028+0000] {subprocess.py:93} INFO - 	at org.apache.spark.sql.execution.QueryExecution$.withInternalError(QueryExecution.scala:654)
[2025-06-16T08:41:37.029+0000] {subprocess.py:93} INFO - 	at org.apache.spark.sql.execution.QueryExecution.$anonfun$executePhase$1(QueryExecution.scala:278)
[2025-06-16T08:41:37.030+0000] {subprocess.py:93} INFO - 	at org.apache.spark.sql.SparkSession.withActive(SparkSession.scala:804)
[2025-06-16T08:41:37.031+0000] {subprocess.py:93} INFO - 	at org.apache.spark.sql.execution.QueryExecution.executePhase(QueryExecution.scala:277)
[2025-06-16T08:41:37.032+0000] {subprocess.py:93} INFO - 	at org.apache.spark.sql.execution.QueryExecution.$anonfun$lazyAnalyzed$1(QueryExecution.scala:110)
[2025-06-16T08:41:37.032+0000] {subprocess.py:93} INFO - 	at scala.util.Try$.apply(Try.scala:217)
[2025-06-16T08:41:37.033+0000] {subprocess.py:93} INFO - 	at org.apache.spark.util.Utils$.doTryWithCallerStacktrace(Utils.scala:1378)
[2025-06-16T08:41:37.034+0000] {subprocess.py:93} INFO - 	at org.apache.spark.util.Utils$.getTryWithCallerStacktrace(Utils.scala:1439)
[2025-06-16T08:41:37.035+0000] {subprocess.py:93} INFO - 	at org.apache.spark.util.LazyTry.get(LazyTry.scala:58)
[2025-06-16T08:41:37.036+0000] {subprocess.py:93} INFO - 	at org.apache.spark.sql.execution.QueryExecution.analyzed(QueryExecution.scala:121)
[2025-06-16T08:41:37.037+0000] {subprocess.py:93} INFO - 	at org.apache.spark.sql.execution.QueryExecution.assertAnalyzed(QueryExecution.scala:80)
[2025-06-16T08:41:37.039+0000] {subprocess.py:93} INFO - 	at org.apache.spark.sql.classic.Dataset$.$anonfun$ofRows$1(Dataset.scala:115)
[2025-06-16T08:41:37.040+0000] {subprocess.py:93} INFO - 	at org.apache.spark.sql.SparkSession.withActive(SparkSession.scala:804)
[2025-06-16T08:41:37.041+0000] {subprocess.py:93} INFO - 	at org.apache.spark.sql.classic.Dataset$.ofRows(Dataset.scala:113)
[2025-06-16T08:41:37.042+0000] {subprocess.py:93} INFO - 	at org.apache.spark.sql.classic.DataFrameReader.load(DataFrameReader.scala:109)
[2025-06-16T08:41:37.044+0000] {subprocess.py:93} INFO - 	at org.apache.spark.sql.classic.DataFrameReader.load(DataFrameReader.scala:58)
[2025-06-16T08:41:37.049+0000] {subprocess.py:93} INFO - 	at org.apache.spark.sql.DataFrameReader.csv(DataFrameReader.scala:392)
[2025-06-16T08:41:37.050+0000] {subprocess.py:93} INFO - 	at org.apache.spark.sql.classic.DataFrameReader.csv(DataFrameReader.scala:259)
[2025-06-16T08:41:37.056+0000] {subprocess.py:93} INFO - 	at org.apache.spark.sql.classic.DataFrameReader.csv(DataFrameReader.scala:58)
[2025-06-16T08:41:37.057+0000] {subprocess.py:93} INFO - 	at java.base/jdk.internal.reflect.NativeMethodAccessorImpl.invoke0(Native Method)
[2025-06-16T08:41:37.058+0000] {subprocess.py:93} INFO - 	at java.base/jdk.internal.reflect.NativeMethodAccessorImpl.invoke(NativeMethodAccessorImpl.java:77)
[2025-06-16T08:41:37.059+0000] {subprocess.py:93} INFO - 	at java.base/jdk.internal.reflect.DelegatingMethodAccessorImpl.invoke(DelegatingMethodAccessorImpl.java:43)
[2025-06-16T08:41:37.060+0000] {subprocess.py:93} INFO - 	at java.base/java.lang.reflect.Method.invoke(Method.java:569)
[2025-06-16T08:41:37.061+0000] {subprocess.py:93} INFO - 	at py4j.reflection.MethodInvoker.invoke(MethodInvoker.java:244)
[2025-06-16T08:41:37.067+0000] {subprocess.py:93} INFO - 	at py4j.reflection.ReflectionEngine.invoke(ReflectionEngine.java:374)
[2025-06-16T08:41:37.068+0000] {subprocess.py:93} INFO - 	at py4j.Gateway.invoke(Gateway.java:282)
[2025-06-16T08:41:37.069+0000] {subprocess.py:93} INFO - 	at py4j.commands.AbstractCommand.invokeMethod(AbstractCommand.java:132)
[2025-06-16T08:41:37.070+0000] {subprocess.py:93} INFO - 	at py4j.commands.CallCommand.execute(CallCommand.java:79)
[2025-06-16T08:41:37.071+0000] {subprocess.py:93} INFO - 	at py4j.ClientServerConnection.waitForCommands(ClientServerConnection.java:184)
[2025-06-16T08:41:37.072+0000] {subprocess.py:93} INFO - 	at py4j.ClientServerConnection.run(ClientServerConnection.java:108)
[2025-06-16T08:41:37.073+0000] {subprocess.py:93} INFO - 	at java.base/java.lang.Thread.run(Thread.java:840)
[2025-06-16T08:41:37.074+0000] {subprocess.py:93} INFO - 	Suppressed: org.apache.spark.util.Utils$OriginalTryStackTraceException: Full stacktrace of original doTryWithCallerStacktrace caller
[2025-06-16T08:41:37.075+0000] {subprocess.py:93} INFO - 		at org.apache.hadoop.fs.FileSystem.getFileSystemClass(FileSystem.java:3581)
[2025-06-16T08:41:37.076+0000] {subprocess.py:93} INFO - 		at org.apache.hadoop.fs.FileSystem.createFileSystem(FileSystem.java:3612)
[2025-06-16T08:41:37.078+0000] {subprocess.py:93} INFO - 		at org.apache.hadoop.fs.FileSystem.access$300(FileSystem.java:172)
[2025-06-16T08:41:37.079+0000] {subprocess.py:93} INFO - 		at org.apache.hadoop.fs.FileSystem$Cache.getInternal(FileSystem.java:3716)
[2025-06-16T08:41:37.081+0000] {subprocess.py:93} INFO - 		at org.apache.hadoop.fs.FileSystem$Cache.get(FileSystem.java:3667)
[2025-06-16T08:41:37.082+0000] {subprocess.py:93} INFO - 		at org.apache.hadoop.fs.FileSystem.get(FileSystem.java:557)
[2025-06-16T08:41:37.083+0000] {subprocess.py:93} INFO - 		at org.apache.hadoop.fs.Path.getFileSystem(Path.java:366)
[2025-06-16T08:41:37.084+0000] {subprocess.py:93} INFO - 		at org.apache.spark.sql.execution.datasources.DataSource$.$anonfun$checkAndGlobPathIfNecessary$1(DataSource.scala:777)
[2025-06-16T08:41:37.084+0000] {subprocess.py:93} INFO - 		at scala.collection.immutable.List.map(List.scala:247)
[2025-06-16T08:41:37.085+0000] {subprocess.py:93} INFO - 		at scala.collection.immutable.List.map(List.scala:79)
[2025-06-16T08:41:37.086+0000] {subprocess.py:93} INFO - 		at org.apache.spark.sql.execution.datasources.DataSource$.checkAndGlobPathIfNecessary(DataSource.scala:775)
[2025-06-16T08:41:37.087+0000] {subprocess.py:93} INFO - 		at org.apache.spark.sql.execution.datasources.DataSource.checkAndGlobPathIfNecessary(DataSource.scala:575)
[2025-06-16T08:41:37.089+0000] {subprocess.py:93} INFO - 		at org.apache.spark.sql.execution.datasources.DataSource.resolveRelation(DataSource.scala:419)
[2025-06-16T08:41:37.089+0000] {subprocess.py:93} INFO - 		at org.apache.spark.sql.catalyst.analysis.ResolveDataSource.org$apache$spark$sql$catalyst$analysis$ResolveDataSource$$loadV1BatchSource(ResolveDataSource.scala:143)
[2025-06-16T08:41:37.090+0000] {subprocess.py:93} INFO - 		at org.apache.spark.sql.catalyst.analysis.ResolveDataSource$$anonfun$apply$1.$anonfun$applyOrElse$2(ResolveDataSource.scala:61)
[2025-06-16T08:41:37.091+0000] {subprocess.py:93} INFO - 		at scala.Option.getOrElse(Option.scala:201)
[2025-06-16T08:41:37.092+0000] {subprocess.py:93} INFO - 		at org.apache.spark.sql.catalyst.analysis.ResolveDataSource$$anonfun$apply$1.applyOrElse(ResolveDataSource.scala:61)
[2025-06-16T08:41:37.093+0000] {subprocess.py:93} INFO - 		at org.apache.spark.sql.catalyst.analysis.ResolveDataSource$$anonfun$apply$1.applyOrElse(ResolveDataSource.scala:45)
[2025-06-16T08:41:37.094+0000] {subprocess.py:93} INFO - 		at org.apache.spark.sql.catalyst.plans.logical.AnalysisHelper.$anonfun$resolveOperatorsUpWithPruning$3(AnalysisHelper.scala:139)
[2025-06-16T08:41:37.095+0000] {subprocess.py:93} INFO - 		at org.apache.spark.sql.catalyst.trees.CurrentOrigin$.withOrigin(origin.scala:86)
[2025-06-16T08:41:37.096+0000] {subprocess.py:93} INFO - 		at org.apache.spark.sql.catalyst.plans.logical.AnalysisHelper.$anonfun$resolveOperatorsUpWithPruning$1(AnalysisHelper.scala:139)
[2025-06-16T08:41:37.096+0000] {subprocess.py:93} INFO - 		at org.apache.spark.sql.catalyst.plans.logical.AnalysisHelper$.allowInvokingTransformsInAnalyzer(AnalysisHelper.scala:416)
[2025-06-16T08:41:37.097+0000] {subprocess.py:93} INFO - 		at org.apache.spark.sql.catalyst.plans.logical.AnalysisHelper.resolveOperatorsUpWithPruning(AnalysisHelper.scala:135)
[2025-06-16T08:41:37.098+0000] {subprocess.py:93} INFO - 		at org.apache.spark.sql.catalyst.plans.logical.AnalysisHelper.resolveOperatorsUpWithPruning$(AnalysisHelper.scala:131)
[2025-06-16T08:41:37.099+0000] {subprocess.py:93} INFO - 		at org.apache.spark.sql.catalyst.plans.logical.LogicalPlan.resolveOperatorsUpWithPruning(LogicalPlan.scala:37)
[2025-06-16T08:41:37.099+0000] {subprocess.py:93} INFO - 		at org.apache.spark.sql.catalyst.plans.logical.AnalysisHelper.resolveOperatorsUp(AnalysisHelper.scala:112)
[2025-06-16T08:41:37.100+0000] {subprocess.py:93} INFO - 		at org.apache.spark.sql.catalyst.plans.logical.AnalysisHelper.resolveOperatorsUp$(AnalysisHelper.scala:111)
[2025-06-16T08:41:37.100+0000] {subprocess.py:93} INFO - 		at org.apache.spark.sql.catalyst.plans.logical.LogicalPlan.resolveOperatorsUp(LogicalPlan.scala:37)
[2025-06-16T08:41:37.101+0000] {subprocess.py:93} INFO - 		at org.apache.spark.sql.catalyst.analysis.ResolveDataSource.apply(ResolveDataSource.scala:45)
[2025-06-16T08:41:37.101+0000] {subprocess.py:93} INFO - 		at org.apache.spark.sql.catalyst.analysis.ResolveDataSource.apply(ResolveDataSource.scala:43)
[2025-06-16T08:41:37.102+0000] {subprocess.py:93} INFO - 		at org.apache.spark.sql.catalyst.rules.RuleExecutor.$anonfun$execute$2(RuleExecutor.scala:242)
[2025-06-16T08:41:37.102+0000] {subprocess.py:93} INFO - 		at scala.collection.LinearSeqOps.foldLeft(LinearSeq.scala:183)
[2025-06-16T08:41:37.103+0000] {subprocess.py:93} INFO - 		at scala.collection.LinearSeqOps.foldLeft$(LinearSeq.scala:179)
[2025-06-16T08:41:37.103+0000] {subprocess.py:93} INFO - 		at scala.collection.immutable.List.foldLeft(List.scala:79)
[2025-06-16T08:41:37.105+0000] {subprocess.py:93} INFO - 		at org.apache.spark.sql.catalyst.rules.RuleExecutor.$anonfun$execute$1(RuleExecutor.scala:239)
[2025-06-16T08:41:37.106+0000] {subprocess.py:93} INFO - 		at org.apache.spark.sql.catalyst.rules.RuleExecutor.$anonfun$execute$1$adapted(RuleExecutor.scala:231)
[2025-06-16T08:41:37.107+0000] {subprocess.py:93} INFO - 		at scala.collection.immutable.List.foreach(List.scala:334)
[2025-06-16T08:41:37.107+0000] {subprocess.py:93} INFO - 		at org.apache.spark.sql.catalyst.rules.RuleExecutor.execute(RuleExecutor.scala:231)
[2025-06-16T08:41:37.108+0000] {subprocess.py:93} INFO - 		at org.apache.spark.sql.catalyst.analysis.Analyzer.org$apache$spark$sql$catalyst$analysis$Analyzer$$executeSameContext(Analyzer.scala:290)
[2025-06-16T08:41:37.109+0000] {subprocess.py:93} INFO - 		at org.apache.spark.sql.catalyst.analysis.Analyzer.$anonfun$execute$1(Analyzer.scala:286)
[2025-06-16T08:41:37.110+0000] {subprocess.py:93} INFO - 		at org.apache.spark.sql.catalyst.analysis.AnalysisContext$.withNewAnalysisContext(Analyzer.scala:234)
[2025-06-16T08:41:37.110+0000] {subprocess.py:93} INFO - 		at org.apache.spark.sql.catalyst.analysis.Analyzer.execute(Analyzer.scala:286)
[2025-06-16T08:41:37.111+0000] {subprocess.py:93} INFO - 		at org.apache.spark.sql.catalyst.analysis.Analyzer.execute(Analyzer.scala:249)
[2025-06-16T08:41:37.112+0000] {subprocess.py:93} INFO - 		at org.apache.spark.sql.catalyst.rules.RuleExecutor.$anonfun$executeAndTrack$1(RuleExecutor.scala:201)
[2025-06-16T08:41:37.112+0000] {subprocess.py:93} INFO - 		at org.apache.spark.sql.catalyst.QueryPlanningTracker$.withTracker(QueryPlanningTracker.scala:89)
[2025-06-16T08:41:37.113+0000] {subprocess.py:93} INFO - 		at org.apache.spark.sql.catalyst.rules.RuleExecutor.executeAndTrack(RuleExecutor.scala:201)
[2025-06-16T08:41:37.113+0000] {subprocess.py:93} INFO - 		at org.apache.spark.sql.catalyst.analysis.resolver.HybridAnalyzer.resolveInFixedPoint(HybridAnalyzer.scala:190)
[2025-06-16T08:41:37.114+0000] {subprocess.py:93} INFO - 		at org.apache.spark.sql.catalyst.analysis.resolver.HybridAnalyzer.$anonfun$apply$1(HybridAnalyzer.scala:76)
[2025-06-16T08:41:37.114+0000] {subprocess.py:93} INFO - 		at org.apache.spark.sql.catalyst.analysis.resolver.HybridAnalyzer.withTrackedAnalyzerBridgeState(HybridAnalyzer.scala:111)
[2025-06-16T08:41:37.115+0000] {subprocess.py:93} INFO - 		at org.apache.spark.sql.catalyst.analysis.resolver.HybridAnalyzer.apply(HybridAnalyzer.scala:71)
[2025-06-16T08:41:37.115+0000] {subprocess.py:93} INFO - 		at org.apache.spark.sql.catalyst.analysis.Analyzer.$anonfun$executeAndCheck$1(Analyzer.scala:280)
[2025-06-16T08:41:37.116+0000] {subprocess.py:93} INFO - 		at org.apache.spark.sql.catalyst.plans.logical.AnalysisHelper$.markInAnalyzer(AnalysisHelper.scala:423)
[2025-06-16T08:41:37.116+0000] {subprocess.py:93} INFO - 		at org.apache.spark.sql.catalyst.analysis.Analyzer.executeAndCheck(Analyzer.scala:280)
[2025-06-16T08:41:37.117+0000] {subprocess.py:93} INFO - 		at org.apache.spark.sql.execution.QueryExecution.$anonfun$lazyAnalyzed$2(QueryExecution.scala:110)
[2025-06-16T08:41:37.117+0000] {subprocess.py:93} INFO - 		at org.apache.spark.sql.catalyst.QueryPlanningTracker.measurePhase(QueryPlanningTracker.scala:148)
[2025-06-16T08:41:37.118+0000] {subprocess.py:93} INFO - 		at org.apache.spark.sql.execution.QueryExecution.$anonfun$executePhase$2(QueryExecution.scala:278)
[2025-06-16T08:41:37.118+0000] {subprocess.py:93} INFO - 		at org.apache.spark.sql.execution.QueryExecution$.withInternalError(QueryExecution.scala:654)
[2025-06-16T08:41:37.118+0000] {subprocess.py:93} INFO - 		at org.apache.spark.sql.execution.QueryExecution.$anonfun$executePhase$1(QueryExecution.scala:278)
[2025-06-16T08:41:37.119+0000] {subprocess.py:93} INFO - 		at org.apache.spark.sql.SparkSession.withActive(SparkSession.scala:804)
[2025-06-16T08:41:37.120+0000] {subprocess.py:93} INFO - 		at org.apache.spark.sql.execution.QueryExecution.executePhase(QueryExecution.scala:277)
[2025-06-16T08:41:37.120+0000] {subprocess.py:93} INFO - 		at org.apache.spark.sql.execution.QueryExecution.$anonfun$lazyAnalyzed$1(QueryExecution.scala:110)
[2025-06-16T08:41:37.122+0000] {subprocess.py:93} INFO - 		at scala.util.Try$.apply(Try.scala:217)
[2025-06-16T08:41:37.122+0000] {subprocess.py:93} INFO - 		at org.apache.spark.util.Utils$.doTryWithCallerStacktrace(Utils.scala:1378)
[2025-06-16T08:41:37.123+0000] {subprocess.py:93} INFO - 		at org.apache.spark.util.LazyTry.tryT$lzycompute(LazyTry.scala:46)
[2025-06-16T08:41:37.124+0000] {subprocess.py:93} INFO - 		at org.apache.spark.util.LazyTry.tryT(LazyTry.scala:46)
[2025-06-16T08:41:37.124+0000] {subprocess.py:93} INFO - 		... 23 more
[2025-06-16T08:41:37.125+0000] {subprocess.py:93} INFO - 
[2025-06-16T08:41:37.126+0000] {subprocess.py:93} INFO - 2025-06-16 08:41:36,972 - INFO - Closing down clientserver connection
[2025-06-16T08:41:37.646+0000] {subprocess.py:97} INFO - Command exited with return code 1
[2025-06-16T08:41:37.647+0000] {taskinstance.py:441} INFO - ::group::Post task execution logs
[2025-06-16T08:41:37.675+0000] {taskinstance.py:2905} ERROR - Task failed with exception
Traceback (most recent call last):
  File "/home/airflow/.local/lib/python3.11/site-packages/airflow/models/taskinstance.py", line 465, in _execute_task
    result = _execute_callable(context=context, **execute_callable_kwargs)
             ^^^^^^^^^^^^^^^^^^^^^^^^^^^^^^^^^^^^^^^^^^^^^^^^^^^^^^^^^^^^^
  File "/home/airflow/.local/lib/python3.11/site-packages/airflow/models/taskinstance.py", line 432, in _execute_callable
    return execute_callable(context=context, **execute_callable_kwargs)
           ^^^^^^^^^^^^^^^^^^^^^^^^^^^^^^^^^^^^^^^^^^^^^^^^^^^^^^^^^^^^
  File "/home/airflow/.local/lib/python3.11/site-packages/airflow/models/baseoperator.py", line 401, in wrapper
    return func(self, *args, **kwargs)
           ^^^^^^^^^^^^^^^^^^^^^^^^^^^
  File "/home/airflow/.local/lib/python3.11/site-packages/airflow/operators/bash.py", line 243, in execute
    raise AirflowException(
airflow.exceptions.AirflowException: Bash command failed. The command returned a non-zero exit code 1.
[2025-06-16T08:41:37.681+0000] {taskinstance.py:1206} INFO - Marking task as FAILED. dag_id=dag_04_processamento_spark_seguro_v1, task_id=submeter_job_spark_seguro, run_id=manual__2025-06-16T08:41:16.045178+00:00, execution_date=20250616T084116, start_date=20250616T084121, end_date=20250616T084137
[2025-06-16T08:41:37.704+0000] {standard_task_runner.py:110} ERROR - Failed to execute job 7 for task submeter_job_spark_seguro (Bash command failed. The command returned a non-zero exit code 1.; 71)
[2025-06-16T08:41:37.723+0000] {local_task_job_runner.py:240} INFO - Task exited with return code 1
[2025-06-16T08:41:37.753+0000] {taskinstance.py:3503} INFO - 0 downstream tasks scheduled from follow-on schedule check
[2025-06-16T08:41:37.757+0000] {local_task_job_runner.py:222} INFO - ::endgroup::
