[2025-06-16T08:51:49.255+0000] {local_task_job_runner.py:120} INFO - ::group::Pre task execution logs
[2025-06-16T08:51:49.315+0000] {taskinstance.py:2076} INFO - Dependencies all met for dep_context=non-requeueable deps ti=<TaskInstance: dag_04_processamento_spark_seguro_v1.submeter_job_spark_seguro manual__2025-06-16T08:41:16.045178+00:00 [None]>
[2025-06-16T08:51:49.327+0000] {taskinstance.py:2076} INFO - Dependencies all met for dep_context=requeueable deps ti=<TaskInstance: dag_04_processamento_spark_seguro_v1.submeter_job_spark_seguro manual__2025-06-16T08:41:16.045178+00:00 [None]>
[2025-06-16T08:51:49.328+0000] {taskinstance.py:2306} INFO - Starting attempt 2 of 2
[2025-06-16T08:51:49.353+0000] {taskinstance.py:2330} INFO - Executing <Task(BashOperator): submeter_job_spark_seguro> on 2025-06-16 08:41:16.045178+00:00
[2025-06-16T08:51:49.364+0000] {standard_task_runner.py:63} INFO - Started process 1221 to run task
[2025-06-16T08:51:49.372+0000] {standard_task_runner.py:90} INFO - Running: ['airflow', 'tasks', 'run', 'dag_04_processamento_spark_seguro_v1', 'submeter_job_spark_seguro', 'manual__2025-06-16T08:41:16.045178+00:00', '--job-id', '13', '--raw', '--subdir', 'DAGS_FOLDER/dag_04_processamento_spark_seguro_v1.py', '--cfg-path', '/tmp/tmpbkg7vkb0']
[2025-06-16T08:51:49.377+0000] {standard_task_runner.py:91} INFO - Job 13: Subtask submeter_job_spark_seguro
[2025-06-16T08:51:49.494+0000] {task_command.py:426} INFO - Running <TaskInstance: dag_04_processamento_spark_seguro_v1.submeter_job_spark_seguro manual__2025-06-16T08:41:16.045178+00:00 [running]> on host 0f40c05f786f
[2025-06-16T08:51:49.655+0000] {taskinstance.py:2648} INFO - Exporting env vars: AIRFLOW_CTX_DAG_OWNER='airflow' AIRFLOW_CTX_DAG_ID='dag_04_processamento_spark_seguro_v1' AIRFLOW_CTX_TASK_ID='submeter_job_spark_seguro' AIRFLOW_CTX_EXECUTION_DATE='2025-06-16T08:41:16.045178+00:00' AIRFLOW_CTX_TRY_NUMBER='2' AIRFLOW_CTX_DAG_RUN_ID='manual__2025-06-16T08:41:16.045178+00:00'
[2025-06-16T08:51:49.657+0000] {taskinstance.py:430} INFO - ::endgroup::
[2025-06-16T08:51:49.682+0000] {subprocess.py:63} INFO - Tmp dir root location: /tmp
[2025-06-16T08:51:49.684+0000] {subprocess.py:75} INFO - Running command: ['/usr/bin/bash', '-c', 'python /opt/airflow/scripts/examples/12-processa_vendas.py']
[2025-06-16T08:51:49.699+0000] {subprocess.py:86} INFO - Output:
[2025-06-16T08:51:50.901+0000] {subprocess.py:93} INFO - 2025-06-16 08:51:50,901 - INFO - === Iniciando Pipeline de Processamento de Vendas ===
[2025-06-16T08:51:50.902+0000] {subprocess.py:93} INFO - 2025-06-16 08:51:50,901 - INFO - Iniciando a sessão Spark...
[2025-06-16T08:51:51.768+0000] {subprocess.py:93} INFO - WARNING: Using incubator modules: jdk.incubator.vector
[2025-06-16T08:51:57.168+0000] {subprocess.py:93} INFO - Using Spark's default log4j profile: org/apache/spark/log4j2-defaults.properties
[2025-06-16T08:51:57.169+0000] {subprocess.py:93} INFO - Setting default log level to "WARN".
[2025-06-16T08:51:57.171+0000] {subprocess.py:93} INFO - To adjust logging level use sc.setLogLevel(newLevel). For SparkR, use setLogLevel(newLevel).
[2025-06-16T08:52:00.247+0000] {subprocess.py:93} INFO - 25/06/16 08:52:00 WARN NativeCodeLoader: Unable to load native-hadoop library for your platform... using builtin-java classes where applicable
[2025-06-16T08:52:09.299+0000] {subprocess.py:93} INFO - 2025-06-16 08:52:09,299 - INFO - Sessão Spark criada com sucesso.
[2025-06-16T08:52:09.300+0000] {subprocess.py:93} INFO - 2025-06-16 08:52:09,299 - INFO - AVISO: Criando um DataFrame de exemplo para demonstração.
[2025-06-16T08:52:11.467+0000] {subprocess.py:93} INFO - 2025-06-16 08:52:11,467 - INFO - DataFrame de exemplo criado com sucesso.
[2025-06-16T08:52:11.469+0000] {subprocess.py:93} INFO - 2025-06-16 08:52:11,467 - INFO - Processando para a camada Trusted (Silver)...
[2025-06-16T08:52:11.948+0000] {subprocess.py:93} INFO - 2025-06-16 08:52:11,948 - ERROR - Erro durante o processamento: An error occurred while calling o62.parquet.
[2025-06-16T08:52:11.957+0000] {subprocess.py:93} INFO - : java.lang.RuntimeException: java.lang.ClassNotFoundException: Class org.apache.hadoop.fs.s3a.S3AFileSystem not found
[2025-06-16T08:52:11.958+0000] {subprocess.py:93} INFO - 	at org.apache.hadoop.conf.Configuration.getClass(Configuration.java:2737)
[2025-06-16T08:52:11.959+0000] {subprocess.py:93} INFO - 	at org.apache.hadoop.fs.FileSystem.getFileSystemClass(FileSystem.java:3569)
[2025-06-16T08:52:11.960+0000] {subprocess.py:93} INFO - 	at org.apache.hadoop.fs.FileSystem.createFileSystem(FileSystem.java:3612)
[2025-06-16T08:52:11.961+0000] {subprocess.py:93} INFO - 	at org.apache.hadoop.fs.FileSystem.access$300(FileSystem.java:172)
[2025-06-16T08:52:11.961+0000] {subprocess.py:93} INFO - 	at org.apache.hadoop.fs.FileSystem$Cache.getInternal(FileSystem.java:3716)
[2025-06-16T08:52:11.962+0000] {subprocess.py:93} INFO - 	at org.apache.hadoop.fs.FileSystem$Cache.get(FileSystem.java:3667)
[2025-06-16T08:52:11.963+0000] {subprocess.py:93} INFO - 	at org.apache.hadoop.fs.FileSystem.get(FileSystem.java:557)
[2025-06-16T08:52:11.964+0000] {subprocess.py:93} INFO - 	at org.apache.hadoop.fs.Path.getFileSystem(Path.java:366)
[2025-06-16T08:52:11.965+0000] {subprocess.py:93} INFO - 	at org.apache.spark.sql.execution.datasources.DataSource.makeQualified(DataSource.scala:125)
[2025-06-16T08:52:11.965+0000] {subprocess.py:93} INFO - 	at org.apache.spark.sql.execution.datasources.DataSource.planForWritingFileFormat(DataSource.scala:468)
[2025-06-16T08:52:11.966+0000] {subprocess.py:93} INFO - 	at org.apache.spark.sql.execution.datasources.DataSource.planForWriting(DataSource.scala:554)
[2025-06-16T08:52:11.967+0000] {subprocess.py:93} INFO - 	at org.apache.spark.sql.classic.DataFrameWriter.saveToV1Source(DataFrameWriter.scala:273)
[2025-06-16T08:52:11.968+0000] {subprocess.py:93} INFO - 	at org.apache.spark.sql.classic.DataFrameWriter.saveInternal(DataFrameWriter.scala:241)
[2025-06-16T08:52:11.969+0000] {subprocess.py:93} INFO - 	at org.apache.spark.sql.classic.DataFrameWriter.save(DataFrameWriter.scala:118)
[2025-06-16T08:52:11.970+0000] {subprocess.py:93} INFO - 	at org.apache.spark.sql.DataFrameWriter.parquet(DataFrameWriter.scala:369)
[2025-06-16T08:52:11.972+0000] {subprocess.py:93} INFO - 	at java.base/jdk.internal.reflect.NativeMethodAccessorImpl.invoke0(Native Method)
[2025-06-16T08:52:11.973+0000] {subprocess.py:93} INFO - 	at java.base/jdk.internal.reflect.NativeMethodAccessorImpl.invoke(NativeMethodAccessorImpl.java:77)
[2025-06-16T08:52:11.975+0000] {subprocess.py:93} INFO - 	at java.base/jdk.internal.reflect.DelegatingMethodAccessorImpl.invoke(DelegatingMethodAccessorImpl.java:43)
[2025-06-16T08:52:11.976+0000] {subprocess.py:93} INFO - 	at java.base/java.lang.reflect.Method.invoke(Method.java:569)
[2025-06-16T08:52:11.982+0000] {subprocess.py:93} INFO - 	at py4j.reflection.MethodInvoker.invoke(MethodInvoker.java:244)
[2025-06-16T08:52:11.983+0000] {subprocess.py:93} INFO - 	at py4j.reflection.ReflectionEngine.invoke(ReflectionEngine.java:374)
[2025-06-16T08:52:11.984+0000] {subprocess.py:93} INFO - 	at py4j.Gateway.invoke(Gateway.java:282)
[2025-06-16T08:52:11.985+0000] {subprocess.py:93} INFO - 	at py4j.commands.AbstractCommand.invokeMethod(AbstractCommand.java:132)
[2025-06-16T08:52:11.985+0000] {subprocess.py:93} INFO - 	at py4j.commands.CallCommand.execute(CallCommand.java:79)
[2025-06-16T08:52:11.986+0000] {subprocess.py:93} INFO - 	at py4j.ClientServerConnection.waitForCommands(ClientServerConnection.java:184)
[2025-06-16T08:52:11.989+0000] {subprocess.py:93} INFO - 	at py4j.ClientServerConnection.run(ClientServerConnection.java:108)
[2025-06-16T08:52:11.996+0000] {subprocess.py:93} INFO - 	at java.base/java.lang.Thread.run(Thread.java:840)
[2025-06-16T08:52:11.997+0000] {subprocess.py:93} INFO - Caused by: java.lang.ClassNotFoundException: Class org.apache.hadoop.fs.s3a.S3AFileSystem not found
[2025-06-16T08:52:11.998+0000] {subprocess.py:93} INFO - 	at org.apache.hadoop.conf.Configuration.getClassByName(Configuration.java:2641)
[2025-06-16T08:52:11.999+0000] {subprocess.py:93} INFO - 	at org.apache.hadoop.conf.Configuration.getClass(Configuration.java:2735)
[2025-06-16T08:52:11.999+0000] {subprocess.py:93} INFO - 	... 26 more
[2025-06-16T08:52:12.000+0000] {subprocess.py:93} INFO - 
[2025-06-16T08:52:12.002+0000] {subprocess.py:93} INFO - 2025-06-16 08:52:11,948 - INFO - Sessão Spark encerrada.
[2025-06-16T08:52:12.521+0000] {subprocess.py:93} INFO - Traceback (most recent call last):
[2025-06-16T08:52:12.522+0000] {subprocess.py:93} INFO -   File "/opt/airflow/scripts/examples/12-processa_vendas.py", line 100, in <module>
[2025-06-16T08:52:12.529+0000] {subprocess.py:93} INFO -     main()
[2025-06-16T08:52:12.530+0000] {subprocess.py:93} INFO -   File "/opt/airflow/scripts/examples/12-processa_vendas.py", line 92, in main
[2025-06-16T08:52:12.538+0000] {subprocess.py:93} INFO -     process_sales_data(spark, caminho_trusted, caminho_refined)
[2025-06-16T08:52:12.540+0000] {subprocess.py:93} INFO -   File "/opt/airflow/scripts/examples/12-processa_vendas.py", line 55, in process_sales_data
[2025-06-16T08:52:12.546+0000] {subprocess.py:93} INFO -     df_trusted.write.mode("overwrite").parquet(output_path_trusted)
[2025-06-16T08:52:12.548+0000] {subprocess.py:93} INFO -   File "/home/airflow/.local/lib/python3.11/site-packages/pyspark/sql/readwriter.py", line 2003, in parquet
[2025-06-16T08:52:12.556+0000] {subprocess.py:93} INFO -     self._jwrite.parquet(path)
[2025-06-16T08:52:12.558+0000] {subprocess.py:93} INFO -   File "/home/airflow/.local/lib/python3.11/site-packages/py4j/java_gateway.py", line 1362, in __call__
[2025-06-16T08:52:12.559+0000] {subprocess.py:93} INFO -     return_value = get_return_value(
[2025-06-16T08:52:12.560+0000] {subprocess.py:93} INFO -                    ^^^^^^^^^^^^^^^^^
[2025-06-16T08:52:12.561+0000] {subprocess.py:93} INFO -   File "/home/airflow/.local/lib/python3.11/site-packages/pyspark/errors/exceptions/captured.py", line 282, in deco
[2025-06-16T08:52:12.562+0000] {subprocess.py:93} INFO -     return f(*a, **kw)
[2025-06-16T08:52:12.563+0000] {subprocess.py:93} INFO -            ^^^^^^^^^^^
[2025-06-16T08:52:12.564+0000] {subprocess.py:93} INFO -   File "/home/airflow/.local/lib/python3.11/site-packages/py4j/protocol.py", line 327, in get_return_value
[2025-06-16T08:52:12.565+0000] {subprocess.py:93} INFO -     raise Py4JJavaError(
[2025-06-16T08:52:12.575+0000] {subprocess.py:93} INFO - py4j.protocol.Py4JJavaError: An error occurred while calling o62.parquet.
[2025-06-16T08:52:12.577+0000] {subprocess.py:93} INFO - : java.lang.RuntimeException: java.lang.ClassNotFoundException: Class org.apache.hadoop.fs.s3a.S3AFileSystem not found
[2025-06-16T08:52:12.578+0000] {subprocess.py:93} INFO - 	at org.apache.hadoop.conf.Configuration.getClass(Configuration.java:2737)
[2025-06-16T08:52:12.579+0000] {subprocess.py:93} INFO - 	at org.apache.hadoop.fs.FileSystem.getFileSystemClass(FileSystem.java:3569)
[2025-06-16T08:52:12.580+0000] {subprocess.py:93} INFO - 	at org.apache.hadoop.fs.FileSystem.createFileSystem(FileSystem.java:3612)
[2025-06-16T08:52:12.581+0000] {subprocess.py:93} INFO - 	at org.apache.hadoop.fs.FileSystem.access$300(FileSystem.java:172)
[2025-06-16T08:52:12.582+0000] {subprocess.py:93} INFO - 	at org.apache.hadoop.fs.FileSystem$Cache.getInternal(FileSystem.java:3716)
[2025-06-16T08:52:12.589+0000] {subprocess.py:93} INFO - 	at org.apache.hadoop.fs.FileSystem$Cache.get(FileSystem.java:3667)
[2025-06-16T08:52:12.613+0000] {subprocess.py:93} INFO - 	at org.apache.hadoop.fs.FileSystem.get(FileSystem.java:557)
[2025-06-16T08:52:12.615+0000] {subprocess.py:93} INFO - 	at org.apache.hadoop.fs.Path.getFileSystem(Path.java:366)
[2025-06-16T08:52:12.624+0000] {subprocess.py:93} INFO - 	at org.apache.spark.sql.execution.datasources.DataSource.makeQualified(DataSource.scala:125)
[2025-06-16T08:52:12.631+0000] {subprocess.py:93} INFO - 	at org.apache.spark.sql.execution.datasources.DataSource.planForWritingFileFormat(DataSource.scala:468)
[2025-06-16T08:52:12.632+0000] {subprocess.py:93} INFO - 	at org.apache.spark.sql.execution.datasources.DataSource.planForWriting(DataSource.scala:554)
[2025-06-16T08:52:12.634+0000] {subprocess.py:93} INFO - 	at org.apache.spark.sql.classic.DataFrameWriter.saveToV1Source(DataFrameWriter.scala:273)
[2025-06-16T08:52:12.635+0000] {subprocess.py:93} INFO - 	at org.apache.spark.sql.classic.DataFrameWriter.saveInternal(DataFrameWriter.scala:241)
[2025-06-16T08:52:12.636+0000] {subprocess.py:93} INFO - 	at org.apache.spark.sql.classic.DataFrameWriter.save(DataFrameWriter.scala:118)
[2025-06-16T08:52:12.637+0000] {subprocess.py:93} INFO - 	at org.apache.spark.sql.DataFrameWriter.parquet(DataFrameWriter.scala:369)
[2025-06-16T08:52:12.648+0000] {subprocess.py:93} INFO - 	at java.base/jdk.internal.reflect.NativeMethodAccessorImpl.invoke0(Native Method)
[2025-06-16T08:52:12.654+0000] {subprocess.py:93} INFO - 	at java.base/jdk.internal.reflect.NativeMethodAccessorImpl.invoke(NativeMethodAccessorImpl.java:77)
[2025-06-16T08:52:12.655+0000] {subprocess.py:93} INFO - 	at java.base/jdk.internal.reflect.DelegatingMethodAccessorImpl.invoke(DelegatingMethodAccessorImpl.java:43)
[2025-06-16T08:52:12.657+0000] {subprocess.py:93} INFO - 	at java.base/java.lang.reflect.Method.invoke(Method.java:569)
[2025-06-16T08:52:12.658+0000] {subprocess.py:93} INFO - 	at py4j.reflection.MethodInvoker.invoke(MethodInvoker.java:244)
[2025-06-16T08:52:12.666+0000] {subprocess.py:93} INFO - 	at py4j.reflection.ReflectionEngine.invoke(ReflectionEngine.java:374)
[2025-06-16T08:52:12.679+0000] {subprocess.py:93} INFO - 	at py4j.Gateway.invoke(Gateway.java:282)
[2025-06-16T08:52:12.680+0000] {subprocess.py:93} INFO - 	at py4j.commands.AbstractCommand.invokeMethod(AbstractCommand.java:132)
[2025-06-16T08:52:12.681+0000] {subprocess.py:93} INFO - 	at py4j.commands.CallCommand.execute(CallCommand.java:79)
[2025-06-16T08:52:12.691+0000] {subprocess.py:93} INFO - 	at py4j.ClientServerConnection.waitForCommands(ClientServerConnection.java:184)
[2025-06-16T08:52:12.694+0000] {subprocess.py:93} INFO - 	at py4j.ClientServerConnection.run(ClientServerConnection.java:108)
[2025-06-16T08:52:12.696+0000] {subprocess.py:93} INFO - 	at java.base/java.lang.Thread.run(Thread.java:840)
[2025-06-16T08:52:12.697+0000] {subprocess.py:93} INFO - Caused by: java.lang.ClassNotFoundException: Class org.apache.hadoop.fs.s3a.S3AFileSystem not found
[2025-06-16T08:52:12.698+0000] {subprocess.py:93} INFO - 	at org.apache.hadoop.conf.Configuration.getClassByName(Configuration.java:2641)
[2025-06-16T08:52:12.707+0000] {subprocess.py:93} INFO - 	at org.apache.hadoop.conf.Configuration.getClass(Configuration.java:2735)
[2025-06-16T08:52:12.708+0000] {subprocess.py:93} INFO - 	... 26 more
[2025-06-16T08:52:12.718+0000] {subprocess.py:93} INFO - 
[2025-06-16T08:52:12.722+0000] {subprocess.py:93} INFO - 2025-06-16 08:52:12,553 - INFO - Closing down clientserver connection
[2025-06-16T08:52:13.712+0000] {subprocess.py:97} INFO - Command exited with return code 1
[2025-06-16T08:52:13.715+0000] {taskinstance.py:441} INFO - ::group::Post task execution logs
[2025-06-16T08:52:13.773+0000] {taskinstance.py:2905} ERROR - Task failed with exception
Traceback (most recent call last):
  File "/home/airflow/.local/lib/python3.11/site-packages/airflow/models/taskinstance.py", line 465, in _execute_task
    result = _execute_callable(context=context, **execute_callable_kwargs)
             ^^^^^^^^^^^^^^^^^^^^^^^^^^^^^^^^^^^^^^^^^^^^^^^^^^^^^^^^^^^^^
  File "/home/airflow/.local/lib/python3.11/site-packages/airflow/models/taskinstance.py", line 432, in _execute_callable
    return execute_callable(context=context, **execute_callable_kwargs)
           ^^^^^^^^^^^^^^^^^^^^^^^^^^^^^^^^^^^^^^^^^^^^^^^^^^^^^^^^^^^^
  File "/home/airflow/.local/lib/python3.11/site-packages/airflow/models/baseoperator.py", line 401, in wrapper
    return func(self, *args, **kwargs)
           ^^^^^^^^^^^^^^^^^^^^^^^^^^^
  File "/home/airflow/.local/lib/python3.11/site-packages/airflow/operators/bash.py", line 243, in execute
    raise AirflowException(
airflow.exceptions.AirflowException: Bash command failed. The command returned a non-zero exit code 1.
[2025-06-16T08:52:13.787+0000] {taskinstance.py:1206} INFO - Marking task as FAILED. dag_id=dag_04_processamento_spark_seguro_v1, task_id=submeter_job_spark_seguro, run_id=manual__2025-06-16T08:41:16.045178+00:00, execution_date=20250616T084116, start_date=20250616T085149, end_date=20250616T085213
[2025-06-16T08:52:13.827+0000] {standard_task_runner.py:110} ERROR - Failed to execute job 13 for task submeter_job_spark_seguro (Bash command failed. The command returned a non-zero exit code 1.; 1221)
[2025-06-16T08:52:13.858+0000] {local_task_job_runner.py:240} INFO - Task exited with return code 1
[2025-06-16T08:52:13.915+0000] {taskinstance.py:3503} INFO - 0 downstream tasks scheduled from follow-on schedule check
[2025-06-16T08:52:13.919+0000] {local_task_job_runner.py:222} INFO - ::endgroup::
