[2025-06-16T09:40:48.892+0000] {local_task_job_runner.py:120} INFO - ::group::Pre task execution logs
[2025-06-16T09:40:48.967+0000] {taskinstance.py:2076} INFO - Dependencies all met for dep_context=non-requeueable deps ti=<TaskInstance: dag_04_processamento_spark_seguro_v1.submeter_job_spark_seguro manual__2025-06-16T09:40:42.575356+00:00 [queued]>
[2025-06-16T09:40:48.981+0000] {taskinstance.py:2076} INFO - Dependencies all met for dep_context=requeueable deps ti=<TaskInstance: dag_04_processamento_spark_seguro_v1.submeter_job_spark_seguro manual__2025-06-16T09:40:42.575356+00:00 [queued]>
[2025-06-16T09:40:48.982+0000] {taskinstance.py:2306} INFO - Starting attempt 1 of 1
[2025-06-16T09:40:49.003+0000] {taskinstance.py:2330} INFO - Executing <Task(BashOperator): submeter_job_spark_seguro> on 2025-06-16 09:40:42.575356+00:00
[2025-06-16T09:40:49.013+0000] {standard_task_runner.py:63} INFO - Started process 67 to run task
[2025-06-16T09:40:49.022+0000] {standard_task_runner.py:90} INFO - Running: ['airflow', 'tasks', 'run', 'dag_04_processamento_spark_seguro_v1', 'submeter_job_spark_seguro', 'manual__2025-06-16T09:40:42.575356+00:00', '--job-id', '2', '--raw', '--subdir', 'DAGS_FOLDER/dag_04_processamento_spark_seguro_v1.py', '--cfg-path', '/tmp/tmpv3t8kx12']
[2025-06-16T09:40:49.029+0000] {standard_task_runner.py:91} INFO - Job 2: Subtask submeter_job_spark_seguro
[2025-06-16T09:40:49.169+0000] {task_command.py:426} INFO - Running <TaskInstance: dag_04_processamento_spark_seguro_v1.submeter_job_spark_seguro manual__2025-06-16T09:40:42.575356+00:00 [running]> on host b58f6a1b64de
[2025-06-16T09:40:49.342+0000] {taskinstance.py:2648} INFO - Exporting env vars: AIRFLOW_CTX_DAG_OWNER='airflow' AIRFLOW_CTX_DAG_ID='dag_04_processamento_spark_seguro_v1' AIRFLOW_CTX_TASK_ID='submeter_job_spark_seguro' AIRFLOW_CTX_EXECUTION_DATE='2025-06-16T09:40:42.575356+00:00' AIRFLOW_CTX_TRY_NUMBER='1' AIRFLOW_CTX_DAG_RUN_ID='manual__2025-06-16T09:40:42.575356+00:00'
[2025-06-16T09:40:49.345+0000] {taskinstance.py:430} INFO - ::endgroup::
[2025-06-16T09:40:49.368+0000] {subprocess.py:63} INFO - Tmp dir root location: /tmp
[2025-06-16T09:40:49.371+0000] {subprocess.py:75} INFO - Running command: ['/usr/bin/bash', '-c', 'python /opt/airflow/scripts/examples/12-processa_vendas.py']
[2025-06-16T09:40:49.388+0000] {subprocess.py:86} INFO - Output:
[2025-06-16T09:40:50.593+0000] {subprocess.py:93} INFO - 2025-06-16 09:40:50,592 - INFO - === Iniciando Pipeline de Processamento de Vendas ===
[2025-06-16T09:40:50.593+0000] {subprocess.py:93} INFO - 2025-06-16 09:40:50,593 - INFO - Iniciando a sessão Spark...
[2025-06-16T09:40:51.180+0000] {subprocess.py:93} INFO - WARNING: Using incubator modules: jdk.incubator.vector
[2025-06-16T09:40:53.521+0000] {subprocess.py:93} INFO - :: loading settings :: url = jar:file:/home/airflow/.local/lib/python3.11/site-packages/pyspark/jars/ivy-2.5.3.jar!/org/apache/ivy/core/settings/ivysettings.xml
[2025-06-16T09:40:53.651+0000] {subprocess.py:93} INFO - Ivy Default Cache set to: /home/airflow/.ivy2.5.2/cache
[2025-06-16T09:40:53.655+0000] {subprocess.py:93} INFO - The jars for the packages stored in: /home/airflow/.ivy2.5.2/jars
[2025-06-16T09:40:53.660+0000] {subprocess.py:93} INFO - org.apache.hadoop#hadoop-aws added as a dependency
[2025-06-16T09:40:53.660+0000] {subprocess.py:93} INFO - com.amazonaws#aws-java-sdk-bundle added as a dependency
[2025-06-16T09:40:53.662+0000] {subprocess.py:93} INFO - :: resolving dependencies :: org.apache.spark#spark-submit-parent-bd470760-2d9c-4c97-8849-5edfc1501f48;1.0
[2025-06-16T09:40:53.662+0000] {subprocess.py:93} INFO - 	confs: [default]
[2025-06-16T09:40:57.951+0000] {subprocess.py:93} INFO - 	found org.apache.hadoop#hadoop-aws;3.3.4 in central
[2025-06-16T09:40:59.339+0000] {subprocess.py:93} INFO - 	found com.amazonaws#aws-java-sdk-bundle;1.12.262 in central
[2025-06-16T09:41:01.874+0000] {subprocess.py:93} INFO - 	found org.wildfly.openssl#wildfly-openssl;1.0.7.Final in central
[2025-06-16T09:41:02.040+0000] {subprocess.py:93} INFO - downloading https://repo1.maven.org/maven2/org/apache/hadoop/hadoop-aws/3.3.4/hadoop-aws-3.3.4.jar ...
[2025-06-16T09:41:02.688+0000] {subprocess.py:93} INFO - 	[SUCCESSFUL ] org.apache.hadoop#hadoop-aws;3.3.4!hadoop-aws.jar (789ms)
[2025-06-16T09:41:02.832+0000] {subprocess.py:93} INFO - downloading https://repo1.maven.org/maven2/com/amazonaws/aws-java-sdk-bundle/1.12.262/aws-java-sdk-bundle-1.12.262.jar ...
[2025-06-16T09:41:35.085+0000] {subprocess.py:93} INFO - 	[SUCCESSFUL ] com.amazonaws#aws-java-sdk-bundle;1.12.262!aws-java-sdk-bundle.jar (32392ms)
[2025-06-16T09:41:35.227+0000] {subprocess.py:93} INFO - downloading https://repo1.maven.org/maven2/org/wildfly/openssl/wildfly-openssl/1.0.7.Final/wildfly-openssl-1.0.7.Final.jar ...
[2025-06-16T09:41:35.420+0000] {subprocess.py:93} INFO - 	[SUCCESSFUL ] org.wildfly.openssl#wildfly-openssl;1.0.7.Final!wildfly-openssl.jar (332ms)
[2025-06-16T09:41:35.422+0000] {subprocess.py:93} INFO - :: resolution report :: resolve 8228ms :: artifacts dl 33532ms
[2025-06-16T09:41:35.425+0000] {subprocess.py:93} INFO - 	:: modules in use:
[2025-06-16T09:41:35.426+0000] {subprocess.py:93} INFO - 	com.amazonaws#aws-java-sdk-bundle;1.12.262 from central in [default]
[2025-06-16T09:41:35.427+0000] {subprocess.py:93} INFO - 	org.apache.hadoop#hadoop-aws;3.3.4 from central in [default]
[2025-06-16T09:41:35.428+0000] {subprocess.py:93} INFO - 	org.wildfly.openssl#wildfly-openssl;1.0.7.Final from central in [default]
[2025-06-16T09:41:35.429+0000] {subprocess.py:93} INFO - 	---------------------------------------------------------------------
[2025-06-16T09:41:35.430+0000] {subprocess.py:93} INFO - 	|                  |            modules            ||   artifacts   |
[2025-06-16T09:41:35.431+0000] {subprocess.py:93} INFO - 	|       conf       | number| search|dwnlded|evicted|| number|dwnlded|
[2025-06-16T09:41:35.431+0000] {subprocess.py:93} INFO - 	---------------------------------------------------------------------
[2025-06-16T09:41:35.432+0000] {subprocess.py:93} INFO - 	|      default     |   3   |   3   |   3   |   0   ||   3   |   3   |
[2025-06-16T09:41:35.433+0000] {subprocess.py:93} INFO - 	---------------------------------------------------------------------
[2025-06-16T09:41:35.434+0000] {subprocess.py:93} INFO - :: retrieving :: org.apache.spark#spark-submit-parent-bd470760-2d9c-4c97-8849-5edfc1501f48
[2025-06-16T09:41:35.434+0000] {subprocess.py:93} INFO - 	confs: [default]
[2025-06-16T09:41:35.975+0000] {subprocess.py:93} INFO - 	3 artifacts copied, 0 already retrieved (275421kB/544ms)
[2025-06-16T09:41:36.423+0000] {subprocess.py:93} INFO - 25/06/16 09:41:36 WARN NativeCodeLoader: Unable to load native-hadoop library for your platform... using builtin-java classes where applicable
[2025-06-16T09:41:36.940+0000] {subprocess.py:93} INFO - Using Spark's default log4j profile: org/apache/spark/log4j2-defaults.properties
[2025-06-16T09:41:36.941+0000] {subprocess.py:93} INFO - Setting default log level to "WARN".
[2025-06-16T09:41:36.942+0000] {subprocess.py:93} INFO - To adjust logging level use sc.setLogLevel(newLevel). For SparkR, use setLogLevel(newLevel).
[2025-06-16T09:41:56.661+0000] {subprocess.py:93} INFO - 2025-06-16 09:41:56,661 - INFO - Sessão Spark criada com sucesso.
[2025-06-16T09:41:56.662+0000] {subprocess.py:93} INFO - 2025-06-16 09:41:56,661 - INFO - AVISO: Criando um DataFrame de exemplo para demonstração.
[2025-06-16T09:41:59.413+0000] {subprocess.py:93} INFO - 2025-06-16 09:41:59,412 - INFO - DataFrame de exemplo criado com sucesso.
[2025-06-16T09:41:59.413+0000] {subprocess.py:93} INFO - 2025-06-16 09:41:59,412 - INFO - Processando para a camada Trusted (Silver)...
[2025-06-16T09:42:00.155+0000] {subprocess.py:93} INFO - 25/06/16 09:42:00 WARN MetricsConfig: Cannot locate configuration: tried hadoop-metrics2-s3a-file-system.properties,hadoop-metrics2.properties
[2025-06-16T09:42:00.207+0000] {subprocess.py:93} INFO - 25/06/16 09:42:00 WARN FileSystem: Failed to initialize filesystem s3a://silver/vendas_olist: java.lang.NumberFormatException: For input string: "60s"
[2025-06-16T09:42:00.271+0000] {subprocess.py:93} INFO - 2025-06-16 09:42:00,257 - ERROR - Erro durante o processamento: For input string: "60s"
[2025-06-16T09:42:00.276+0000] {subprocess.py:93} INFO - Traceback (most recent call last):
[2025-06-16T09:42:00.277+0000] {subprocess.py:93} INFO -   File "/opt/airflow/scripts/examples/12-processa_vendas.py", line 55, in process_sales_data
[2025-06-16T09:42:00.278+0000] {subprocess.py:93} INFO -     df_trusted.write.mode("overwrite").parquet(output_path_trusted)
[2025-06-16T09:42:00.279+0000] {subprocess.py:93} INFO -   File "/home/airflow/.local/lib/python3.11/site-packages/pyspark/sql/readwriter.py", line 2003, in parquet
[2025-06-16T09:42:00.280+0000] {subprocess.py:93} INFO -     self._jwrite.parquet(path)
[2025-06-16T09:42:00.285+0000] {subprocess.py:93} INFO -   File "/home/airflow/.local/lib/python3.11/site-packages/py4j/java_gateway.py", line 1362, in __call__
[2025-06-16T09:42:00.286+0000] {subprocess.py:93} INFO -     return_value = get_return_value(
[2025-06-16T09:42:00.287+0000] {subprocess.py:93} INFO -                    ^^^^^^^^^^^^^^^^^
[2025-06-16T09:42:00.290+0000] {subprocess.py:93} INFO -   File "/home/airflow/.local/lib/python3.11/site-packages/pyspark/errors/exceptions/captured.py", line 288, in deco
[2025-06-16T09:42:00.292+0000] {subprocess.py:93} INFO -     raise converted from None
[2025-06-16T09:42:00.293+0000] {subprocess.py:93} INFO - pyspark.errors.exceptions.captured.NumberFormatException: For input string: "60s"
[2025-06-16T09:42:00.295+0000] {subprocess.py:93} INFO - 2025-06-16 09:42:00,271 - INFO - Sessão Spark encerrada.
[2025-06-16T09:42:02.220+0000] {subprocess.py:93} INFO - Traceback (most recent call last):
[2025-06-16T09:42:02.221+0000] {subprocess.py:93} INFO -   File "/opt/airflow/scripts/examples/12-processa_vendas.py", line 98, in <module>
[2025-06-16T09:42:02.230+0000] {subprocess.py:93} INFO -     main()
[2025-06-16T09:42:02.231+0000] {subprocess.py:93} INFO -   File "/opt/airflow/scripts/examples/12-processa_vendas.py", line 89, in main
[2025-06-16T09:42:02.236+0000] {subprocess.py:93} INFO -     process_sales_data(spark, caminho_trusted, caminho_refined)
[2025-06-16T09:42:02.237+0000] {subprocess.py:93} INFO -   File "/opt/airflow/scripts/examples/12-processa_vendas.py", line 55, in process_sales_data
[2025-06-16T09:42:02.242+0000] {subprocess.py:93} INFO -     df_trusted.write.mode("overwrite").parquet(output_path_trusted)
[2025-06-16T09:42:02.243+0000] {subprocess.py:93} INFO -   File "/home/airflow/.local/lib/python3.11/site-packages/pyspark/sql/readwriter.py", line 2003, in parquet
[2025-06-16T09:42:02.244+0000] {subprocess.py:93} INFO -     self._jwrite.parquet(path)
[2025-06-16T09:42:02.245+0000] {subprocess.py:93} INFO -   File "/home/airflow/.local/lib/python3.11/site-packages/py4j/java_gateway.py", line 1362, in __call__
[2025-06-16T09:42:02.246+0000] {subprocess.py:93} INFO -     return_value = get_return_value(
[2025-06-16T09:42:02.249+0000] {subprocess.py:93} INFO -                    ^^^^^^^^^^^^^^^^^
[2025-06-16T09:42:02.251+0000] {subprocess.py:93} INFO -   File "/home/airflow/.local/lib/python3.11/site-packages/pyspark/errors/exceptions/captured.py", line 288, in deco
[2025-06-16T09:42:02.252+0000] {subprocess.py:93} INFO -     raise converted from None
[2025-06-16T09:42:02.254+0000] {subprocess.py:93} INFO - pyspark.errors.exceptions.captured.NumberFormatException: For input string: "60s"
[2025-06-16T09:42:02.255+0000] {subprocess.py:93} INFO - 2025-06-16 09:42:02,247 - INFO - Closing down clientserver connection
[2025-06-16T09:42:02.921+0000] {subprocess.py:97} INFO - Command exited with return code 1
[2025-06-16T09:42:02.923+0000] {taskinstance.py:441} INFO - ::group::Post task execution logs
[2025-06-16T09:42:02.961+0000] {taskinstance.py:2905} ERROR - Task failed with exception
Traceback (most recent call last):
  File "/home/airflow/.local/lib/python3.11/site-packages/airflow/models/taskinstance.py", line 465, in _execute_task
    result = _execute_callable(context=context, **execute_callable_kwargs)
             ^^^^^^^^^^^^^^^^^^^^^^^^^^^^^^^^^^^^^^^^^^^^^^^^^^^^^^^^^^^^^
  File "/home/airflow/.local/lib/python3.11/site-packages/airflow/models/taskinstance.py", line 432, in _execute_callable
    return execute_callable(context=context, **execute_callable_kwargs)
           ^^^^^^^^^^^^^^^^^^^^^^^^^^^^^^^^^^^^^^^^^^^^^^^^^^^^^^^^^^^^
  File "/home/airflow/.local/lib/python3.11/site-packages/airflow/models/baseoperator.py", line 401, in wrapper
    return func(self, *args, **kwargs)
           ^^^^^^^^^^^^^^^^^^^^^^^^^^^
  File "/home/airflow/.local/lib/python3.11/site-packages/airflow/operators/bash.py", line 243, in execute
    raise AirflowException(
airflow.exceptions.AirflowException: Bash command failed. The command returned a non-zero exit code 1.
[2025-06-16T09:42:02.970+0000] {taskinstance.py:1206} INFO - Marking task as FAILED. dag_id=dag_04_processamento_spark_seguro_v1, task_id=submeter_job_spark_seguro, run_id=manual__2025-06-16T09:40:42.575356+00:00, execution_date=20250616T094042, start_date=20250616T094048, end_date=20250616T094202
[2025-06-16T09:42:03.006+0000] {standard_task_runner.py:110} ERROR - Failed to execute job 2 for task submeter_job_spark_seguro (Bash command failed. The command returned a non-zero exit code 1.; 67)
[2025-06-16T09:42:03.054+0000] {local_task_job_runner.py:240} INFO - Task exited with return code 1
[2025-06-16T09:42:03.119+0000] {taskinstance.py:3503} INFO - 0 downstream tasks scheduled from follow-on schedule check
[2025-06-16T09:42:03.123+0000] {local_task_job_runner.py:222} INFO - ::endgroup::
