[2025-06-16T08:52:48.570+0000] {local_task_job_runner.py:120} INFO - ::group::Pre task execution logs
[2025-06-16T08:52:48.640+0000] {taskinstance.py:2076} INFO - Dependencies all met for dep_context=non-requeueable deps ti=<TaskInstance: dag_04_processamento_spark_seguro_v1.submeter_job_spark_seguro manual__2025-06-16T08:46:06.505630+00:00 [None]>
[2025-06-16T08:52:48.655+0000] {taskinstance.py:2076} INFO - Dependencies all met for dep_context=requeueable deps ti=<TaskInstance: dag_04_processamento_spark_seguro_v1.submeter_job_spark_seguro manual__2025-06-16T08:46:06.505630+00:00 [None]>
[2025-06-16T08:52:48.656+0000] {taskinstance.py:2306} INFO - Starting attempt 2 of 2
[2025-06-16T08:52:48.674+0000] {taskinstance.py:2330} INFO - Executing <Task(BashOperator): submeter_job_spark_seguro> on 2025-06-16 08:46:06.505630+00:00
[2025-06-16T08:52:48.682+0000] {standard_task_runner.py:63} INFO - Started process 1529 to run task
[2025-06-16T08:52:48.687+0000] {standard_task_runner.py:90} INFO - Running: ['airflow', 'tasks', 'run', 'dag_04_processamento_spark_seguro_v1', 'submeter_job_spark_seguro', 'manual__2025-06-16T08:46:06.505630+00:00', '--job-id', '15', '--raw', '--subdir', 'DAGS_FOLDER/dag_04_processamento_spark_seguro_v1.py', '--cfg-path', '/tmp/tmp4oe1jrle']
[2025-06-16T08:52:48.691+0000] {standard_task_runner.py:91} INFO - Job 15: Subtask submeter_job_spark_seguro
[2025-06-16T08:52:48.843+0000] {task_command.py:426} INFO - Running <TaskInstance: dag_04_processamento_spark_seguro_v1.submeter_job_spark_seguro manual__2025-06-16T08:46:06.505630+00:00 [running]> on host 0f40c05f786f
[2025-06-16T08:52:49.012+0000] {taskinstance.py:2648} INFO - Exporting env vars: AIRFLOW_CTX_DAG_OWNER='airflow' AIRFLOW_CTX_DAG_ID='dag_04_processamento_spark_seguro_v1' AIRFLOW_CTX_TASK_ID='submeter_job_spark_seguro' AIRFLOW_CTX_EXECUTION_DATE='2025-06-16T08:46:06.505630+00:00' AIRFLOW_CTX_TRY_NUMBER='2' AIRFLOW_CTX_DAG_RUN_ID='manual__2025-06-16T08:46:06.505630+00:00'
[2025-06-16T08:52:49.013+0000] {taskinstance.py:430} INFO - ::endgroup::
[2025-06-16T08:52:49.040+0000] {subprocess.py:63} INFO - Tmp dir root location: /tmp
[2025-06-16T08:52:49.042+0000] {subprocess.py:75} INFO - Running command: ['/usr/bin/bash', '-c', 'python /opt/airflow/scripts/examples/12-processa_vendas.py']
[2025-06-16T08:52:49.060+0000] {subprocess.py:86} INFO - Output:
[2025-06-16T08:52:50.330+0000] {subprocess.py:93} INFO - 2025-06-16 08:52:50,330 - INFO - === Iniciando Pipeline de Processamento de Vendas ===
[2025-06-16T08:52:50.331+0000] {subprocess.py:93} INFO - 2025-06-16 08:52:50,330 - INFO - Iniciando a sessão Spark...
[2025-06-16T08:52:50.911+0000] {subprocess.py:93} INFO - WARNING: Using incubator modules: jdk.incubator.vector
[2025-06-16T08:52:55.896+0000] {subprocess.py:93} INFO - Using Spark's default log4j profile: org/apache/spark/log4j2-defaults.properties
[2025-06-16T08:52:55.907+0000] {subprocess.py:93} INFO - Setting default log level to "WARN".
[2025-06-16T08:52:55.909+0000] {subprocess.py:93} INFO - To adjust logging level use sc.setLogLevel(newLevel). For SparkR, use setLogLevel(newLevel).
[2025-06-16T08:52:58.312+0000] {subprocess.py:93} INFO - 25/06/16 08:52:58 WARN NativeCodeLoader: Unable to load native-hadoop library for your platform... using builtin-java classes where applicable
[2025-06-16T08:53:06.306+0000] {subprocess.py:93} INFO - 2025-06-16 08:53:06,306 - INFO - Sessão Spark criada com sucesso.
[2025-06-16T08:53:06.307+0000] {subprocess.py:93} INFO - 2025-06-16 08:53:06,306 - INFO - AVISO: Criando um DataFrame de exemplo para demonstração.
[2025-06-16T08:53:08.665+0000] {subprocess.py:93} INFO - 2025-06-16 08:53:08,665 - INFO - DataFrame de exemplo criado com sucesso.
[2025-06-16T08:53:08.666+0000] {subprocess.py:93} INFO - 2025-06-16 08:53:08,665 - INFO - Processando para a camada Trusted (Silver)...
[2025-06-16T08:53:09.111+0000] {subprocess.py:93} INFO - 2025-06-16 08:53:09,110 - ERROR - Erro durante o processamento: An error occurred while calling o62.parquet.
[2025-06-16T08:53:09.114+0000] {subprocess.py:93} INFO - : java.lang.RuntimeException: java.lang.ClassNotFoundException: Class org.apache.hadoop.fs.s3a.S3AFileSystem not found
[2025-06-16T08:53:09.116+0000] {subprocess.py:93} INFO - 	at org.apache.hadoop.conf.Configuration.getClass(Configuration.java:2737)
[2025-06-16T08:53:09.118+0000] {subprocess.py:93} INFO - 	at org.apache.hadoop.fs.FileSystem.getFileSystemClass(FileSystem.java:3569)
[2025-06-16T08:53:09.120+0000] {subprocess.py:93} INFO - 	at org.apache.hadoop.fs.FileSystem.createFileSystem(FileSystem.java:3612)
[2025-06-16T08:53:09.121+0000] {subprocess.py:93} INFO - 	at org.apache.hadoop.fs.FileSystem.access$300(FileSystem.java:172)
[2025-06-16T08:53:09.123+0000] {subprocess.py:93} INFO - 	at org.apache.hadoop.fs.FileSystem$Cache.getInternal(FileSystem.java:3716)
[2025-06-16T08:53:09.125+0000] {subprocess.py:93} INFO - 	at org.apache.hadoop.fs.FileSystem$Cache.get(FileSystem.java:3667)
[2025-06-16T08:53:09.127+0000] {subprocess.py:93} INFO - 	at org.apache.hadoop.fs.FileSystem.get(FileSystem.java:557)
[2025-06-16T08:53:09.128+0000] {subprocess.py:93} INFO - 	at org.apache.hadoop.fs.Path.getFileSystem(Path.java:366)
[2025-06-16T08:53:09.131+0000] {subprocess.py:93} INFO - 	at org.apache.spark.sql.execution.datasources.DataSource.makeQualified(DataSource.scala:125)
[2025-06-16T08:53:09.132+0000] {subprocess.py:93} INFO - 	at org.apache.spark.sql.execution.datasources.DataSource.planForWritingFileFormat(DataSource.scala:468)
[2025-06-16T08:53:09.133+0000] {subprocess.py:93} INFO - 	at org.apache.spark.sql.execution.datasources.DataSource.planForWriting(DataSource.scala:554)
[2025-06-16T08:53:09.135+0000] {subprocess.py:93} INFO - 	at org.apache.spark.sql.classic.DataFrameWriter.saveToV1Source(DataFrameWriter.scala:273)
[2025-06-16T08:53:09.139+0000] {subprocess.py:93} INFO - 	at org.apache.spark.sql.classic.DataFrameWriter.saveInternal(DataFrameWriter.scala:241)
[2025-06-16T08:53:09.140+0000] {subprocess.py:93} INFO - 	at org.apache.spark.sql.classic.DataFrameWriter.save(DataFrameWriter.scala:118)
[2025-06-16T08:53:09.141+0000] {subprocess.py:93} INFO - 	at org.apache.spark.sql.DataFrameWriter.parquet(DataFrameWriter.scala:369)
[2025-06-16T08:53:09.142+0000] {subprocess.py:93} INFO - 	at java.base/jdk.internal.reflect.NativeMethodAccessorImpl.invoke0(Native Method)
[2025-06-16T08:53:09.143+0000] {subprocess.py:93} INFO - 	at java.base/jdk.internal.reflect.NativeMethodAccessorImpl.invoke(NativeMethodAccessorImpl.java:77)
[2025-06-16T08:53:09.144+0000] {subprocess.py:93} INFO - 	at java.base/jdk.internal.reflect.DelegatingMethodAccessorImpl.invoke(DelegatingMethodAccessorImpl.java:43)
[2025-06-16T08:53:09.147+0000] {subprocess.py:93} INFO - 	at java.base/java.lang.reflect.Method.invoke(Method.java:569)
[2025-06-16T08:53:09.151+0000] {subprocess.py:93} INFO - 	at py4j.reflection.MethodInvoker.invoke(MethodInvoker.java:244)
[2025-06-16T08:53:09.155+0000] {subprocess.py:93} INFO - 	at py4j.reflection.ReflectionEngine.invoke(ReflectionEngine.java:374)
[2025-06-16T08:53:09.158+0000] {subprocess.py:93} INFO - 	at py4j.Gateway.invoke(Gateway.java:282)
[2025-06-16T08:53:09.159+0000] {subprocess.py:93} INFO - 	at py4j.commands.AbstractCommand.invokeMethod(AbstractCommand.java:132)
[2025-06-16T08:53:09.164+0000] {subprocess.py:93} INFO - 	at py4j.commands.CallCommand.execute(CallCommand.java:79)
[2025-06-16T08:53:09.182+0000] {subprocess.py:93} INFO - 	at py4j.ClientServerConnection.waitForCommands(ClientServerConnection.java:184)
[2025-06-16T08:53:09.196+0000] {subprocess.py:93} INFO - 	at py4j.ClientServerConnection.run(ClientServerConnection.java:108)
[2025-06-16T08:53:09.197+0000] {subprocess.py:93} INFO - 	at java.base/java.lang.Thread.run(Thread.java:840)
[2025-06-16T08:53:09.198+0000] {subprocess.py:93} INFO - Caused by: java.lang.ClassNotFoundException: Class org.apache.hadoop.fs.s3a.S3AFileSystem not found
[2025-06-16T08:53:09.199+0000] {subprocess.py:93} INFO - 	at org.apache.hadoop.conf.Configuration.getClassByName(Configuration.java:2641)
[2025-06-16T08:53:09.200+0000] {subprocess.py:93} INFO - 	at org.apache.hadoop.conf.Configuration.getClass(Configuration.java:2735)
[2025-06-16T08:53:09.211+0000] {subprocess.py:93} INFO - 	... 26 more
[2025-06-16T08:53:09.215+0000] {subprocess.py:93} INFO - 
[2025-06-16T08:53:09.216+0000] {subprocess.py:93} INFO - 2025-06-16 08:53:09,110 - INFO - Sessão Spark encerrada.
[2025-06-16T08:53:09.689+0000] {subprocess.py:93} INFO - Traceback (most recent call last):
[2025-06-16T08:53:09.691+0000] {subprocess.py:93} INFO -   File "/opt/airflow/scripts/examples/12-processa_vendas.py", line 100, in <module>
[2025-06-16T08:53:09.696+0000] {subprocess.py:93} INFO -     main()
[2025-06-16T08:53:09.697+0000] {subprocess.py:93} INFO -   File "/opt/airflow/scripts/examples/12-processa_vendas.py", line 92, in main
[2025-06-16T08:53:09.701+0000] {subprocess.py:93} INFO -     process_sales_data(spark, caminho_trusted, caminho_refined)
[2025-06-16T08:53:09.702+0000] {subprocess.py:93} INFO -   File "/opt/airflow/scripts/examples/12-processa_vendas.py", line 55, in process_sales_data
[2025-06-16T08:53:09.708+0000] {subprocess.py:93} INFO -     df_trusted.write.mode("overwrite").parquet(output_path_trusted)
[2025-06-16T08:53:09.709+0000] {subprocess.py:93} INFO -   File "/home/airflow/.local/lib/python3.11/site-packages/pyspark/sql/readwriter.py", line 2003, in parquet
[2025-06-16T08:53:09.710+0000] {subprocess.py:93} INFO -     self._jwrite.parquet(path)
[2025-06-16T08:53:09.711+0000] {subprocess.py:93} INFO -   File "/home/airflow/.local/lib/python3.11/site-packages/py4j/java_gateway.py", line 1362, in __call__
[2025-06-16T08:53:09.712+0000] {subprocess.py:93} INFO -     return_value = get_return_value(
[2025-06-16T08:53:09.713+0000] {subprocess.py:93} INFO -                    ^^^^^^^^^^^^^^^^^
[2025-06-16T08:53:09.714+0000] {subprocess.py:93} INFO -   File "/home/airflow/.local/lib/python3.11/site-packages/pyspark/errors/exceptions/captured.py", line 282, in deco
[2025-06-16T08:53:09.715+0000] {subprocess.py:93} INFO -     return f(*a, **kw)
[2025-06-16T08:53:09.716+0000] {subprocess.py:93} INFO -            ^^^^^^^^^^^
[2025-06-16T08:53:09.717+0000] {subprocess.py:93} INFO -   File "/home/airflow/.local/lib/python3.11/site-packages/py4j/protocol.py", line 327, in get_return_value
[2025-06-16T08:53:09.718+0000] {subprocess.py:93} INFO -     raise Py4JJavaError(
[2025-06-16T08:53:09.719+0000] {subprocess.py:93} INFO - py4j.protocol.Py4JJavaError: An error occurred while calling o62.parquet.
[2025-06-16T08:53:09.719+0000] {subprocess.py:93} INFO - : java.lang.RuntimeException: java.lang.ClassNotFoundException: Class org.apache.hadoop.fs.s3a.S3AFileSystem not found
[2025-06-16T08:53:09.720+0000] {subprocess.py:93} INFO - 	at org.apache.hadoop.conf.Configuration.getClass(Configuration.java:2737)
[2025-06-16T08:53:09.721+0000] {subprocess.py:93} INFO - 	at org.apache.hadoop.fs.FileSystem.getFileSystemClass(FileSystem.java:3569)
[2025-06-16T08:53:09.722+0000] {subprocess.py:93} INFO - 	at org.apache.hadoop.fs.FileSystem.createFileSystem(FileSystem.java:3612)
[2025-06-16T08:53:09.722+0000] {subprocess.py:93} INFO - 	at org.apache.hadoop.fs.FileSystem.access$300(FileSystem.java:172)
[2025-06-16T08:53:09.723+0000] {subprocess.py:93} INFO - 	at org.apache.hadoop.fs.FileSystem$Cache.getInternal(FileSystem.java:3716)
[2025-06-16T08:53:09.725+0000] {subprocess.py:93} INFO - 	at org.apache.hadoop.fs.FileSystem$Cache.get(FileSystem.java:3667)
[2025-06-16T08:53:09.726+0000] {subprocess.py:93} INFO - 	at org.apache.hadoop.fs.FileSystem.get(FileSystem.java:557)
[2025-06-16T08:53:09.727+0000] {subprocess.py:93} INFO - 	at org.apache.hadoop.fs.Path.getFileSystem(Path.java:366)
[2025-06-16T08:53:09.728+0000] {subprocess.py:93} INFO - 	at org.apache.spark.sql.execution.datasources.DataSource.makeQualified(DataSource.scala:125)
[2025-06-16T08:53:09.729+0000] {subprocess.py:93} INFO - 	at org.apache.spark.sql.execution.datasources.DataSource.planForWritingFileFormat(DataSource.scala:468)
[2025-06-16T08:53:09.730+0000] {subprocess.py:93} INFO - 	at org.apache.spark.sql.execution.datasources.DataSource.planForWriting(DataSource.scala:554)
[2025-06-16T08:53:09.731+0000] {subprocess.py:93} INFO - 	at org.apache.spark.sql.classic.DataFrameWriter.saveToV1Source(DataFrameWriter.scala:273)
[2025-06-16T08:53:09.733+0000] {subprocess.py:93} INFO - 	at org.apache.spark.sql.classic.DataFrameWriter.saveInternal(DataFrameWriter.scala:241)
[2025-06-16T08:53:09.734+0000] {subprocess.py:93} INFO - 	at org.apache.spark.sql.classic.DataFrameWriter.save(DataFrameWriter.scala:118)
[2025-06-16T08:53:09.735+0000] {subprocess.py:93} INFO - 	at org.apache.spark.sql.DataFrameWriter.parquet(DataFrameWriter.scala:369)
[2025-06-16T08:53:09.736+0000] {subprocess.py:93} INFO - 	at java.base/jdk.internal.reflect.NativeMethodAccessorImpl.invoke0(Native Method)
[2025-06-16T08:53:09.738+0000] {subprocess.py:93} INFO - 	at java.base/jdk.internal.reflect.NativeMethodAccessorImpl.invoke(NativeMethodAccessorImpl.java:77)
[2025-06-16T08:53:09.739+0000] {subprocess.py:93} INFO - 	at java.base/jdk.internal.reflect.DelegatingMethodAccessorImpl.invoke(DelegatingMethodAccessorImpl.java:43)
[2025-06-16T08:53:09.740+0000] {subprocess.py:93} INFO - 	at java.base/java.lang.reflect.Method.invoke(Method.java:569)
[2025-06-16T08:53:09.741+0000] {subprocess.py:93} INFO - 	at py4j.reflection.MethodInvoker.invoke(MethodInvoker.java:244)
[2025-06-16T08:53:09.742+0000] {subprocess.py:93} INFO - 	at py4j.reflection.ReflectionEngine.invoke(ReflectionEngine.java:374)
[2025-06-16T08:53:09.744+0000] {subprocess.py:93} INFO - 	at py4j.Gateway.invoke(Gateway.java:282)
[2025-06-16T08:53:09.745+0000] {subprocess.py:93} INFO - 	at py4j.commands.AbstractCommand.invokeMethod(AbstractCommand.java:132)
[2025-06-16T08:53:09.746+0000] {subprocess.py:93} INFO - 	at py4j.commands.CallCommand.execute(CallCommand.java:79)
[2025-06-16T08:53:09.747+0000] {subprocess.py:93} INFO - 	at py4j.ClientServerConnection.waitForCommands(ClientServerConnection.java:184)
[2025-06-16T08:53:09.749+0000] {subprocess.py:93} INFO - 	at py4j.ClientServerConnection.run(ClientServerConnection.java:108)
[2025-06-16T08:53:09.750+0000] {subprocess.py:93} INFO - 	at java.base/java.lang.Thread.run(Thread.java:840)
[2025-06-16T08:53:09.751+0000] {subprocess.py:93} INFO - Caused by: java.lang.ClassNotFoundException: Class org.apache.hadoop.fs.s3a.S3AFileSystem not found
[2025-06-16T08:53:09.753+0000] {subprocess.py:93} INFO - 	at org.apache.hadoop.conf.Configuration.getClassByName(Configuration.java:2641)
[2025-06-16T08:53:09.754+0000] {subprocess.py:93} INFO - 	at org.apache.hadoop.conf.Configuration.getClass(Configuration.java:2735)
[2025-06-16T08:53:09.755+0000] {subprocess.py:93} INFO - 	... 26 more
[2025-06-16T08:53:09.757+0000] {subprocess.py:93} INFO - 
[2025-06-16T08:53:09.759+0000] {subprocess.py:93} INFO - 2025-06-16 08:53:09,711 - INFO - Closing down clientserver connection
[2025-06-16T08:53:10.345+0000] {subprocess.py:97} INFO - Command exited with return code 1
[2025-06-16T08:53:10.348+0000] {taskinstance.py:441} INFO - ::group::Post task execution logs
[2025-06-16T08:53:10.381+0000] {taskinstance.py:2905} ERROR - Task failed with exception
Traceback (most recent call last):
  File "/home/airflow/.local/lib/python3.11/site-packages/airflow/models/taskinstance.py", line 465, in _execute_task
    result = _execute_callable(context=context, **execute_callable_kwargs)
             ^^^^^^^^^^^^^^^^^^^^^^^^^^^^^^^^^^^^^^^^^^^^^^^^^^^^^^^^^^^^^
  File "/home/airflow/.local/lib/python3.11/site-packages/airflow/models/taskinstance.py", line 432, in _execute_callable
    return execute_callable(context=context, **execute_callable_kwargs)
           ^^^^^^^^^^^^^^^^^^^^^^^^^^^^^^^^^^^^^^^^^^^^^^^^^^^^^^^^^^^^
  File "/home/airflow/.local/lib/python3.11/site-packages/airflow/models/baseoperator.py", line 401, in wrapper
    return func(self, *args, **kwargs)
           ^^^^^^^^^^^^^^^^^^^^^^^^^^^
  File "/home/airflow/.local/lib/python3.11/site-packages/airflow/operators/bash.py", line 243, in execute
    raise AirflowException(
airflow.exceptions.AirflowException: Bash command failed. The command returned a non-zero exit code 1.
[2025-06-16T08:53:10.390+0000] {taskinstance.py:1206} INFO - Marking task as FAILED. dag_id=dag_04_processamento_spark_seguro_v1, task_id=submeter_job_spark_seguro, run_id=manual__2025-06-16T08:46:06.505630+00:00, execution_date=20250616T084606, start_date=20250616T085248, end_date=20250616T085310
[2025-06-16T08:53:10.432+0000] {standard_task_runner.py:110} ERROR - Failed to execute job 15 for task submeter_job_spark_seguro (Bash command failed. The command returned a non-zero exit code 1.; 1529)
[2025-06-16T08:53:10.458+0000] {local_task_job_runner.py:240} INFO - Task exited with return code 1
[2025-06-16T08:53:10.505+0000] {taskinstance.py:3503} INFO - 0 downstream tasks scheduled from follow-on schedule check
[2025-06-16T08:53:10.509+0000] {local_task_job_runner.py:222} INFO - ::endgroup::
