[2025-06-16T08:45:23.407+0000] {local_task_job_runner.py:120} INFO - ::group::Pre task execution logs
[2025-06-16T08:45:23.465+0000] {taskinstance.py:2076} INFO - Dependencies all met for dep_context=non-requeueable deps ti=<TaskInstance: dag_04_processamento_spark_seguro_v1.submeter_job_spark_seguro manual__2025-06-16T08:45:17.400221+00:00 [queued]>
[2025-06-16T08:45:23.478+0000] {taskinstance.py:2076} INFO - Dependencies all met for dep_context=requeueable deps ti=<TaskInstance: dag_04_processamento_spark_seguro_v1.submeter_job_spark_seguro manual__2025-06-16T08:45:17.400221+00:00 [queued]>
[2025-06-16T08:45:23.481+0000] {taskinstance.py:2306} INFO - Starting attempt 1 of 1
[2025-06-16T08:45:23.499+0000] {taskinstance.py:2330} INFO - Executing <Task(BashOperator): submeter_job_spark_seguro> on 2025-06-16 08:45:17.400221+00:00
[2025-06-16T08:45:23.508+0000] {standard_task_runner.py:63} INFO - Started process 327 to run task
[2025-06-16T08:45:23.516+0000] {standard_task_runner.py:90} INFO - Running: ['airflow', 'tasks', 'run', 'dag_04_processamento_spark_seguro_v1', 'submeter_job_spark_seguro', 'manual__2025-06-16T08:45:17.400221+00:00', '--job-id', '8', '--raw', '--subdir', 'DAGS_FOLDER/dag_04_processamento_spark_seguro_v1.py', '--cfg-path', '/tmp/tmp3u6a6u5l']
[2025-06-16T08:45:23.522+0000] {standard_task_runner.py:91} INFO - Job 8: Subtask submeter_job_spark_seguro
[2025-06-16T08:45:23.645+0000] {task_command.py:426} INFO - Running <TaskInstance: dag_04_processamento_spark_seguro_v1.submeter_job_spark_seguro manual__2025-06-16T08:45:17.400221+00:00 [running]> on host 0f40c05f786f
[2025-06-16T08:45:23.821+0000] {taskinstance.py:2648} INFO - Exporting env vars: AIRFLOW_CTX_DAG_OWNER='airflow' AIRFLOW_CTX_DAG_ID='dag_04_processamento_spark_seguro_v1' AIRFLOW_CTX_TASK_ID='submeter_job_spark_seguro' AIRFLOW_CTX_EXECUTION_DATE='2025-06-16T08:45:17.400221+00:00' AIRFLOW_CTX_TRY_NUMBER='1' AIRFLOW_CTX_DAG_RUN_ID='manual__2025-06-16T08:45:17.400221+00:00'
[2025-06-16T08:45:23.823+0000] {taskinstance.py:430} INFO - ::endgroup::
[2025-06-16T08:45:23.847+0000] {subprocess.py:63} INFO - Tmp dir root location: /tmp
[2025-06-16T08:45:23.850+0000] {subprocess.py:75} INFO - Running command: ['/usr/bin/bash', '-c', 'python /opt/airflow/scripts/examples/12-processa_vendas.py']
[2025-06-16T08:45:23.865+0000] {subprocess.py:86} INFO - Output:
[2025-06-16T08:45:24.984+0000] {subprocess.py:93} INFO - 2025-06-16 08:45:24,983 - INFO - === Iniciando Pipeline de Processamento de Vendas ===
[2025-06-16T08:45:24.985+0000] {subprocess.py:93} INFO - 2025-06-16 08:45:24,984 - INFO - Iniciando a sessão Spark...
[2025-06-16T08:45:25.548+0000] {subprocess.py:93} INFO - WARNING: Using incubator modules: jdk.incubator.vector
[2025-06-16T08:45:28.968+0000] {subprocess.py:93} INFO - Using Spark's default log4j profile: org/apache/spark/log4j2-defaults.properties
[2025-06-16T08:45:28.969+0000] {subprocess.py:93} INFO - Setting default log level to "WARN".
[2025-06-16T08:45:28.970+0000] {subprocess.py:93} INFO - To adjust logging level use sc.setLogLevel(newLevel). For SparkR, use setLogLevel(newLevel).
[2025-06-16T08:45:30.393+0000] {subprocess.py:93} INFO - 25/06/16 08:45:30 WARN NativeCodeLoader: Unable to load native-hadoop library for your platform... using builtin-java classes where applicable
[2025-06-16T08:45:36.760+0000] {subprocess.py:93} INFO - 2025-06-16 08:45:36,760 - INFO - Sessão Spark criada com sucesso.
[2025-06-16T08:45:36.761+0000] {subprocess.py:93} INFO - 2025-06-16 08:45:36,760 - INFO - Lendo dados de: /opt/airflow/data/olist/dados_consolidados.csv
[2025-06-16T08:45:37.951+0000] {subprocess.py:93} INFO - 25/06/16 08:45:37 WARN FileStreamSink: Assume no metadata directory. Error while looking for metadata directory in the path: /opt/airflow/data/olist/dados_consolidados.csv.
[2025-06-16T08:45:37.953+0000] {subprocess.py:93} INFO - java.io.FileNotFoundException: File /opt/airflow/data/olist/dados_consolidados.csv does not exist
[2025-06-16T08:45:37.954+0000] {subprocess.py:93} INFO - 	at org.apache.hadoop.fs.RawLocalFileSystem.deprecatedGetFileStatus(RawLocalFileSystem.java:917)
[2025-06-16T08:45:37.955+0000] {subprocess.py:93} INFO - 	at org.apache.hadoop.fs.RawLocalFileSystem.getFileLinkStatusInternal(RawLocalFileSystem.java:1238)
[2025-06-16T08:45:37.956+0000] {subprocess.py:93} INFO - 	at org.apache.hadoop.fs.RawLocalFileSystem.getFileStatus(RawLocalFileSystem.java:907)
[2025-06-16T08:45:37.958+0000] {subprocess.py:93} INFO - 	at org.apache.hadoop.fs.FilterFileSystem.getFileStatus(FilterFileSystem.java:462)
[2025-06-16T08:45:37.958+0000] {subprocess.py:93} INFO - 	at org.apache.spark.sql.execution.streaming.FileStreamSink$.hasMetadata(FileStreamSink.scala:56)
[2025-06-16T08:45:37.959+0000] {subprocess.py:93} INFO - 	at org.apache.spark.sql.execution.datasources.DataSource.resolveRelation(DataSource.scala:381)
[2025-06-16T08:45:37.960+0000] {subprocess.py:93} INFO - 	at org.apache.spark.sql.catalyst.analysis.ResolveDataSource.org$apache$spark$sql$catalyst$analysis$ResolveDataSource$$loadV1BatchSource(ResolveDataSource.scala:143)
[2025-06-16T08:45:37.961+0000] {subprocess.py:93} INFO - 	at org.apache.spark.sql.catalyst.analysis.ResolveDataSource$$anonfun$apply$1.$anonfun$applyOrElse$2(ResolveDataSource.scala:61)
[2025-06-16T08:45:37.962+0000] {subprocess.py:93} INFO - 	at scala.Option.getOrElse(Option.scala:201)
[2025-06-16T08:45:37.963+0000] {subprocess.py:93} INFO - 	at org.apache.spark.sql.catalyst.analysis.ResolveDataSource$$anonfun$apply$1.applyOrElse(ResolveDataSource.scala:61)
[2025-06-16T08:45:37.964+0000] {subprocess.py:93} INFO - 	at org.apache.spark.sql.catalyst.analysis.ResolveDataSource$$anonfun$apply$1.applyOrElse(ResolveDataSource.scala:45)
[2025-06-16T08:45:37.965+0000] {subprocess.py:93} INFO - 	at org.apache.spark.sql.catalyst.plans.logical.AnalysisHelper.$anonfun$resolveOperatorsUpWithPruning$3(AnalysisHelper.scala:139)
[2025-06-16T08:45:37.966+0000] {subprocess.py:93} INFO - 	at org.apache.spark.sql.catalyst.trees.CurrentOrigin$.withOrigin(origin.scala:86)
[2025-06-16T08:45:37.967+0000] {subprocess.py:93} INFO - 	at org.apache.spark.sql.catalyst.plans.logical.AnalysisHelper.$anonfun$resolveOperatorsUpWithPruning$1(AnalysisHelper.scala:139)
[2025-06-16T08:45:37.968+0000] {subprocess.py:93} INFO - 	at org.apache.spark.sql.catalyst.plans.logical.AnalysisHelper$.allowInvokingTransformsInAnalyzer(AnalysisHelper.scala:416)
[2025-06-16T08:45:37.969+0000] {subprocess.py:93} INFO - 	at org.apache.spark.sql.catalyst.plans.logical.AnalysisHelper.resolveOperatorsUpWithPruning(AnalysisHelper.scala:135)
[2025-06-16T08:45:37.973+0000] {subprocess.py:93} INFO - 	at org.apache.spark.sql.catalyst.plans.logical.AnalysisHelper.resolveOperatorsUpWithPruning$(AnalysisHelper.scala:131)
[2025-06-16T08:45:37.974+0000] {subprocess.py:93} INFO - 	at org.apache.spark.sql.catalyst.plans.logical.LogicalPlan.resolveOperatorsUpWithPruning(LogicalPlan.scala:37)
[2025-06-16T08:45:37.978+0000] {subprocess.py:93} INFO - 	at org.apache.spark.sql.catalyst.plans.logical.AnalysisHelper.resolveOperatorsUp(AnalysisHelper.scala:112)
[2025-06-16T08:45:37.979+0000] {subprocess.py:93} INFO - 	at org.apache.spark.sql.catalyst.plans.logical.AnalysisHelper.resolveOperatorsUp$(AnalysisHelper.scala:111)
[2025-06-16T08:45:37.981+0000] {subprocess.py:93} INFO - 	at org.apache.spark.sql.catalyst.plans.logical.LogicalPlan.resolveOperatorsUp(LogicalPlan.scala:37)
[2025-06-16T08:45:37.982+0000] {subprocess.py:93} INFO - 	at org.apache.spark.sql.catalyst.analysis.ResolveDataSource.apply(ResolveDataSource.scala:45)
[2025-06-16T08:45:37.984+0000] {subprocess.py:93} INFO - 	at org.apache.spark.sql.catalyst.analysis.ResolveDataSource.apply(ResolveDataSource.scala:43)
[2025-06-16T08:45:37.988+0000] {subprocess.py:93} INFO - 	at org.apache.spark.sql.catalyst.rules.RuleExecutor.$anonfun$execute$2(RuleExecutor.scala:242)
[2025-06-16T08:45:37.989+0000] {subprocess.py:93} INFO - 	at scala.collection.LinearSeqOps.foldLeft(LinearSeq.scala:183)
[2025-06-16T08:45:37.990+0000] {subprocess.py:93} INFO - 	at scala.collection.LinearSeqOps.foldLeft$(LinearSeq.scala:179)
[2025-06-16T08:45:37.993+0000] {subprocess.py:93} INFO - 	at scala.collection.immutable.List.foldLeft(List.scala:79)
[2025-06-16T08:45:37.994+0000] {subprocess.py:93} INFO - 	at org.apache.spark.sql.catalyst.rules.RuleExecutor.$anonfun$execute$1(RuleExecutor.scala:239)
[2025-06-16T08:45:37.995+0000] {subprocess.py:93} INFO - 	at org.apache.spark.sql.catalyst.rules.RuleExecutor.$anonfun$execute$1$adapted(RuleExecutor.scala:231)
[2025-06-16T08:45:38.001+0000] {subprocess.py:93} INFO - 	at scala.collection.immutable.List.foreach(List.scala:334)
[2025-06-16T08:45:38.002+0000] {subprocess.py:93} INFO - 	at org.apache.spark.sql.catalyst.rules.RuleExecutor.execute(RuleExecutor.scala:231)
[2025-06-16T08:45:38.003+0000] {subprocess.py:93} INFO - 	at org.apache.spark.sql.catalyst.analysis.Analyzer.org$apache$spark$sql$catalyst$analysis$Analyzer$$executeSameContext(Analyzer.scala:290)
[2025-06-16T08:45:38.004+0000] {subprocess.py:93} INFO - 	at org.apache.spark.sql.catalyst.analysis.Analyzer.$anonfun$execute$1(Analyzer.scala:286)
[2025-06-16T08:45:38.006+0000] {subprocess.py:93} INFO - 	at org.apache.spark.sql.catalyst.analysis.AnalysisContext$.withNewAnalysisContext(Analyzer.scala:234)
[2025-06-16T08:45:38.007+0000] {subprocess.py:93} INFO - 	at org.apache.spark.sql.catalyst.analysis.Analyzer.execute(Analyzer.scala:286)
[2025-06-16T08:45:38.008+0000] {subprocess.py:93} INFO - 	at org.apache.spark.sql.catalyst.analysis.Analyzer.execute(Analyzer.scala:249)
[2025-06-16T08:45:38.009+0000] {subprocess.py:93} INFO - 	at org.apache.spark.sql.catalyst.rules.RuleExecutor.$anonfun$executeAndTrack$1(RuleExecutor.scala:201)
[2025-06-16T08:45:38.010+0000] {subprocess.py:93} INFO - 	at org.apache.spark.sql.catalyst.QueryPlanningTracker$.withTracker(QueryPlanningTracker.scala:89)
[2025-06-16T08:45:38.011+0000] {subprocess.py:93} INFO - 	at org.apache.spark.sql.catalyst.rules.RuleExecutor.executeAndTrack(RuleExecutor.scala:201)
[2025-06-16T08:45:38.012+0000] {subprocess.py:93} INFO - 	at org.apache.spark.sql.catalyst.analysis.resolver.HybridAnalyzer.resolveInFixedPoint(HybridAnalyzer.scala:190)
[2025-06-16T08:45:38.013+0000] {subprocess.py:93} INFO - 	at org.apache.spark.sql.catalyst.analysis.resolver.HybridAnalyzer.$anonfun$apply$1(HybridAnalyzer.scala:76)
[2025-06-16T08:45:38.014+0000] {subprocess.py:93} INFO - 	at org.apache.spark.sql.catalyst.analysis.resolver.HybridAnalyzer.withTrackedAnalyzerBridgeState(HybridAnalyzer.scala:111)
[2025-06-16T08:45:38.015+0000] {subprocess.py:93} INFO - 	at org.apache.spark.sql.catalyst.analysis.resolver.HybridAnalyzer.apply(HybridAnalyzer.scala:71)
[2025-06-16T08:45:38.017+0000] {subprocess.py:93} INFO - 	at org.apache.spark.sql.catalyst.analysis.Analyzer.$anonfun$executeAndCheck$1(Analyzer.scala:280)
[2025-06-16T08:45:38.018+0000] {subprocess.py:93} INFO - 	at org.apache.spark.sql.catalyst.plans.logical.AnalysisHelper$.markInAnalyzer(AnalysisHelper.scala:423)
[2025-06-16T08:45:38.019+0000] {subprocess.py:93} INFO - 	at org.apache.spark.sql.catalyst.analysis.Analyzer.executeAndCheck(Analyzer.scala:280)
[2025-06-16T08:45:38.020+0000] {subprocess.py:93} INFO - 	at org.apache.spark.sql.execution.QueryExecution.$anonfun$lazyAnalyzed$2(QueryExecution.scala:110)
[2025-06-16T08:45:38.021+0000] {subprocess.py:93} INFO - 	at org.apache.spark.sql.catalyst.QueryPlanningTracker.measurePhase(QueryPlanningTracker.scala:148)
[2025-06-16T08:45:38.022+0000] {subprocess.py:93} INFO - 	at org.apache.spark.sql.execution.QueryExecution.$anonfun$executePhase$2(QueryExecution.scala:278)
[2025-06-16T08:45:38.022+0000] {subprocess.py:93} INFO - 	at org.apache.spark.sql.execution.QueryExecution$.withInternalError(QueryExecution.scala:654)
[2025-06-16T08:45:38.023+0000] {subprocess.py:93} INFO - 	at org.apache.spark.sql.execution.QueryExecution.$anonfun$executePhase$1(QueryExecution.scala:278)
[2025-06-16T08:45:38.025+0000] {subprocess.py:93} INFO - 	at org.apache.spark.sql.SparkSession.withActive(SparkSession.scala:804)
[2025-06-16T08:45:38.026+0000] {subprocess.py:93} INFO - 	at org.apache.spark.sql.execution.QueryExecution.executePhase(QueryExecution.scala:277)
[2025-06-16T08:45:38.027+0000] {subprocess.py:93} INFO - 	at org.apache.spark.sql.execution.QueryExecution.$anonfun$lazyAnalyzed$1(QueryExecution.scala:110)
[2025-06-16T08:45:38.028+0000] {subprocess.py:93} INFO - 	at scala.util.Try$.apply(Try.scala:217)
[2025-06-16T08:45:38.028+0000] {subprocess.py:93} INFO - 	at org.apache.spark.util.Utils$.doTryWithCallerStacktrace(Utils.scala:1378)
[2025-06-16T08:45:38.029+0000] {subprocess.py:93} INFO - 	at org.apache.spark.util.LazyTry.tryT$lzycompute(LazyTry.scala:46)
[2025-06-16T08:45:38.033+0000] {subprocess.py:93} INFO - 	at org.apache.spark.util.LazyTry.tryT(LazyTry.scala:46)
[2025-06-16T08:45:38.034+0000] {subprocess.py:93} INFO - 	at org.apache.spark.util.LazyTry.get(LazyTry.scala:58)
[2025-06-16T08:45:38.034+0000] {subprocess.py:93} INFO - 	at org.apache.spark.sql.execution.QueryExecution.analyzed(QueryExecution.scala:121)
[2025-06-16T08:45:38.036+0000] {subprocess.py:93} INFO - 	at org.apache.spark.sql.execution.QueryExecution.assertAnalyzed(QueryExecution.scala:80)
[2025-06-16T08:45:38.037+0000] {subprocess.py:93} INFO - 	at org.apache.spark.sql.classic.Dataset$.$anonfun$ofRows$1(Dataset.scala:115)
[2025-06-16T08:45:38.038+0000] {subprocess.py:93} INFO - 	at org.apache.spark.sql.SparkSession.withActive(SparkSession.scala:804)
[2025-06-16T08:45:38.039+0000] {subprocess.py:93} INFO - 	at org.apache.spark.sql.classic.Dataset$.ofRows(Dataset.scala:113)
[2025-06-16T08:45:38.041+0000] {subprocess.py:93} INFO - 	at org.apache.spark.sql.classic.DataFrameReader.load(DataFrameReader.scala:109)
[2025-06-16T08:45:38.043+0000] {subprocess.py:93} INFO - 	at org.apache.spark.sql.classic.DataFrameReader.load(DataFrameReader.scala:58)
[2025-06-16T08:45:38.044+0000] {subprocess.py:93} INFO - 	at org.apache.spark.sql.DataFrameReader.csv(DataFrameReader.scala:392)
[2025-06-16T08:45:38.045+0000] {subprocess.py:93} INFO - 	at org.apache.spark.sql.classic.DataFrameReader.csv(DataFrameReader.scala:259)
[2025-06-16T08:45:38.046+0000] {subprocess.py:93} INFO - 	at org.apache.spark.sql.classic.DataFrameReader.csv(DataFrameReader.scala:58)
[2025-06-16T08:45:38.047+0000] {subprocess.py:93} INFO - 	at java.base/jdk.internal.reflect.NativeMethodAccessorImpl.invoke0(Native Method)
[2025-06-16T08:45:38.048+0000] {subprocess.py:93} INFO - 	at java.base/jdk.internal.reflect.NativeMethodAccessorImpl.invoke(NativeMethodAccessorImpl.java:77)
[2025-06-16T08:45:38.050+0000] {subprocess.py:93} INFO - 	at java.base/jdk.internal.reflect.DelegatingMethodAccessorImpl.invoke(DelegatingMethodAccessorImpl.java:43)
[2025-06-16T08:45:38.051+0000] {subprocess.py:93} INFO - 	at java.base/java.lang.reflect.Method.invoke(Method.java:569)
[2025-06-16T08:45:38.052+0000] {subprocess.py:93} INFO - 	at py4j.reflection.MethodInvoker.invoke(MethodInvoker.java:244)
[2025-06-16T08:45:38.053+0000] {subprocess.py:93} INFO - 	at py4j.reflection.ReflectionEngine.invoke(ReflectionEngine.java:374)
[2025-06-16T08:45:38.054+0000] {subprocess.py:93} INFO - 	at py4j.Gateway.invoke(Gateway.java:282)
[2025-06-16T08:45:38.055+0000] {subprocess.py:93} INFO - 	at py4j.commands.AbstractCommand.invokeMethod(AbstractCommand.java:132)
[2025-06-16T08:45:38.056+0000] {subprocess.py:93} INFO - 	at py4j.commands.CallCommand.execute(CallCommand.java:79)
[2025-06-16T08:45:38.057+0000] {subprocess.py:93} INFO - 	at py4j.ClientServerConnection.waitForCommands(ClientServerConnection.java:184)
[2025-06-16T08:45:38.058+0000] {subprocess.py:93} INFO - 	at py4j.ClientServerConnection.run(ClientServerConnection.java:108)
[2025-06-16T08:45:38.059+0000] {subprocess.py:93} INFO - 	at java.base/java.lang.Thread.run(Thread.java:840)
[2025-06-16T08:45:38.206+0000] {subprocess.py:93} INFO - 2025-06-16 08:45:38,206 - ERROR - Erro durante o processamento: [PATH_NOT_FOUND] Path does not exist: file:/opt/airflow/data/olist/dados_consolidados.csv. SQLSTATE: 42K03
[2025-06-16T08:45:38.209+0000] {subprocess.py:93} INFO - 2025-06-16 08:45:38,206 - INFO - Sessão Spark encerrada.
[2025-06-16T08:45:38.394+0000] {subprocess.py:93} INFO - Traceback (most recent call last):
[2025-06-16T08:45:38.395+0000] {subprocess.py:93} INFO -   File "/opt/airflow/scripts/examples/12-processa_vendas.py", line 88, in <module>
[2025-06-16T08:45:38.398+0000] {subprocess.py:93} INFO -     main()
[2025-06-16T08:45:38.400+0000] {subprocess.py:93} INFO -   File "/opt/airflow/scripts/examples/12-processa_vendas.py", line 80, in main
[2025-06-16T08:45:38.403+0000] {subprocess.py:93} INFO -     process_sales_data(spark, caminho_dados_consolidados, caminho_trusted, caminho_refined)
[2025-06-16T08:45:38.404+0000] {subprocess.py:93} INFO -   File "/opt/airflow/scripts/examples/12-processa_vendas.py", line 33, in process_sales_data
[2025-06-16T08:45:38.407+0000] {subprocess.py:93} INFO -     df_vendas = spark.read.csv(input_path, header=True, inferSchema=True)
[2025-06-16T08:45:38.408+0000] {subprocess.py:93} INFO -                 ^^^^^^^^^^^^^^^^^^^^^^^^^^^^^^^^^^^^^^^^^^^^^^^^^^^^^^^^^
[2025-06-16T08:45:38.408+0000] {subprocess.py:93} INFO -   File "/home/airflow/.local/lib/python3.11/site-packages/pyspark/sql/readwriter.py", line 838, in csv
[2025-06-16T08:45:38.409+0000] {subprocess.py:93} INFO -     return self._df(self._jreader.csv(self._spark._sc._jvm.PythonUtils.toSeq(path)))
[2025-06-16T08:45:38.410+0000] {subprocess.py:93} INFO -                     ^^^^^^^^^^^^^^^^^^^^^^^^^^^^^^^^^^^^^^^^^^^^^^^^^^^^^^^^^^^^^^^
[2025-06-16T08:45:38.410+0000] {subprocess.py:93} INFO -   File "/home/airflow/.local/lib/python3.11/site-packages/py4j/java_gateway.py", line 1362, in __call__
[2025-06-16T08:45:38.411+0000] {subprocess.py:93} INFO -     return_value = get_return_value(
[2025-06-16T08:45:38.413+0000] {subprocess.py:93} INFO -                    ^^^^^^^^^^^^^^^^^
[2025-06-16T08:45:38.414+0000] {subprocess.py:93} INFO -   File "/home/airflow/.local/lib/python3.11/site-packages/pyspark/errors/exceptions/captured.py", line 288, in deco
[2025-06-16T08:45:38.415+0000] {subprocess.py:93} INFO -     raise converted from None
[2025-06-16T08:45:38.415+0000] {subprocess.py:93} INFO - pyspark.errors.exceptions.captured.AnalysisException: [PATH_NOT_FOUND] Path does not exist: file:/opt/airflow/data/olist/dados_consolidados.csv. SQLSTATE: 42K03
[2025-06-16T08:45:38.417+0000] {subprocess.py:93} INFO - 2025-06-16 08:45:38,410 - INFO - Closing down clientserver connection
[2025-06-16T08:45:39.019+0000] {subprocess.py:97} INFO - Command exited with return code 1
[2025-06-16T08:45:39.020+0000] {taskinstance.py:441} INFO - ::group::Post task execution logs
[2025-06-16T08:45:39.045+0000] {taskinstance.py:2905} ERROR - Task failed with exception
Traceback (most recent call last):
  File "/home/airflow/.local/lib/python3.11/site-packages/airflow/models/taskinstance.py", line 465, in _execute_task
    result = _execute_callable(context=context, **execute_callable_kwargs)
             ^^^^^^^^^^^^^^^^^^^^^^^^^^^^^^^^^^^^^^^^^^^^^^^^^^^^^^^^^^^^^
  File "/home/airflow/.local/lib/python3.11/site-packages/airflow/models/taskinstance.py", line 432, in _execute_callable
    return execute_callable(context=context, **execute_callable_kwargs)
           ^^^^^^^^^^^^^^^^^^^^^^^^^^^^^^^^^^^^^^^^^^^^^^^^^^^^^^^^^^^^
  File "/home/airflow/.local/lib/python3.11/site-packages/airflow/models/baseoperator.py", line 401, in wrapper
    return func(self, *args, **kwargs)
           ^^^^^^^^^^^^^^^^^^^^^^^^^^^
  File "/home/airflow/.local/lib/python3.11/site-packages/airflow/operators/bash.py", line 243, in execute
    raise AirflowException(
airflow.exceptions.AirflowException: Bash command failed. The command returned a non-zero exit code 1.
[2025-06-16T08:45:39.052+0000] {taskinstance.py:1206} INFO - Marking task as FAILED. dag_id=dag_04_processamento_spark_seguro_v1, task_id=submeter_job_spark_seguro, run_id=manual__2025-06-16T08:45:17.400221+00:00, execution_date=20250616T084517, start_date=20250616T084523, end_date=20250616T084539
[2025-06-16T08:45:39.074+0000] {standard_task_runner.py:110} ERROR - Failed to execute job 8 for task submeter_job_spark_seguro (Bash command failed. The command returned a non-zero exit code 1.; 327)
[2025-06-16T08:45:39.102+0000] {local_task_job_runner.py:240} INFO - Task exited with return code 1
[2025-06-16T08:45:39.133+0000] {taskinstance.py:3503} INFO - 0 downstream tasks scheduled from follow-on schedule check
[2025-06-16T08:45:39.136+0000] {local_task_job_runner.py:222} INFO - ::endgroup::
