[2025-06-16T07:58:16.908+0000] {local_task_job_runner.py:120} INFO - ::group::Pre task execution logs
[2025-06-16T07:58:16.974+0000] {taskinstance.py:2076} INFO - Dependencies all met for dep_context=non-requeueable deps ti=<TaskInstance: dag_04_processamento_spark_seguro_v1.submeter_job_spark_seguro manual__2025-06-16T07:58:10.772967+00:00 [queued]>
[2025-06-16T07:58:16.993+0000] {taskinstance.py:2076} INFO - Dependencies all met for dep_context=requeueable deps ti=<TaskInstance: dag_04_processamento_spark_seguro_v1.submeter_job_spark_seguro manual__2025-06-16T07:58:10.772967+00:00 [queued]>
[2025-06-16T07:58:16.994+0000] {taskinstance.py:2306} INFO - Starting attempt 1 of 1
[2025-06-16T07:58:17.018+0000] {taskinstance.py:2330} INFO - Executing <Task(BashOperator): submeter_job_spark_seguro> on 2025-06-16 07:58:10.772967+00:00
[2025-06-16T07:58:17.027+0000] {standard_task_runner.py:63} INFO - Started process 217 to run task
[2025-06-16T07:58:17.034+0000] {standard_task_runner.py:90} INFO - Running: ['airflow', 'tasks', 'run', 'dag_04_processamento_spark_seguro_v1', 'submeter_job_spark_seguro', 'manual__2025-06-16T07:58:10.772967+00:00', '--job-id', '2', '--raw', '--subdir', 'DAGS_FOLDER/dag_04_processamento_spark_seguro_v1.py', '--cfg-path', '/tmp/tmpgvtsdzrg']
[2025-06-16T07:58:17.038+0000] {standard_task_runner.py:91} INFO - Job 2: Subtask submeter_job_spark_seguro
[2025-06-16T07:58:17.160+0000] {task_command.py:426} INFO - Running <TaskInstance: dag_04_processamento_spark_seguro_v1.submeter_job_spark_seguro manual__2025-06-16T07:58:10.772967+00:00 [running]> on host 17907711c043
[2025-06-16T07:58:17.329+0000] {taskinstance.py:2648} INFO - Exporting env vars: AIRFLOW_CTX_DAG_OWNER='airflow' AIRFLOW_CTX_DAG_ID='dag_04_processamento_spark_seguro_v1' AIRFLOW_CTX_TASK_ID='submeter_job_spark_seguro' AIRFLOW_CTX_EXECUTION_DATE='2025-06-16T07:58:10.772967+00:00' AIRFLOW_CTX_TRY_NUMBER='1' AIRFLOW_CTX_DAG_RUN_ID='manual__2025-06-16T07:58:10.772967+00:00'
[2025-06-16T07:58:17.330+0000] {taskinstance.py:430} INFO - ::endgroup::
[2025-06-16T07:58:17.351+0000] {subprocess.py:63} INFO - Tmp dir root location: /tmp
[2025-06-16T07:58:17.353+0000] {subprocess.py:75} INFO - Running command: ['/usr/bin/bash', '-c', 'python /opt/airflow/scripts/12-processa_vendas.py']
[2025-06-16T07:58:17.369+0000] {subprocess.py:86} INFO - Output:
[2025-06-16T07:58:17.485+0000] {subprocess.py:93} INFO - python: can't open file '/opt/airflow/scripts/12-processa_vendas.py': [Errno 2] No such file or directory
[2025-06-16T07:58:17.491+0000] {subprocess.py:97} INFO - Command exited with return code 2
[2025-06-16T07:58:17.493+0000] {taskinstance.py:441} INFO - ::group::Post task execution logs
[2025-06-16T07:58:17.518+0000] {taskinstance.py:2905} ERROR - Task failed with exception
Traceback (most recent call last):
  File "/home/airflow/.local/lib/python3.11/site-packages/airflow/models/taskinstance.py", line 465, in _execute_task
    result = _execute_callable(context=context, **execute_callable_kwargs)
             ^^^^^^^^^^^^^^^^^^^^^^^^^^^^^^^^^^^^^^^^^^^^^^^^^^^^^^^^^^^^^
  File "/home/airflow/.local/lib/python3.11/site-packages/airflow/models/taskinstance.py", line 432, in _execute_callable
    return execute_callable(context=context, **execute_callable_kwargs)
           ^^^^^^^^^^^^^^^^^^^^^^^^^^^^^^^^^^^^^^^^^^^^^^^^^^^^^^^^^^^^
  File "/home/airflow/.local/lib/python3.11/site-packages/airflow/models/baseoperator.py", line 401, in wrapper
    return func(self, *args, **kwargs)
           ^^^^^^^^^^^^^^^^^^^^^^^^^^^
  File "/home/airflow/.local/lib/python3.11/site-packages/airflow/operators/bash.py", line 243, in execute
    raise AirflowException(
airflow.exceptions.AirflowException: Bash command failed. The command returned a non-zero exit code 2.
[2025-06-16T07:58:17.523+0000] {taskinstance.py:1206} INFO - Marking task as FAILED. dag_id=dag_04_processamento_spark_seguro_v1, task_id=submeter_job_spark_seguro, run_id=manual__2025-06-16T07:58:10.772967+00:00, execution_date=20250616T075810, start_date=20250616T075816, end_date=20250616T075817
[2025-06-16T07:58:17.547+0000] {standard_task_runner.py:110} ERROR - Failed to execute job 2 for task submeter_job_spark_seguro (Bash command failed. The command returned a non-zero exit code 2.; 217)
[2025-06-16T07:58:17.568+0000] {local_task_job_runner.py:240} INFO - Task exited with return code 1
[2025-06-16T07:58:17.618+0000] {taskinstance.py:3503} INFO - 0 downstream tasks scheduled from follow-on schedule check
[2025-06-16T07:58:17.621+0000] {local_task_job_runner.py:222} INFO - ::endgroup::
