[2025-06-16T09:10:46.235+0000] {local_task_job_runner.py:120} INFO - ::group::Pre task execution logs
[2025-06-16T09:10:46.297+0000] {taskinstance.py:2076} INFO - Dependencies all met for dep_context=non-requeueable deps ti=<TaskInstance: dag_04_processamento_spark_seguro_v1.submeter_job_spark_seguro manual__2025-06-16T09:10:38.503627+00:00 [queued]>
[2025-06-16T09:10:46.309+0000] {taskinstance.py:2076} INFO - Dependencies all met for dep_context=requeueable deps ti=<TaskInstance: dag_04_processamento_spark_seguro_v1.submeter_job_spark_seguro manual__2025-06-16T09:10:38.503627+00:00 [queued]>
[2025-06-16T09:10:46.311+0000] {taskinstance.py:2306} INFO - Starting attempt 1 of 1
[2025-06-16T09:10:46.345+0000] {taskinstance.py:2330} INFO - Executing <Task(BashOperator): submeter_job_spark_seguro> on 2025-06-16 09:10:38.503627+00:00
[2025-06-16T09:10:46.356+0000] {standard_task_runner.py:63} INFO - Started process 82 to run task
[2025-06-16T09:10:46.363+0000] {standard_task_runner.py:90} INFO - Running: ['airflow', 'tasks', 'run', 'dag_04_processamento_spark_seguro_v1', 'submeter_job_spark_seguro', 'manual__2025-06-16T09:10:38.503627+00:00', '--job-id', '2', '--raw', '--subdir', 'DAGS_FOLDER/dag_04_processamento_spark_seguro_v1.py', '--cfg-path', '/tmp/tmp8v8mce1a']
[2025-06-16T09:10:46.368+0000] {standard_task_runner.py:91} INFO - Job 2: Subtask submeter_job_spark_seguro
[2025-06-16T09:10:46.487+0000] {task_command.py:426} INFO - Running <TaskInstance: dag_04_processamento_spark_seguro_v1.submeter_job_spark_seguro manual__2025-06-16T09:10:38.503627+00:00 [running]> on host adaf4980ec61
[2025-06-16T09:10:46.651+0000] {taskinstance.py:2648} INFO - Exporting env vars: AIRFLOW_CTX_DAG_OWNER='airflow' AIRFLOW_CTX_DAG_ID='dag_04_processamento_spark_seguro_v1' AIRFLOW_CTX_TASK_ID='submeter_job_spark_seguro' AIRFLOW_CTX_EXECUTION_DATE='2025-06-16T09:10:38.503627+00:00' AIRFLOW_CTX_TRY_NUMBER='1' AIRFLOW_CTX_DAG_RUN_ID='manual__2025-06-16T09:10:38.503627+00:00'
[2025-06-16T09:10:46.653+0000] {taskinstance.py:430} INFO - ::endgroup::
[2025-06-16T09:10:46.678+0000] {subprocess.py:63} INFO - Tmp dir root location: /tmp
[2025-06-16T09:10:46.680+0000] {subprocess.py:75} INFO - Running command: ['/usr/bin/bash', '-c', 'python /opt/airflow/scripts/examples/12-processa_vendas.py']
[2025-06-16T09:10:46.701+0000] {subprocess.py:86} INFO - Output:
[2025-06-16T09:10:47.742+0000] {subprocess.py:93} INFO - 2025-06-16 09:10:47,742 - INFO - === Iniciando Pipeline de Processamento de Vendas ===
[2025-06-16T09:10:47.743+0000] {subprocess.py:93} INFO - 2025-06-16 09:10:47,742 - INFO - Iniciando a sessão Spark...
[2025-06-16T09:10:48.317+0000] {subprocess.py:93} INFO - WARNING: Using incubator modules: jdk.incubator.vector
[2025-06-16T09:10:51.275+0000] {subprocess.py:93} INFO - Using Spark's default log4j profile: org/apache/spark/log4j2-defaults.properties
[2025-06-16T09:10:51.276+0000] {subprocess.py:93} INFO - Setting default log level to "WARN".
[2025-06-16T09:10:51.277+0000] {subprocess.py:93} INFO - To adjust logging level use sc.setLogLevel(newLevel). For SparkR, use setLogLevel(newLevel).
[2025-06-16T09:10:52.691+0000] {subprocess.py:93} INFO - 25/06/16 09:10:52 WARN NativeCodeLoader: Unable to load native-hadoop library for your platform... using builtin-java classes where applicable
[2025-06-16T09:10:59.996+0000] {subprocess.py:93} INFO - 2025-06-16 09:10:59,996 - INFO - Sessão Spark criada com sucesso.
[2025-06-16T09:10:59.997+0000] {subprocess.py:93} INFO - 2025-06-16 09:10:59,996 - INFO - AVISO: Criando um DataFrame de exemplo para demonstração.
[2025-06-16T09:11:02.010+0000] {subprocess.py:93} INFO - 2025-06-16 09:11:02,010 - INFO - DataFrame de exemplo criado com sucesso.
[2025-06-16T09:11:02.011+0000] {subprocess.py:93} INFO - 2025-06-16 09:11:02,010 - INFO - Processando para a camada Trusted (Silver)...
[2025-06-16T09:11:02.365+0000] {subprocess.py:93} INFO - 2025-06-16 09:11:02,365 - ERROR - Erro durante o processamento: An error occurred while calling o62.parquet.
[2025-06-16T09:11:02.366+0000] {subprocess.py:93} INFO - : java.lang.RuntimeException: java.lang.ClassNotFoundException: Class org.apache.hadoop.fs.s3a.S3AFileSystem not found
[2025-06-16T09:11:02.367+0000] {subprocess.py:93} INFO - 	at org.apache.hadoop.conf.Configuration.getClass(Configuration.java:2737)
[2025-06-16T09:11:02.368+0000] {subprocess.py:93} INFO - 	at org.apache.hadoop.fs.FileSystem.getFileSystemClass(FileSystem.java:3569)
[2025-06-16T09:11:02.368+0000] {subprocess.py:93} INFO - 	at org.apache.hadoop.fs.FileSystem.createFileSystem(FileSystem.java:3612)
[2025-06-16T09:11:02.371+0000] {subprocess.py:93} INFO - 	at org.apache.hadoop.fs.FileSystem.access$300(FileSystem.java:172)
[2025-06-16T09:11:02.372+0000] {subprocess.py:93} INFO - 	at org.apache.hadoop.fs.FileSystem$Cache.getInternal(FileSystem.java:3716)
[2025-06-16T09:11:02.373+0000] {subprocess.py:93} INFO - 	at org.apache.hadoop.fs.FileSystem$Cache.get(FileSystem.java:3667)
[2025-06-16T09:11:02.373+0000] {subprocess.py:93} INFO - 	at org.apache.hadoop.fs.FileSystem.get(FileSystem.java:557)
[2025-06-16T09:11:02.374+0000] {subprocess.py:93} INFO - 	at org.apache.hadoop.fs.Path.getFileSystem(Path.java:366)
[2025-06-16T09:11:02.375+0000] {subprocess.py:93} INFO - 	at org.apache.spark.sql.execution.datasources.DataSource.makeQualified(DataSource.scala:125)
[2025-06-16T09:11:02.376+0000] {subprocess.py:93} INFO - 	at org.apache.spark.sql.execution.datasources.DataSource.planForWritingFileFormat(DataSource.scala:468)
[2025-06-16T09:11:02.377+0000] {subprocess.py:93} INFO - 	at org.apache.spark.sql.execution.datasources.DataSource.planForWriting(DataSource.scala:554)
[2025-06-16T09:11:02.378+0000] {subprocess.py:93} INFO - 	at org.apache.spark.sql.classic.DataFrameWriter.saveToV1Source(DataFrameWriter.scala:273)
[2025-06-16T09:11:02.379+0000] {subprocess.py:93} INFO - 	at org.apache.spark.sql.classic.DataFrameWriter.saveInternal(DataFrameWriter.scala:241)
[2025-06-16T09:11:02.379+0000] {subprocess.py:93} INFO - 	at org.apache.spark.sql.classic.DataFrameWriter.save(DataFrameWriter.scala:118)
[2025-06-16T09:11:02.380+0000] {subprocess.py:93} INFO - 	at org.apache.spark.sql.DataFrameWriter.parquet(DataFrameWriter.scala:369)
[2025-06-16T09:11:02.381+0000] {subprocess.py:93} INFO - 	at java.base/jdk.internal.reflect.NativeMethodAccessorImpl.invoke0(Native Method)
[2025-06-16T09:11:02.382+0000] {subprocess.py:93} INFO - 	at java.base/jdk.internal.reflect.NativeMethodAccessorImpl.invoke(NativeMethodAccessorImpl.java:77)
[2025-06-16T09:11:02.383+0000] {subprocess.py:93} INFO - 	at java.base/jdk.internal.reflect.DelegatingMethodAccessorImpl.invoke(DelegatingMethodAccessorImpl.java:43)
[2025-06-16T09:11:02.383+0000] {subprocess.py:93} INFO - 	at java.base/java.lang.reflect.Method.invoke(Method.java:569)
[2025-06-16T09:11:02.386+0000] {subprocess.py:93} INFO - 	at py4j.reflection.MethodInvoker.invoke(MethodInvoker.java:244)
[2025-06-16T09:11:02.388+0000] {subprocess.py:93} INFO - 	at py4j.reflection.ReflectionEngine.invoke(ReflectionEngine.java:374)
[2025-06-16T09:11:02.388+0000] {subprocess.py:93} INFO - 	at py4j.Gateway.invoke(Gateway.java:282)
[2025-06-16T09:11:02.389+0000] {subprocess.py:93} INFO - 	at py4j.commands.AbstractCommand.invokeMethod(AbstractCommand.java:132)
[2025-06-16T09:11:02.390+0000] {subprocess.py:93} INFO - 	at py4j.commands.CallCommand.execute(CallCommand.java:79)
[2025-06-16T09:11:02.391+0000] {subprocess.py:93} INFO - 	at py4j.ClientServerConnection.waitForCommands(ClientServerConnection.java:184)
[2025-06-16T09:11:02.392+0000] {subprocess.py:93} INFO - 	at py4j.ClientServerConnection.run(ClientServerConnection.java:108)
[2025-06-16T09:11:02.394+0000] {subprocess.py:93} INFO - 	at java.base/java.lang.Thread.run(Thread.java:840)
[2025-06-16T09:11:02.395+0000] {subprocess.py:93} INFO - Caused by: java.lang.ClassNotFoundException: Class org.apache.hadoop.fs.s3a.S3AFileSystem not found
[2025-06-16T09:11:02.396+0000] {subprocess.py:93} INFO - 	at org.apache.hadoop.conf.Configuration.getClassByName(Configuration.java:2641)
[2025-06-16T09:11:02.397+0000] {subprocess.py:93} INFO - 	at org.apache.hadoop.conf.Configuration.getClass(Configuration.java:2735)
[2025-06-16T09:11:02.398+0000] {subprocess.py:93} INFO - 	... 26 more
[2025-06-16T09:11:02.399+0000] {subprocess.py:93} INFO - 
[2025-06-16T09:11:02.404+0000] {subprocess.py:93} INFO - 2025-06-16 09:11:02,365 - INFO - Sessão Spark encerrada.
[2025-06-16T09:11:02.765+0000] {subprocess.py:93} INFO - Traceback (most recent call last):
[2025-06-16T09:11:02.768+0000] {subprocess.py:93} INFO -   File "/opt/airflow/scripts/examples/12-processa_vendas.py", line 100, in <module>
[2025-06-16T09:11:02.779+0000] {subprocess.py:93} INFO -     main()
[2025-06-16T09:11:02.781+0000] {subprocess.py:93} INFO -   File "/opt/airflow/scripts/examples/12-processa_vendas.py", line 92, in main
[2025-06-16T09:11:02.789+0000] {subprocess.py:93} INFO -     process_sales_data(spark, caminho_trusted, caminho_refined)
[2025-06-16T09:11:02.791+0000] {subprocess.py:93} INFO -   File "/opt/airflow/scripts/examples/12-processa_vendas.py", line 55, in process_sales_data
[2025-06-16T09:11:02.797+0000] {subprocess.py:93} INFO -     df_trusted.write.mode("overwrite").parquet(output_path_trusted)
[2025-06-16T09:11:02.799+0000] {subprocess.py:93} INFO -   File "/home/airflow/.local/lib/python3.11/site-packages/pyspark/sql/readwriter.py", line 2003, in parquet
[2025-06-16T09:11:02.800+0000] {subprocess.py:93} INFO -     self._jwrite.parquet(path)
[2025-06-16T09:11:02.802+0000] {subprocess.py:93} INFO -   File "/home/airflow/.local/lib/python3.11/site-packages/py4j/java_gateway.py", line 1362, in __call__
[2025-06-16T09:11:02.806+0000] {subprocess.py:93} INFO -     return_value = get_return_value(
[2025-06-16T09:11:02.807+0000] {subprocess.py:93} INFO -                    ^^^^^^^^^^^^^^^^^
[2025-06-16T09:11:02.808+0000] {subprocess.py:93} INFO -   File "/home/airflow/.local/lib/python3.11/site-packages/pyspark/errors/exceptions/captured.py", line 282, in deco
[2025-06-16T09:11:02.809+0000] {subprocess.py:93} INFO -     return f(*a, **kw)
[2025-06-16T09:11:02.809+0000] {subprocess.py:93} INFO -            ^^^^^^^^^^^
[2025-06-16T09:11:02.810+0000] {subprocess.py:93} INFO -   File "/home/airflow/.local/lib/python3.11/site-packages/py4j/protocol.py", line 327, in get_return_value
[2025-06-16T09:11:02.811+0000] {subprocess.py:93} INFO -     raise Py4JJavaError(
[2025-06-16T09:11:02.812+0000] {subprocess.py:93} INFO - py4j.protocol.Py4JJavaError: An error occurred while calling o62.parquet.
[2025-06-16T09:11:02.813+0000] {subprocess.py:93} INFO - : java.lang.RuntimeException: java.lang.ClassNotFoundException: Class org.apache.hadoop.fs.s3a.S3AFileSystem not found
[2025-06-16T09:11:02.813+0000] {subprocess.py:93} INFO - 	at org.apache.hadoop.conf.Configuration.getClass(Configuration.java:2737)
[2025-06-16T09:11:02.814+0000] {subprocess.py:93} INFO - 	at org.apache.hadoop.fs.FileSystem.getFileSystemClass(FileSystem.java:3569)
[2025-06-16T09:11:02.815+0000] {subprocess.py:93} INFO - 	at org.apache.hadoop.fs.FileSystem.createFileSystem(FileSystem.java:3612)
[2025-06-16T09:11:02.816+0000] {subprocess.py:93} INFO - 	at org.apache.hadoop.fs.FileSystem.access$300(FileSystem.java:172)
[2025-06-16T09:11:02.817+0000] {subprocess.py:93} INFO - 	at org.apache.hadoop.fs.FileSystem$Cache.getInternal(FileSystem.java:3716)
[2025-06-16T09:11:02.817+0000] {subprocess.py:93} INFO - 	at org.apache.hadoop.fs.FileSystem$Cache.get(FileSystem.java:3667)
[2025-06-16T09:11:02.818+0000] {subprocess.py:93} INFO - 	at org.apache.hadoop.fs.FileSystem.get(FileSystem.java:557)
[2025-06-16T09:11:02.819+0000] {subprocess.py:93} INFO - 	at org.apache.hadoop.fs.Path.getFileSystem(Path.java:366)
[2025-06-16T09:11:02.821+0000] {subprocess.py:93} INFO - 	at org.apache.spark.sql.execution.datasources.DataSource.makeQualified(DataSource.scala:125)
[2025-06-16T09:11:02.821+0000] {subprocess.py:93} INFO - 	at org.apache.spark.sql.execution.datasources.DataSource.planForWritingFileFormat(DataSource.scala:468)
[2025-06-16T09:11:02.822+0000] {subprocess.py:93} INFO - 	at org.apache.spark.sql.execution.datasources.DataSource.planForWriting(DataSource.scala:554)
[2025-06-16T09:11:02.823+0000] {subprocess.py:93} INFO - 	at org.apache.spark.sql.classic.DataFrameWriter.saveToV1Source(DataFrameWriter.scala:273)
[2025-06-16T09:11:02.824+0000] {subprocess.py:93} INFO - 	at org.apache.spark.sql.classic.DataFrameWriter.saveInternal(DataFrameWriter.scala:241)
[2025-06-16T09:11:02.824+0000] {subprocess.py:93} INFO - 	at org.apache.spark.sql.classic.DataFrameWriter.save(DataFrameWriter.scala:118)
[2025-06-16T09:11:02.825+0000] {subprocess.py:93} INFO - 	at org.apache.spark.sql.DataFrameWriter.parquet(DataFrameWriter.scala:369)
[2025-06-16T09:11:02.826+0000] {subprocess.py:93} INFO - 	at java.base/jdk.internal.reflect.NativeMethodAccessorImpl.invoke0(Native Method)
[2025-06-16T09:11:02.827+0000] {subprocess.py:93} INFO - 	at java.base/jdk.internal.reflect.NativeMethodAccessorImpl.invoke(NativeMethodAccessorImpl.java:77)
[2025-06-16T09:11:02.828+0000] {subprocess.py:93} INFO - 	at java.base/jdk.internal.reflect.DelegatingMethodAccessorImpl.invoke(DelegatingMethodAccessorImpl.java:43)
[2025-06-16T09:11:02.828+0000] {subprocess.py:93} INFO - 	at java.base/java.lang.reflect.Method.invoke(Method.java:569)
[2025-06-16T09:11:02.829+0000] {subprocess.py:93} INFO - 	at py4j.reflection.MethodInvoker.invoke(MethodInvoker.java:244)
[2025-06-16T09:11:02.830+0000] {subprocess.py:93} INFO - 	at py4j.reflection.ReflectionEngine.invoke(ReflectionEngine.java:374)
[2025-06-16T09:11:02.831+0000] {subprocess.py:93} INFO - 	at py4j.Gateway.invoke(Gateway.java:282)
[2025-06-16T09:11:02.831+0000] {subprocess.py:93} INFO - 	at py4j.commands.AbstractCommand.invokeMethod(AbstractCommand.java:132)
[2025-06-16T09:11:02.832+0000] {subprocess.py:93} INFO - 	at py4j.commands.CallCommand.execute(CallCommand.java:79)
[2025-06-16T09:11:02.833+0000] {subprocess.py:93} INFO - 	at py4j.ClientServerConnection.waitForCommands(ClientServerConnection.java:184)
[2025-06-16T09:11:02.833+0000] {subprocess.py:93} INFO - 	at py4j.ClientServerConnection.run(ClientServerConnection.java:108)
[2025-06-16T09:11:02.834+0000] {subprocess.py:93} INFO - 	at java.base/java.lang.Thread.run(Thread.java:840)
[2025-06-16T09:11:02.835+0000] {subprocess.py:93} INFO - Caused by: java.lang.ClassNotFoundException: Class org.apache.hadoop.fs.s3a.S3AFileSystem not found
[2025-06-16T09:11:02.836+0000] {subprocess.py:93} INFO - 	at org.apache.hadoop.conf.Configuration.getClassByName(Configuration.java:2641)
[2025-06-16T09:11:02.838+0000] {subprocess.py:93} INFO - 	at org.apache.hadoop.conf.Configuration.getClass(Configuration.java:2735)
[2025-06-16T09:11:02.838+0000] {subprocess.py:93} INFO - 	... 26 more
[2025-06-16T09:11:02.839+0000] {subprocess.py:93} INFO - 
[2025-06-16T09:11:02.840+0000] {subprocess.py:93} INFO - 2025-06-16 09:11:02,802 - INFO - Closing down clientserver connection
[2025-06-16T09:11:03.396+0000] {subprocess.py:97} INFO - Command exited with return code 1
[2025-06-16T09:11:03.398+0000] {taskinstance.py:441} INFO - ::group::Post task execution logs
[2025-06-16T09:11:03.424+0000] {taskinstance.py:2905} ERROR - Task failed with exception
Traceback (most recent call last):
  File "/home/airflow/.local/lib/python3.11/site-packages/airflow/models/taskinstance.py", line 465, in _execute_task
    result = _execute_callable(context=context, **execute_callable_kwargs)
             ^^^^^^^^^^^^^^^^^^^^^^^^^^^^^^^^^^^^^^^^^^^^^^^^^^^^^^^^^^^^^
  File "/home/airflow/.local/lib/python3.11/site-packages/airflow/models/taskinstance.py", line 432, in _execute_callable
    return execute_callable(context=context, **execute_callable_kwargs)
           ^^^^^^^^^^^^^^^^^^^^^^^^^^^^^^^^^^^^^^^^^^^^^^^^^^^^^^^^^^^^
  File "/home/airflow/.local/lib/python3.11/site-packages/airflow/models/baseoperator.py", line 401, in wrapper
    return func(self, *args, **kwargs)
           ^^^^^^^^^^^^^^^^^^^^^^^^^^^
  File "/home/airflow/.local/lib/python3.11/site-packages/airflow/operators/bash.py", line 243, in execute
    raise AirflowException(
airflow.exceptions.AirflowException: Bash command failed. The command returned a non-zero exit code 1.
[2025-06-16T09:11:03.429+0000] {taskinstance.py:1206} INFO - Marking task as FAILED. dag_id=dag_04_processamento_spark_seguro_v1, task_id=submeter_job_spark_seguro, run_id=manual__2025-06-16T09:10:38.503627+00:00, execution_date=20250616T091038, start_date=20250616T091046, end_date=20250616T091103
[2025-06-16T09:11:03.454+0000] {standard_task_runner.py:110} ERROR - Failed to execute job 2 for task submeter_job_spark_seguro (Bash command failed. The command returned a non-zero exit code 1.; 82)
[2025-06-16T09:11:03.475+0000] {local_task_job_runner.py:240} INFO - Task exited with return code 1
[2025-06-16T09:11:03.511+0000] {taskinstance.py:3503} INFO - 0 downstream tasks scheduled from follow-on schedule check
[2025-06-16T09:11:03.515+0000] {local_task_job_runner.py:222} INFO - ::endgroup::
