[2025-06-16T09:23:34.933+0000] {local_task_job_runner.py:120} INFO - ::group::Pre task execution logs
[2025-06-16T09:23:34.992+0000] {taskinstance.py:2076} INFO - Dependencies all met for dep_context=non-requeueable deps ti=<TaskInstance: dag_04_processamento_spark_seguro_v1.submeter_job_spark_seguro manual__2025-06-16T09:10:38.503627+00:00 [queued]>
[2025-06-16T09:23:35.007+0000] {taskinstance.py:2076} INFO - Dependencies all met for dep_context=requeueable deps ti=<TaskInstance: dag_04_processamento_spark_seguro_v1.submeter_job_spark_seguro manual__2025-06-16T09:10:38.503627+00:00 [queued]>
[2025-06-16T09:23:35.008+0000] {taskinstance.py:2306} INFO - Starting attempt 2 of 2
[2025-06-16T09:23:35.028+0000] {taskinstance.py:2330} INFO - Executing <Task(BashOperator): submeter_job_spark_seguro> on 2025-06-16 09:10:38.503627+00:00
[2025-06-16T09:23:35.037+0000] {standard_task_runner.py:63} INFO - Started process 1085 to run task
[2025-06-16T09:23:35.043+0000] {standard_task_runner.py:90} INFO - Running: ['airflow', 'tasks', 'run', 'dag_04_processamento_spark_seguro_v1', 'submeter_job_spark_seguro', 'manual__2025-06-16T09:10:38.503627+00:00', '--job-id', '6', '--raw', '--subdir', 'DAGS_FOLDER/dag_04_processamento_spark_seguro_v1.py', '--cfg-path', '/tmp/tmpsif3vrer']
[2025-06-16T09:23:35.049+0000] {standard_task_runner.py:91} INFO - Job 6: Subtask submeter_job_spark_seguro
[2025-06-16T09:23:35.158+0000] {task_command.py:426} INFO - Running <TaskInstance: dag_04_processamento_spark_seguro_v1.submeter_job_spark_seguro manual__2025-06-16T09:10:38.503627+00:00 [running]> on host adaf4980ec61
[2025-06-16T09:23:35.318+0000] {taskinstance.py:2648} INFO - Exporting env vars: AIRFLOW_CTX_DAG_OWNER='airflow' AIRFLOW_CTX_DAG_ID='dag_04_processamento_spark_seguro_v1' AIRFLOW_CTX_TASK_ID='submeter_job_spark_seguro' AIRFLOW_CTX_EXECUTION_DATE='2025-06-16T09:10:38.503627+00:00' AIRFLOW_CTX_TRY_NUMBER='2' AIRFLOW_CTX_DAG_RUN_ID='manual__2025-06-16T09:10:38.503627+00:00'
[2025-06-16T09:23:35.319+0000] {taskinstance.py:430} INFO - ::endgroup::
[2025-06-16T09:23:35.342+0000] {subprocess.py:63} INFO - Tmp dir root location: /tmp
[2025-06-16T09:23:35.344+0000] {subprocess.py:75} INFO - Running command: ['/usr/bin/bash', '-c', 'python /opt/airflow/scripts/examples/12-processa_vendas.py']
[2025-06-16T09:23:35.362+0000] {subprocess.py:86} INFO - Output:
[2025-06-16T09:23:36.560+0000] {subprocess.py:93} INFO - 2025-06-16 09:23:36,560 - INFO - === Iniciando Pipeline de Processamento de Vendas ===
[2025-06-16T09:23:36.561+0000] {subprocess.py:93} INFO - 2025-06-16 09:23:36,560 - INFO - Iniciando a sessão Spark...
[2025-06-16T09:23:37.245+0000] {subprocess.py:93} INFO - WARNING: Using incubator modules: jdk.incubator.vector
[2025-06-16T09:23:39.962+0000] {subprocess.py:93} INFO - :: loading settings :: url = jar:file:/home/airflow/.local/lib/python3.11/site-packages/pyspark/jars/ivy-2.5.3.jar!/org/apache/ivy/core/settings/ivysettings.xml
[2025-06-16T09:23:40.113+0000] {subprocess.py:93} INFO - Ivy Default Cache set to: /home/airflow/.ivy2.5.2/cache
[2025-06-16T09:23:40.117+0000] {subprocess.py:93} INFO - The jars for the packages stored in: /home/airflow/.ivy2.5.2/jars
[2025-06-16T09:23:40.122+0000] {subprocess.py:93} INFO - org.apache.hadoop#hadoop-aws added as a dependency
[2025-06-16T09:23:40.125+0000] {subprocess.py:93} INFO - com.amazonaws#aws-java-sdk-bundle added as a dependency
[2025-06-16T09:23:40.126+0000] {subprocess.py:93} INFO - :: resolving dependencies :: org.apache.spark#spark-submit-parent-bb778f91-ac38-4fd0-83b4-dfcd83f712aa;1.0
[2025-06-16T09:23:40.127+0000] {subprocess.py:93} INFO - 	confs: [default]
[2025-06-16T09:23:40.443+0000] {subprocess.py:93} INFO - 	found org.apache.hadoop#hadoop-aws;3.3.4 in central
[2025-06-16T09:23:40.505+0000] {subprocess.py:93} INFO - 	found com.amazonaws#aws-java-sdk-bundle;1.12.262 in central
[2025-06-16T09:23:40.551+0000] {subprocess.py:93} INFO - 	found org.wildfly.openssl#wildfly-openssl;1.0.7.Final in central
[2025-06-16T09:23:40.587+0000] {subprocess.py:93} INFO - :: resolution report :: resolve 449ms :: artifacts dl 14ms
[2025-06-16T09:23:40.589+0000] {subprocess.py:93} INFO - 	:: modules in use:
[2025-06-16T09:23:40.590+0000] {subprocess.py:93} INFO - 	com.amazonaws#aws-java-sdk-bundle;1.12.262 from central in [default]
[2025-06-16T09:23:40.594+0000] {subprocess.py:93} INFO - 	org.apache.hadoop#hadoop-aws;3.3.4 from central in [default]
[2025-06-16T09:23:40.595+0000] {subprocess.py:93} INFO - 	org.wildfly.openssl#wildfly-openssl;1.0.7.Final from central in [default]
[2025-06-16T09:23:40.596+0000] {subprocess.py:93} INFO - 	---------------------------------------------------------------------
[2025-06-16T09:23:40.596+0000] {subprocess.py:93} INFO - 	|                  |            modules            ||   artifacts   |
[2025-06-16T09:23:40.597+0000] {subprocess.py:93} INFO - 	|       conf       | number| search|dwnlded|evicted|| number|dwnlded|
[2025-06-16T09:23:40.598+0000] {subprocess.py:93} INFO - 	---------------------------------------------------------------------
[2025-06-16T09:23:40.601+0000] {subprocess.py:93} INFO - 	|      default     |   3   |   0   |   0   |   0   ||   3   |   0   |
[2025-06-16T09:23:40.602+0000] {subprocess.py:93} INFO - 	---------------------------------------------------------------------
[2025-06-16T09:23:40.603+0000] {subprocess.py:93} INFO - :: retrieving :: org.apache.spark#spark-submit-parent-bb778f91-ac38-4fd0-83b4-dfcd83f712aa
[2025-06-16T09:23:40.604+0000] {subprocess.py:93} INFO - 	confs: [default]
[2025-06-16T09:23:40.612+0000] {subprocess.py:93} INFO - 	0 artifacts copied, 3 already retrieved (0kB/15ms)
[2025-06-16T09:23:41.197+0000] {subprocess.py:93} INFO - 25/06/16 09:23:41 WARN NativeCodeLoader: Unable to load native-hadoop library for your platform... using builtin-java classes where applicable
[2025-06-16T09:23:41.672+0000] {subprocess.py:93} INFO - Using Spark's default log4j profile: org/apache/spark/log4j2-defaults.properties
[2025-06-16T09:23:41.674+0000] {subprocess.py:93} INFO - Setting default log level to "WARN".
[2025-06-16T09:23:41.675+0000] {subprocess.py:93} INFO - To adjust logging level use sc.setLogLevel(newLevel). For SparkR, use setLogLevel(newLevel).
[2025-06-16T09:23:53.848+0000] {subprocess.py:93} INFO - 2025-06-16 09:23:53,848 - INFO - Sessão Spark criada com sucesso.
[2025-06-16T09:23:53.849+0000] {subprocess.py:93} INFO - 2025-06-16 09:23:53,848 - INFO - AVISO: Criando um DataFrame de exemplo para demonstração.
[2025-06-16T09:23:56.640+0000] {subprocess.py:93} INFO - 2025-06-16 09:23:56,640 - INFO - DataFrame de exemplo criado com sucesso.
[2025-06-16T09:23:56.641+0000] {subprocess.py:93} INFO - 2025-06-16 09:23:56,640 - INFO - Processando para a camada Trusted (Silver)...
[2025-06-16T09:23:57.432+0000] {subprocess.py:93} INFO - 25/06/16 09:23:57 WARN MetricsConfig: Cannot locate configuration: tried hadoop-metrics2-s3a-file-system.properties,hadoop-metrics2.properties
[2025-06-16T09:23:57.489+0000] {subprocess.py:93} INFO - 25/06/16 09:23:57 WARN FileSystem: Failed to initialize filesystem s3a://silver/vendas_olist: java.lang.NumberFormatException: For input string: "60s"
[2025-06-16T09:23:57.551+0000] {subprocess.py:93} INFO - 2025-06-16 09:23:57,542 - ERROR - Erro durante o processamento: For input string: "60s"
[2025-06-16T09:23:57.553+0000] {subprocess.py:93} INFO - Traceback (most recent call last):
[2025-06-16T09:23:57.554+0000] {subprocess.py:93} INFO -   File "/opt/airflow/scripts/examples/12-processa_vendas.py", line 51, in process_sales_data
[2025-06-16T09:23:57.556+0000] {subprocess.py:93} INFO -     df_trusted.write.mode("overwrite").parquet(output_path_trusted)
[2025-06-16T09:23:57.557+0000] {subprocess.py:93} INFO -   File "/home/airflow/.local/lib/python3.11/site-packages/pyspark/sql/readwriter.py", line 2003, in parquet
[2025-06-16T09:23:57.558+0000] {subprocess.py:93} INFO -     self._jwrite.parquet(path)
[2025-06-16T09:23:57.559+0000] {subprocess.py:93} INFO -   File "/home/airflow/.local/lib/python3.11/site-packages/py4j/java_gateway.py", line 1362, in __call__
[2025-06-16T09:23:57.559+0000] {subprocess.py:93} INFO -     return_value = get_return_value(
[2025-06-16T09:23:57.560+0000] {subprocess.py:93} INFO -                    ^^^^^^^^^^^^^^^^^
[2025-06-16T09:23:57.561+0000] {subprocess.py:93} INFO -   File "/home/airflow/.local/lib/python3.11/site-packages/pyspark/errors/exceptions/captured.py", line 288, in deco
[2025-06-16T09:23:57.562+0000] {subprocess.py:93} INFO -     raise converted from None
[2025-06-16T09:23:57.563+0000] {subprocess.py:93} INFO - pyspark.errors.exceptions.captured.NumberFormatException: For input string: "60s"
[2025-06-16T09:23:57.564+0000] {subprocess.py:93} INFO - 2025-06-16 09:23:57,551 - INFO - Sessão Spark encerrada.
[2025-06-16T09:23:58.117+0000] {subprocess.py:93} INFO - Traceback (most recent call last):
[2025-06-16T09:23:58.118+0000] {subprocess.py:93} INFO -   File "/opt/airflow/scripts/examples/12-processa_vendas.py", line 94, in <module>
[2025-06-16T09:23:58.122+0000] {subprocess.py:93} INFO -     main()
[2025-06-16T09:23:58.123+0000] {subprocess.py:93} INFO -   File "/opt/airflow/scripts/examples/12-processa_vendas.py", line 85, in main
[2025-06-16T09:23:58.127+0000] {subprocess.py:93} INFO -     process_sales_data(spark, caminho_trusted, caminho_refined)
[2025-06-16T09:23:58.128+0000] {subprocess.py:93} INFO -   File "/opt/airflow/scripts/examples/12-processa_vendas.py", line 51, in process_sales_data
[2025-06-16T09:23:58.131+0000] {subprocess.py:93} INFO -     df_trusted.write.mode("overwrite").parquet(output_path_trusted)
[2025-06-16T09:23:58.132+0000] {subprocess.py:93} INFO -   File "/home/airflow/.local/lib/python3.11/site-packages/pyspark/sql/readwriter.py", line 2003, in parquet
[2025-06-16T09:23:58.133+0000] {subprocess.py:93} INFO -     self._jwrite.parquet(path)
[2025-06-16T09:23:58.134+0000] {subprocess.py:93} INFO -   File "/home/airflow/.local/lib/python3.11/site-packages/py4j/java_gateway.py", line 1362, in __call__
[2025-06-16T09:23:58.135+0000] {subprocess.py:93} INFO -     return_value = get_return_value(
[2025-06-16T09:23:58.136+0000] {subprocess.py:93} INFO -                    ^^^^^^^^^^^^^^^^^
[2025-06-16T09:23:58.138+0000] {subprocess.py:93} INFO -   File "/home/airflow/.local/lib/python3.11/site-packages/pyspark/errors/exceptions/captured.py", line 288, in deco
[2025-06-16T09:23:58.139+0000] {subprocess.py:93} INFO -     raise converted from None
[2025-06-16T09:23:58.139+0000] {subprocess.py:93} INFO - pyspark.errors.exceptions.captured.NumberFormatException: For input string: "60s"
[2025-06-16T09:23:58.140+0000] {subprocess.py:93} INFO - 2025-06-16 09:23:58,136 - INFO - Closing down clientserver connection
[2025-06-16T09:23:58.805+0000] {subprocess.py:97} INFO - Command exited with return code 1
[2025-06-16T09:23:58.806+0000] {taskinstance.py:441} INFO - ::group::Post task execution logs
[2025-06-16T09:23:58.836+0000] {taskinstance.py:2905} ERROR - Task failed with exception
Traceback (most recent call last):
  File "/home/airflow/.local/lib/python3.11/site-packages/airflow/models/taskinstance.py", line 465, in _execute_task
    result = _execute_callable(context=context, **execute_callable_kwargs)
             ^^^^^^^^^^^^^^^^^^^^^^^^^^^^^^^^^^^^^^^^^^^^^^^^^^^^^^^^^^^^^
  File "/home/airflow/.local/lib/python3.11/site-packages/airflow/models/taskinstance.py", line 432, in _execute_callable
    return execute_callable(context=context, **execute_callable_kwargs)
           ^^^^^^^^^^^^^^^^^^^^^^^^^^^^^^^^^^^^^^^^^^^^^^^^^^^^^^^^^^^^
  File "/home/airflow/.local/lib/python3.11/site-packages/airflow/models/baseoperator.py", line 401, in wrapper
    return func(self, *args, **kwargs)
           ^^^^^^^^^^^^^^^^^^^^^^^^^^^
  File "/home/airflow/.local/lib/python3.11/site-packages/airflow/operators/bash.py", line 243, in execute
    raise AirflowException(
airflow.exceptions.AirflowException: Bash command failed. The command returned a non-zero exit code 1.
[2025-06-16T09:23:58.842+0000] {taskinstance.py:1206} INFO - Marking task as FAILED. dag_id=dag_04_processamento_spark_seguro_v1, task_id=submeter_job_spark_seguro, run_id=manual__2025-06-16T09:10:38.503627+00:00, execution_date=20250616T091038, start_date=20250616T092334, end_date=20250616T092358
[2025-06-16T09:23:58.879+0000] {standard_task_runner.py:110} ERROR - Failed to execute job 6 for task submeter_job_spark_seguro (Bash command failed. The command returned a non-zero exit code 1.; 1085)
[2025-06-16T09:23:58.912+0000] {local_task_job_runner.py:240} INFO - Task exited with return code 1
[2025-06-16T09:23:58.955+0000] {taskinstance.py:3503} INFO - 0 downstream tasks scheduled from follow-on schedule check
[2025-06-16T09:23:58.961+0000] {local_task_job_runner.py:222} INFO - ::endgroup::
