[2025-06-16T10:55:46.105+0000] {local_task_job_runner.py:120} INFO - ::group::Pre task execution logs
[2025-06-16T10:55:46.245+0000] {taskinstance.py:2076} INFO - Dependencies all met for dep_context=non-requeueable deps ti=<TaskInstance: dag_04_processamento_spark_seguro_v1.submeter_job_spark_seguro manual__2025-06-16T10:55:39.711470+00:00 [queued]>
[2025-06-16T10:55:46.271+0000] {taskinstance.py:2076} INFO - Dependencies all met for dep_context=requeueable deps ti=<TaskInstance: dag_04_processamento_spark_seguro_v1.submeter_job_spark_seguro manual__2025-06-16T10:55:39.711470+00:00 [queued]>
[2025-06-16T10:55:46.272+0000] {taskinstance.py:2306} INFO - Starting attempt 1 of 1
[2025-06-16T10:55:46.303+0000] {taskinstance.py:2330} INFO - Executing <Task(BashOperator): submeter_job_spark_seguro> on 2025-06-16 10:55:39.711470+00:00
[2025-06-16T10:55:46.317+0000] {standard_task_runner.py:63} INFO - Started process 508 to run task
[2025-06-16T10:55:46.329+0000] {standard_task_runner.py:90} INFO - Running: ['airflow', 'tasks', 'run', 'dag_04_processamento_spark_seguro_v1', 'submeter_job_spark_seguro', 'manual__2025-06-16T10:55:39.711470+00:00', '--job-id', '4', '--raw', '--subdir', 'DAGS_FOLDER/dag_04_processamento_spark_seguro_v1.py', '--cfg-path', '/tmp/tmp6_rfbfzx']
[2025-06-16T10:55:46.339+0000] {standard_task_runner.py:91} INFO - Job 4: Subtask submeter_job_spark_seguro
[2025-06-16T10:55:46.676+0000] {task_command.py:426} INFO - Running <TaskInstance: dag_04_processamento_spark_seguro_v1.submeter_job_spark_seguro manual__2025-06-16T10:55:39.711470+00:00 [running]> on host f1202155c8c9
[2025-06-16T10:55:47.119+0000] {taskinstance.py:2648} INFO - Exporting env vars: AIRFLOW_CTX_DAG_OWNER='airflow' AIRFLOW_CTX_DAG_ID='dag_04_processamento_spark_seguro_v1' AIRFLOW_CTX_TASK_ID='submeter_job_spark_seguro' AIRFLOW_CTX_EXECUTION_DATE='2025-06-16T10:55:39.711470+00:00' AIRFLOW_CTX_TRY_NUMBER='1' AIRFLOW_CTX_DAG_RUN_ID='manual__2025-06-16T10:55:39.711470+00:00'
[2025-06-16T10:55:47.121+0000] {taskinstance.py:430} INFO - ::endgroup::
[2025-06-16T10:55:47.176+0000] {subprocess.py:63} INFO - Tmp dir root location: /tmp
[2025-06-16T10:55:47.180+0000] {subprocess.py:75} INFO - Running command: ['/usr/bin/bash', '-c', 'spark-submit --jars /opt/airflow/jars/hadoop-aws-3.3.1.jar,/opt/airflow/jars/aws-java-sdk-bundle-1.11.901.jar /opt/airflow/scripts/examples/12-processa_vendas.py']
[2025-06-16T10:55:47.217+0000] {subprocess.py:86} INFO - Output:
[2025-06-16T10:55:47.219+0000] {subprocess.py:93} INFO - /usr/bin/bash: line 1: spark-submit: command not found
[2025-06-16T10:55:47.220+0000] {subprocess.py:97} INFO - Command exited with return code 127
[2025-06-16T10:55:47.222+0000] {taskinstance.py:441} INFO - ::group::Post task execution logs
[2025-06-16T10:55:47.268+0000] {taskinstance.py:2905} ERROR - Task failed with exception
Traceback (most recent call last):
  File "/home/airflow/.local/lib/python3.11/site-packages/airflow/models/taskinstance.py", line 465, in _execute_task
    result = _execute_callable(context=context, **execute_callable_kwargs)
             ^^^^^^^^^^^^^^^^^^^^^^^^^^^^^^^^^^^^^^^^^^^^^^^^^^^^^^^^^^^^^
  File "/home/airflow/.local/lib/python3.11/site-packages/airflow/models/taskinstance.py", line 432, in _execute_callable
    return execute_callable(context=context, **execute_callable_kwargs)
           ^^^^^^^^^^^^^^^^^^^^^^^^^^^^^^^^^^^^^^^^^^^^^^^^^^^^^^^^^^^^
  File "/home/airflow/.local/lib/python3.11/site-packages/airflow/models/baseoperator.py", line 401, in wrapper
    return func(self, *args, **kwargs)
           ^^^^^^^^^^^^^^^^^^^^^^^^^^^
  File "/home/airflow/.local/lib/python3.11/site-packages/airflow/operators/bash.py", line 243, in execute
    raise AirflowException(
airflow.exceptions.AirflowException: Bash command failed. The command returned a non-zero exit code 127.
[2025-06-16T10:55:47.279+0000] {taskinstance.py:1206} INFO - Marking task as FAILED. dag_id=dag_04_processamento_spark_seguro_v1, task_id=submeter_job_spark_seguro, run_id=manual__2025-06-16T10:55:39.711470+00:00, execution_date=20250616T105539, start_date=20250616T105546, end_date=20250616T105547
[2025-06-16T10:55:47.319+0000] {standard_task_runner.py:110} ERROR - Failed to execute job 4 for task submeter_job_spark_seguro (Bash command failed. The command returned a non-zero exit code 127.; 508)
[2025-06-16T10:55:47.370+0000] {local_task_job_runner.py:240} INFO - Task exited with return code 1
[2025-06-16T10:55:47.417+0000] {taskinstance.py:3503} INFO - 0 downstream tasks scheduled from follow-on schedule check
[2025-06-16T10:55:47.420+0000] {local_task_job_runner.py:222} INFO - ::endgroup::
