[2025-06-16T09:23:02.117+0000] {local_task_job_runner.py:120} INFO - ::group::Pre task execution logs
[2025-06-16T09:23:02.196+0000] {taskinstance.py:2076} INFO - Dependencies all met for dep_context=non-requeueable deps ti=<TaskInstance: dag_04_processamento_spark_seguro_v1.submeter_job_spark_seguro manual__2025-06-16T09:19:02.342145+00:00 [queued]>
[2025-06-16T09:23:02.210+0000] {taskinstance.py:2076} INFO - Dependencies all met for dep_context=requeueable deps ti=<TaskInstance: dag_04_processamento_spark_seguro_v1.submeter_job_spark_seguro manual__2025-06-16T09:19:02.342145+00:00 [queued]>
[2025-06-16T09:23:02.211+0000] {taskinstance.py:2306} INFO - Starting attempt 2 of 2
[2025-06-16T09:23:02.229+0000] {taskinstance.py:2330} INFO - Executing <Task(BashOperator): submeter_job_spark_seguro> on 2025-06-16 09:19:02.342145+00:00
[2025-06-16T09:23:02.238+0000] {standard_task_runner.py:63} INFO - Started process 910 to run task
[2025-06-16T09:23:02.244+0000] {standard_task_runner.py:90} INFO - Running: ['airflow', 'tasks', 'run', 'dag_04_processamento_spark_seguro_v1', 'submeter_job_spark_seguro', 'manual__2025-06-16T09:19:02.342145+00:00', '--job-id', '5', '--raw', '--subdir', 'DAGS_FOLDER/dag_04_processamento_spark_seguro_v1.py', '--cfg-path', '/tmp/tmp3go6c7fr']
[2025-06-16T09:23:02.248+0000] {standard_task_runner.py:91} INFO - Job 5: Subtask submeter_job_spark_seguro
[2025-06-16T09:23:02.380+0000] {task_command.py:426} INFO - Running <TaskInstance: dag_04_processamento_spark_seguro_v1.submeter_job_spark_seguro manual__2025-06-16T09:19:02.342145+00:00 [running]> on host adaf4980ec61
[2025-06-16T09:23:02.655+0000] {taskinstance.py:2648} INFO - Exporting env vars: AIRFLOW_CTX_DAG_OWNER='airflow' AIRFLOW_CTX_DAG_ID='dag_04_processamento_spark_seguro_v1' AIRFLOW_CTX_TASK_ID='submeter_job_spark_seguro' AIRFLOW_CTX_EXECUTION_DATE='2025-06-16T09:19:02.342145+00:00' AIRFLOW_CTX_TRY_NUMBER='2' AIRFLOW_CTX_DAG_RUN_ID='manual__2025-06-16T09:19:02.342145+00:00'
[2025-06-16T09:23:02.656+0000] {taskinstance.py:430} INFO - ::endgroup::
[2025-06-16T09:23:02.690+0000] {subprocess.py:63} INFO - Tmp dir root location: /tmp
[2025-06-16T09:23:02.692+0000] {subprocess.py:75} INFO - Running command: ['/usr/bin/bash', '-c', 'python /opt/airflow/scripts/examples/12-processa_vendas.py']
[2025-06-16T09:23:02.714+0000] {subprocess.py:86} INFO - Output:
[2025-06-16T09:23:03.906+0000] {subprocess.py:93} INFO - 2025-06-16 09:23:03,906 - INFO - === Iniciando Pipeline de Processamento de Vendas ===
[2025-06-16T09:23:03.907+0000] {subprocess.py:93} INFO - 2025-06-16 09:23:03,906 - INFO - Iniciando a sessão Spark...
[2025-06-16T09:23:04.641+0000] {subprocess.py:93} INFO - WARNING: Using incubator modules: jdk.incubator.vector
[2025-06-16T09:23:07.671+0000] {subprocess.py:93} INFO - :: loading settings :: url = jar:file:/home/airflow/.local/lib/python3.11/site-packages/pyspark/jars/ivy-2.5.3.jar!/org/apache/ivy/core/settings/ivysettings.xml
[2025-06-16T09:23:07.945+0000] {subprocess.py:93} INFO - Ivy Default Cache set to: /home/airflow/.ivy2.5.2/cache
[2025-06-16T09:23:07.946+0000] {subprocess.py:93} INFO - The jars for the packages stored in: /home/airflow/.ivy2.5.2/jars
[2025-06-16T09:23:07.960+0000] {subprocess.py:93} INFO - org.apache.hadoop#hadoop-aws added as a dependency
[2025-06-16T09:23:07.964+0000] {subprocess.py:93} INFO - com.amazonaws#aws-java-sdk-bundle added as a dependency
[2025-06-16T09:23:07.972+0000] {subprocess.py:93} INFO - :: resolving dependencies :: org.apache.spark#spark-submit-parent-920efead-4dd7-4c6d-a118-73e810d7b45e;1.0
[2025-06-16T09:23:07.973+0000] {subprocess.py:93} INFO - 	confs: [default]
[2025-06-16T09:23:08.488+0000] {subprocess.py:93} INFO - 	found org.apache.hadoop#hadoop-aws;3.3.4 in central
[2025-06-16T09:23:08.561+0000] {subprocess.py:93} INFO - 	found com.amazonaws#aws-java-sdk-bundle;1.12.262 in central
[2025-06-16T09:23:08.617+0000] {subprocess.py:93} INFO - 	found org.wildfly.openssl#wildfly-openssl;1.0.7.Final in central
[2025-06-16T09:23:08.652+0000] {subprocess.py:93} INFO - :: resolution report :: resolve 673ms :: artifacts dl 12ms
[2025-06-16T09:23:08.653+0000] {subprocess.py:93} INFO - 	:: modules in use:
[2025-06-16T09:23:08.654+0000] {subprocess.py:93} INFO - 	com.amazonaws#aws-java-sdk-bundle;1.12.262 from central in [default]
[2025-06-16T09:23:08.655+0000] {subprocess.py:93} INFO - 	org.apache.hadoop#hadoop-aws;3.3.4 from central in [default]
[2025-06-16T09:23:08.656+0000] {subprocess.py:93} INFO - 	org.wildfly.openssl#wildfly-openssl;1.0.7.Final from central in [default]
[2025-06-16T09:23:08.660+0000] {subprocess.py:93} INFO - 	---------------------------------------------------------------------
[2025-06-16T09:23:08.660+0000] {subprocess.py:93} INFO - 	|                  |            modules            ||   artifacts   |
[2025-06-16T09:23:08.661+0000] {subprocess.py:93} INFO - 	|       conf       | number| search|dwnlded|evicted|| number|dwnlded|
[2025-06-16T09:23:08.662+0000] {subprocess.py:93} INFO - 	---------------------------------------------------------------------
[2025-06-16T09:23:08.663+0000] {subprocess.py:93} INFO - 	|      default     |   3   |   0   |   0   |   0   ||   3   |   0   |
[2025-06-16T09:23:08.664+0000] {subprocess.py:93} INFO - 	---------------------------------------------------------------------
[2025-06-16T09:23:08.669+0000] {subprocess.py:93} INFO - :: retrieving :: org.apache.spark#spark-submit-parent-920efead-4dd7-4c6d-a118-73e810d7b45e
[2025-06-16T09:23:08.672+0000] {subprocess.py:93} INFO - 	confs: [default]
[2025-06-16T09:23:08.673+0000] {subprocess.py:93} INFO - 	0 artifacts copied, 3 already retrieved (0kB/12ms)
[2025-06-16T09:23:09.232+0000] {subprocess.py:93} INFO - 25/06/16 09:23:09 WARN NativeCodeLoader: Unable to load native-hadoop library for your platform... using builtin-java classes where applicable
[2025-06-16T09:23:09.727+0000] {subprocess.py:93} INFO - Using Spark's default log4j profile: org/apache/spark/log4j2-defaults.properties
[2025-06-16T09:23:09.741+0000] {subprocess.py:93} INFO - Setting default log level to "WARN".
[2025-06-16T09:23:09.747+0000] {subprocess.py:93} INFO - To adjust logging level use sc.setLogLevel(newLevel). For SparkR, use setLogLevel(newLevel).
[2025-06-16T09:23:23.211+0000] {subprocess.py:93} INFO - 2025-06-16 09:23:23,211 - INFO - Sessão Spark criada com sucesso.
[2025-06-16T09:23:23.212+0000] {subprocess.py:93} INFO - 2025-06-16 09:23:23,211 - INFO - AVISO: Criando um DataFrame de exemplo para demonstração.
[2025-06-16T09:23:25.625+0000] {subprocess.py:93} INFO - 2025-06-16 09:23:25,625 - INFO - DataFrame de exemplo criado com sucesso.
[2025-06-16T09:23:25.626+0000] {subprocess.py:93} INFO - 2025-06-16 09:23:25,626 - INFO - Processando para a camada Trusted (Silver)...
[2025-06-16T09:23:26.338+0000] {subprocess.py:93} INFO - 25/06/16 09:23:26 WARN MetricsConfig: Cannot locate configuration: tried hadoop-metrics2-s3a-file-system.properties,hadoop-metrics2.properties
[2025-06-16T09:23:26.380+0000] {subprocess.py:93} INFO - 25/06/16 09:23:26 WARN FileSystem: Failed to initialize filesystem s3a://silver/vendas_olist: java.lang.NumberFormatException: For input string: "60s"
[2025-06-16T09:23:26.423+0000] {subprocess.py:93} INFO - 2025-06-16 09:23:26,416 - ERROR - Erro durante o processamento: For input string: "60s"
[2025-06-16T09:23:26.424+0000] {subprocess.py:93} INFO - Traceback (most recent call last):
[2025-06-16T09:23:26.425+0000] {subprocess.py:93} INFO -   File "/opt/airflow/scripts/examples/12-processa_vendas.py", line 51, in process_sales_data
[2025-06-16T09:23:26.426+0000] {subprocess.py:93} INFO -     df_trusted.write.mode("overwrite").parquet(output_path_trusted)
[2025-06-16T09:23:26.426+0000] {subprocess.py:93} INFO -   File "/home/airflow/.local/lib/python3.11/site-packages/pyspark/sql/readwriter.py", line 2003, in parquet
[2025-06-16T09:23:26.427+0000] {subprocess.py:93} INFO -     self._jwrite.parquet(path)
[2025-06-16T09:23:26.428+0000] {subprocess.py:93} INFO -   File "/home/airflow/.local/lib/python3.11/site-packages/py4j/java_gateway.py", line 1362, in __call__
[2025-06-16T09:23:26.429+0000] {subprocess.py:93} INFO -     return_value = get_return_value(
[2025-06-16T09:23:26.430+0000] {subprocess.py:93} INFO -                    ^^^^^^^^^^^^^^^^^
[2025-06-16T09:23:26.432+0000] {subprocess.py:93} INFO -   File "/home/airflow/.local/lib/python3.11/site-packages/pyspark/errors/exceptions/captured.py", line 288, in deco
[2025-06-16T09:23:26.433+0000] {subprocess.py:93} INFO -     raise converted from None
[2025-06-16T09:23:26.435+0000] {subprocess.py:93} INFO - pyspark.errors.exceptions.captured.NumberFormatException: For input string: "60s"
[2025-06-16T09:23:26.436+0000] {subprocess.py:93} INFO - 2025-06-16 09:23:26,423 - INFO - Sessão Spark encerrada.
[2025-06-16T09:23:27.108+0000] {subprocess.py:93} INFO - Traceback (most recent call last):
[2025-06-16T09:23:27.109+0000] {subprocess.py:93} INFO -   File "/opt/airflow/scripts/examples/12-processa_vendas.py", line 94, in <module>
[2025-06-16T09:23:27.115+0000] {subprocess.py:93} INFO -     main()
[2025-06-16T09:23:27.116+0000] {subprocess.py:93} INFO -   File "/opt/airflow/scripts/examples/12-processa_vendas.py", line 85, in main
[2025-06-16T09:23:27.122+0000] {subprocess.py:93} INFO -     process_sales_data(spark, caminho_trusted, caminho_refined)
[2025-06-16T09:23:27.123+0000] {subprocess.py:93} INFO -   File "/opt/airflow/scripts/examples/12-processa_vendas.py", line 51, in process_sales_data
[2025-06-16T09:23:27.129+0000] {subprocess.py:93} INFO -     df_trusted.write.mode("overwrite").parquet(output_path_trusted)
[2025-06-16T09:23:27.129+0000] {subprocess.py:93} INFO -   File "/home/airflow/.local/lib/python3.11/site-packages/pyspark/sql/readwriter.py", line 2003, in parquet
[2025-06-16T09:23:27.130+0000] {subprocess.py:93} INFO -     self._jwrite.parquet(path)
[2025-06-16T09:23:27.132+0000] {subprocess.py:93} INFO -   File "/home/airflow/.local/lib/python3.11/site-packages/py4j/java_gateway.py", line 1362, in __call__
[2025-06-16T09:23:27.133+0000] {subprocess.py:93} INFO -     return_value = get_return_value(
[2025-06-16T09:23:27.134+0000] {subprocess.py:93} INFO -                    ^^^^^^^^^^^^^^^^^
[2025-06-16T09:23:27.135+0000] {subprocess.py:93} INFO -   File "/home/airflow/.local/lib/python3.11/site-packages/pyspark/errors/exceptions/captured.py", line 288, in deco
[2025-06-16T09:23:27.136+0000] {subprocess.py:93} INFO -     raise converted from None
[2025-06-16T09:23:27.137+0000] {subprocess.py:93} INFO - pyspark.errors.exceptions.captured.NumberFormatException: For input string: "60s"
[2025-06-16T09:23:27.138+0000] {subprocess.py:93} INFO - 2025-06-16 09:23:27,134 - INFO - Closing down clientserver connection
[2025-06-16T09:23:27.750+0000] {subprocess.py:97} INFO - Command exited with return code 1
[2025-06-16T09:23:27.751+0000] {taskinstance.py:441} INFO - ::group::Post task execution logs
[2025-06-16T09:23:27.775+0000] {taskinstance.py:2905} ERROR - Task failed with exception
Traceback (most recent call last):
  File "/home/airflow/.local/lib/python3.11/site-packages/airflow/models/taskinstance.py", line 465, in _execute_task
    result = _execute_callable(context=context, **execute_callable_kwargs)
             ^^^^^^^^^^^^^^^^^^^^^^^^^^^^^^^^^^^^^^^^^^^^^^^^^^^^^^^^^^^^^
  File "/home/airflow/.local/lib/python3.11/site-packages/airflow/models/taskinstance.py", line 432, in _execute_callable
    return execute_callable(context=context, **execute_callable_kwargs)
           ^^^^^^^^^^^^^^^^^^^^^^^^^^^^^^^^^^^^^^^^^^^^^^^^^^^^^^^^^^^^
  File "/home/airflow/.local/lib/python3.11/site-packages/airflow/models/baseoperator.py", line 401, in wrapper
    return func(self, *args, **kwargs)
           ^^^^^^^^^^^^^^^^^^^^^^^^^^^
  File "/home/airflow/.local/lib/python3.11/site-packages/airflow/operators/bash.py", line 243, in execute
    raise AirflowException(
airflow.exceptions.AirflowException: Bash command failed. The command returned a non-zero exit code 1.
[2025-06-16T09:23:27.781+0000] {taskinstance.py:1206} INFO - Marking task as FAILED. dag_id=dag_04_processamento_spark_seguro_v1, task_id=submeter_job_spark_seguro, run_id=manual__2025-06-16T09:19:02.342145+00:00, execution_date=20250616T091902, start_date=20250616T092302, end_date=20250616T092327
[2025-06-16T09:23:27.804+0000] {standard_task_runner.py:110} ERROR - Failed to execute job 5 for task submeter_job_spark_seguro (Bash command failed. The command returned a non-zero exit code 1.; 910)
[2025-06-16T09:23:27.833+0000] {local_task_job_runner.py:240} INFO - Task exited with return code 1
[2025-06-16T09:23:27.863+0000] {taskinstance.py:3503} INFO - 0 downstream tasks scheduled from follow-on schedule check
[2025-06-16T09:23:27.866+0000] {local_task_job_runner.py:222} INFO - ::endgroup::
