[2025-06-16T11:01:26.290+0000] {local_task_job_runner.py:120} INFO - ::group::Pre task execution logs
[2025-06-16T11:01:26.378+0000] {taskinstance.py:2076} INFO - Dependencies all met for dep_context=non-requeueable deps ti=<TaskInstance: dag_04_processamento_spark_seguro_v1.submeter_job_spark_seguro manual__2025-06-16T11:01:20.181364+00:00 [queued]>
[2025-06-16T11:01:26.390+0000] {taskinstance.py:2076} INFO - Dependencies all met for dep_context=requeueable deps ti=<TaskInstance: dag_04_processamento_spark_seguro_v1.submeter_job_spark_seguro manual__2025-06-16T11:01:20.181364+00:00 [queued]>
[2025-06-16T11:01:26.391+0000] {taskinstance.py:2306} INFO - Starting attempt 1 of 1
[2025-06-16T11:01:26.411+0000] {taskinstance.py:2330} INFO - Executing <Task(BashOperator): submeter_job_spark_seguro> on 2025-06-16 11:01:20.181364+00:00
[2025-06-16T11:01:26.420+0000] {standard_task_runner.py:63} INFO - Started process 750 to run task
[2025-06-16T11:01:26.426+0000] {standard_task_runner.py:90} INFO - Running: ['airflow', 'tasks', 'run', 'dag_04_processamento_spark_seguro_v1', 'submeter_job_spark_seguro', 'manual__2025-06-16T11:01:20.181364+00:00', '--job-id', '6', '--raw', '--subdir', 'DAGS_FOLDER/dag_04_processamento_spark_seguro_v1.py', '--cfg-path', '/tmp/tmp6624pp4i']
[2025-06-16T11:01:26.431+0000] {standard_task_runner.py:91} INFO - Job 6: Subtask submeter_job_spark_seguro
[2025-06-16T11:01:26.548+0000] {task_command.py:426} INFO - Running <TaskInstance: dag_04_processamento_spark_seguro_v1.submeter_job_spark_seguro manual__2025-06-16T11:01:20.181364+00:00 [running]> on host f1202155c8c9
[2025-06-16T11:01:26.767+0000] {taskinstance.py:2648} INFO - Exporting env vars: AIRFLOW_CTX_DAG_OWNER='airflow' AIRFLOW_CTX_DAG_ID='dag_04_processamento_spark_seguro_v1' AIRFLOW_CTX_TASK_ID='submeter_job_spark_seguro' AIRFLOW_CTX_EXECUTION_DATE='2025-06-16T11:01:20.181364+00:00' AIRFLOW_CTX_TRY_NUMBER='1' AIRFLOW_CTX_DAG_RUN_ID='manual__2025-06-16T11:01:20.181364+00:00'
[2025-06-16T11:01:26.768+0000] {taskinstance.py:430} INFO - ::endgroup::
[2025-06-16T11:01:26.801+0000] {subprocess.py:63} INFO - Tmp dir root location: /tmp
[2025-06-16T11:01:26.803+0000] {subprocess.py:75} INFO - Running command: ['/usr/bin/bash', '-c', 'export PATH="/home/airflow/.local/bin:${PATH}" && spark-submit --jars /opt/airflow/jars/hadoop-aws-3.3.1.jar,/opt/airflow/jars/aws-java-sdk-bundle-1.11.901.jar /opt/airflow/scripts/examples/12-processa_vendas.py']
[2025-06-16T11:01:26.821+0000] {subprocess.py:86} INFO - Output:
[2025-06-16T11:01:27.486+0000] {subprocess.py:93} INFO - WARNING: Using incubator modules: jdk.incubator.vector
[2025-06-16T11:01:30.597+0000] {subprocess.py:93} INFO - 25/06/16 11:01:30 WARN NativeCodeLoader: Unable to load native-hadoop library for your platform... using builtin-java classes where applicable
[2025-06-16T11:01:36.497+0000] {subprocess.py:93} INFO - [[34m2025-06-16T11:01:36.496+0000[0m] {[34m12-processa_vendas.py:[0m82} INFO[0m - === Iniciando Pipeline de Processamento de Vendas ===[0m
[2025-06-16T11:01:36.498+0000] {subprocess.py:93} INFO - [[34m2025-06-16T11:01:36.497+0000[0m] {[34m12-processa_vendas.py:[0m89} ERROR[0m - Erro Fatal: SECURITY_VAULT_SECRET_KEY não encontrada nas variáveis de ambiente.[0m
[2025-06-16T11:01:37.023+0000] {subprocess.py:93} INFO - 25/06/16 11:01:37 INFO ShutdownHookManager: Shutdown hook called
[2025-06-16T11:01:37.030+0000] {subprocess.py:93} INFO - 25/06/16 11:01:37 INFO ShutdownHookManager: Deleting directory /tmp/spark-99ab2711-863e-4b19-8d50-b3a705f7a71d
[2025-06-16T11:01:37.096+0000] {subprocess.py:97} INFO - Command exited with return code 0
[2025-06-16T11:01:37.098+0000] {taskinstance.py:441} INFO - ::group::Post task execution logs
[2025-06-16T11:01:37.156+0000] {taskinstance.py:1206} INFO - Marking task as SUCCESS. dag_id=dag_04_processamento_spark_seguro_v1, task_id=submeter_job_spark_seguro, run_id=manual__2025-06-16T11:01:20.181364+00:00, execution_date=20250616T110120, start_date=20250616T110126, end_date=20250616T110137
[2025-06-16T11:01:37.226+0000] {local_task_job_runner.py:240} INFO - Task exited with return code 0
[2025-06-16T11:01:37.256+0000] {taskinstance.py:3503} INFO - 0 downstream tasks scheduled from follow-on schedule check
[2025-06-16T11:01:37.261+0000] {local_task_job_runner.py:222} INFO - ::endgroup::
